[2024-01-27T03:16:25.595+0000] {taskinstance.py:1103} INFO - Dependencies all met for dep_context=non-requeueable deps ti=<TaskInstance: extract_dag.extract_task manual__2024-01-27T03:16:22.275361+00:00 [queued]>
[2024-01-27T03:16:25.600+0000] {taskinstance.py:1103} INFO - Dependencies all met for dep_context=requeueable deps ti=<TaskInstance: extract_dag.extract_task manual__2024-01-27T03:16:22.275361+00:00 [queued]>
[2024-01-27T03:16:25.600+0000] {taskinstance.py:1308} INFO - Starting attempt 1 of 1
[2024-01-27T03:16:25.632+0000] {taskinstance.py:1327} INFO - Executing <Task(BashOperator): extract_task> on 2024-01-27 03:16:22.275361+00:00
[2024-01-27T03:16:25.637+0000] {standard_task_runner.py:57} INFO - Started process 9143 to run task
[2024-01-27T03:16:25.643+0000] {standard_task_runner.py:84} INFO - Running: ['airflow', 'tasks', 'run', 'extract_dag', 'extract_task', 'manual__2024-01-27T03:16:22.275361+00:00', '--job-id', '7', '--raw', '--subdir', 'DAGS_FOLDER/extract_nsdq.py', '--cfg-path', '/tmp/tmppc1n5v9b']
[2024-01-27T03:16:25.643+0000] {standard_task_runner.py:85} INFO - Job 7: Subtask extract_task
[2024-01-27T03:16:25.688+0000] {task_command.py:410} INFO - Running <TaskInstance: extract_dag.extract_task manual__2024-01-27T03:16:22.275361+00:00 [running]> on host codespaces-ca3784
[2024-01-27T03:16:25.788+0000] {taskinstance.py:1545} INFO - Exporting env vars: AIRFLOW_CTX_DAG_OWNER='airflow' AIRFLOW_CTX_DAG_ID='extract_dag' AIRFLOW_CTX_TASK_ID='extract_task' AIRFLOW_CTX_EXECUTION_DATE='2024-01-27T03:16:22.275361+00:00' AIRFLOW_CTX_TRY_NUMBER='1' AIRFLOW_CTX_DAG_RUN_ID='manual__2024-01-27T03:16:22.275361+00:00'
[2024-01-27T03:16:25.789+0000] {subprocess.py:63} INFO - Tmp dir root location: /tmp
[2024-01-27T03:16:25.790+0000] {subprocess.py:75} INFO - Running command: ['/usr/bin/bash', '-c', 'wget -c https://data.nasdaq.com/api/v3/datasets/WIKI/AAPL.csv -O /workspaces/hands-on-introduction-data-engineering-4395021/lab/extract-nsdq.csv']
[2024-01-27T03:16:25.796+0000] {subprocess.py:86} INFO - Output:
[2024-01-27T03:16:25.863+0000] {subprocess.py:93} INFO - --2024-01-27 03:16:25--  https://data.nasdaq.com/api/v3/datasets/WIKI/AAPL.csv
[2024-01-27T03:16:25.909+0000] {subprocess.py:93} INFO - Resolving data.nasdaq.com (data.nasdaq.com)... 45.60.150.18
[2024-01-27T03:16:25.918+0000] {subprocess.py:93} INFO - Connecting to data.nasdaq.com (data.nasdaq.com)|45.60.150.18|:443... connected.
[2024-01-27T03:16:28.385+0000] {subprocess.py:93} INFO - HTTP request sent, awaiting response... 200 OK
[2024-01-27T03:16:28.386+0000] {subprocess.py:93} INFO - Length: unspecified [text/csv]
[2024-01-27T03:16:28.386+0000] {subprocess.py:93} INFO - Saving to: ‘/workspaces/hands-on-introduction-data-engineering-4395021/lab/extract-nsdq.csv’
[2024-01-27T03:16:28.386+0000] {subprocess.py:93} INFO - 
[2024-01-27T03:16:28.522+0000] {subprocess.py:93} INFO -      0K .......... .......... .......... .......... ..........  366K
[2024-01-27T03:16:28.536+0000] {subprocess.py:93} INFO -     50K .......... .......... .......... .......... .......... 3.42M
[2024-01-27T03:16:28.570+0000] {subprocess.py:93} INFO -    100K .......... .......... .......... .......... .......... 1.46M
[2024-01-27T03:16:28.578+0000] {subprocess.py:93} INFO -    150K .......... .......... .......... .......... .......... 6.29M
[2024-01-27T03:16:28.612+0000] {subprocess.py:93} INFO -    200K .......... .......... .......... .......... .......... 1.43M
[2024-01-27T03:16:28.628+0000] {subprocess.py:93} INFO -    250K .......... .......... .......... .......... .......... 2.95M
[2024-01-27T03:16:28.645+0000] {subprocess.py:93} INFO -    300K .......... .......... .......... .......... .......... 3.02M
[2024-01-27T03:16:28.667+0000] {subprocess.py:93} INFO -    350K .......... .......... .......... .......... .......... 2.30M
[2024-01-27T03:16:28.679+0000] {subprocess.py:93} INFO -    400K .......... .......... .......... .......... .......... 3.82M
[2024-01-27T03:16:28.680+0000] {subprocess.py:93} INFO -    450K .......... .......... .......... .......... .......... 40.7M
[2024-01-27T03:16:28.680+0000] {subprocess.py:93} INFO -    500K .......... .......... .......... .......... .......... 71.7M
[2024-01-27T03:16:28.686+0000] {subprocess.py:93} INFO -    550K .......... .......... .......... .......... .......... 8.24M
[2024-01-27T03:16:28.707+0000] {subprocess.py:93} INFO -    600K .......... .......... .......... .......... .......... 2.36M
[2024-01-27T03:16:28.710+0000] {subprocess.py:93} INFO -    650K .......... .......... .......... .......... .......... 18.9M
[2024-01-27T03:16:28.710+0000] {subprocess.py:93} INFO -    700K .......... .......... .......... .......... ..........  103M
[2024-01-27T03:16:28.711+0000] {subprocess.py:93} INFO -    750K .......... .......... .......... .......... .......... 82.2M
[2024-01-27T03:16:28.711+0000] {subprocess.py:93} INFO -    800K .......... .......... .......... .......... ..........  110M
[2024-01-27T03:16:28.734+0000] {subprocess.py:93} INFO -    850K .......... .......... .......... .......... .......... 2.20M
[2024-01-27T03:16:28.734+0000] {subprocess.py:93} INFO -    900K .......... .......... .......... .......... ..........  107M
[2024-01-27T03:16:28.734+0000] {subprocess.py:93} INFO -    950K .......... .......... .......... .......... ..........  106M
[2024-01-27T03:16:28.735+0000] {subprocess.py:93} INFO -   1000K .......... .......... .......... .......... ..........  115M
[2024-01-27T03:16:28.735+0000] {subprocess.py:93} INFO -   1050K .......... .......... .......... .......... ..........  117M
[2024-01-27T03:16:28.736+0000] {subprocess.py:93} INFO -   1100K .......... .......... .......... .......... ..........  100M
[2024-01-27T03:16:28.736+0000] {subprocess.py:93} INFO -   1150K .......... .......... .......... .                     84.0M=0.4s
[2024-01-27T03:16:28.736+0000] {subprocess.py:93} INFO - 
[2024-01-27T03:16:28.736+0000] {subprocess.py:93} INFO - 2024-01-27 03:16:28 (3.29 MB/s) - ‘/workspaces/hands-on-introduction-data-engineering-4395021/lab/extract-nsdq.csv’ saved [1209661]
[2024-01-27T03:16:28.737+0000] {subprocess.py:93} INFO - 
[2024-01-27T03:16:28.737+0000] {subprocess.py:97} INFO - Command exited with return code 0
[2024-01-27T03:16:28.784+0000] {taskinstance.py:1345} INFO - Marking task as SUCCESS. dag_id=extract_dag, task_id=extract_task, execution_date=20240127T031622, start_date=20240127T031625, end_date=20240127T031628
[2024-01-27T03:16:28.861+0000] {local_task_job_runner.py:225} INFO - Task exited with return code 0
[2024-01-27T03:16:28.870+0000] {taskinstance.py:2653} INFO - 0 downstream tasks scheduled from follow-on schedule check
