[2024-01-27T02:20:00.467+0000] {processor.py:157} INFO - Started process (PID=7112) to work on /usr/local/python/3.10.13/lib/python3.10/site-packages/airflow/example_dags/example_short_circuit_decorator.py
[2024-01-27T02:20:00.468+0000] {processor.py:826} INFO - Processing file /usr/local/python/3.10.13/lib/python3.10/site-packages/airflow/example_dags/example_short_circuit_decorator.py for tasks to queue
[2024-01-27T02:20:00.468+0000] {logging_mixin.py:150} INFO - [2024-01-27T02:20:00.468+0000] {dagbag.py:541} INFO - Filling up the DagBag from /usr/local/python/3.10.13/lib/python3.10/site-packages/airflow/example_dags/example_short_circuit_decorator.py
[2024-01-27T02:20:00.476+0000] {processor.py:836} INFO - DAG(s) dict_keys(['example_short_circuit_decorator']) retrieved from /usr/local/python/3.10.13/lib/python3.10/site-packages/airflow/example_dags/example_short_circuit_decorator.py
[2024-01-27T02:20:00.638+0000] {logging_mixin.py:150} INFO - [2024-01-27T02:20:00.637+0000] {manager.py:504} INFO - Created Permission View: can read on DAG:example_short_circuit_decorator
[2024-01-27T02:20:00.672+0000] {logging_mixin.py:150} INFO - [2024-01-27T02:20:00.672+0000] {manager.py:504} INFO - Created Permission View: can delete on DAG:example_short_circuit_decorator
[2024-01-27T02:20:00.706+0000] {logging_mixin.py:150} INFO - [2024-01-27T02:20:00.706+0000] {manager.py:504} INFO - Created Permission View: can edit on DAG:example_short_circuit_decorator
[2024-01-27T02:20:00.717+0000] {logging_mixin.py:150} INFO - [2024-01-27T02:20:00.717+0000] {dag.py:2742} INFO - Sync 1 DAGs
[2024-01-27T02:20:00.760+0000] {logging_mixin.py:150} INFO - [2024-01-27T02:20:00.760+0000] {dag.py:2763} INFO - Creating ORM DAG for example_short_circuit_decorator
[2024-01-27T02:20:00.768+0000] {logging_mixin.py:150} INFO - [2024-01-27T02:20:00.768+0000] {dag.py:3504} INFO - Setting next_dagrun for example_short_circuit_decorator to 2024-01-26T02:20:00.768159+00:00, run_after=2024-01-27T02:20:00.768159+00:00
[2024-01-27T02:20:00.814+0000] {processor.py:179} INFO - Processing /usr/local/python/3.10.13/lib/python3.10/site-packages/airflow/example_dags/example_short_circuit_decorator.py took 0.349 seconds
[2024-01-27T02:20:57.233+0000] {processor.py:157} INFO - Started process (PID=7966) to work on /usr/local/python/3.10.13/lib/python3.10/site-packages/airflow/example_dags/example_short_circuit_decorator.py
[2024-01-27T02:20:57.235+0000] {processor.py:826} INFO - Processing file /usr/local/python/3.10.13/lib/python3.10/site-packages/airflow/example_dags/example_short_circuit_decorator.py for tasks to queue
[2024-01-27T02:20:57.242+0000] {logging_mixin.py:150} INFO - [2024-01-27T02:20:57.236+0000] {dagbag.py:541} INFO - Filling up the DagBag from /usr/local/python/3.10.13/lib/python3.10/site-packages/airflow/example_dags/example_short_circuit_decorator.py
[2024-01-27T02:20:57.303+0000] {processor.py:836} INFO - DAG(s) dict_keys(['example_short_circuit_decorator']) retrieved from /usr/local/python/3.10.13/lib/python3.10/site-packages/airflow/example_dags/example_short_circuit_decorator.py
[2024-01-27T02:20:57.369+0000] {logging_mixin.py:150} INFO - [2024-01-27T02:20:57.363+0000] {dag.py:2742} INFO - Sync 1 DAGs
[2024-01-27T02:20:57.477+0000] {logging_mixin.py:150} INFO - [2024-01-27T02:20:57.477+0000] {dag.py:3504} INFO - Setting next_dagrun for example_short_circuit_decorator to 2024-01-26T02:20:57.477039+00:00, run_after=2024-01-27T02:20:57.477039+00:00
[2024-01-27T02:20:57.599+0000] {processor.py:179} INFO - Processing /usr/local/python/3.10.13/lib/python3.10/site-packages/airflow/example_dags/example_short_circuit_decorator.py took 0.371 seconds
[2024-01-27T02:21:49.453+0000] {processor.py:157} INFO - Started process (PID=8352) to work on /usr/local/python/3.10.13/lib/python3.10/site-packages/airflow/example_dags/example_short_circuit_decorator.py
[2024-01-27T02:21:49.454+0000] {processor.py:826} INFO - Processing file /usr/local/python/3.10.13/lib/python3.10/site-packages/airflow/example_dags/example_short_circuit_decorator.py for tasks to queue
[2024-01-27T02:21:49.455+0000] {logging_mixin.py:150} INFO - [2024-01-27T02:21:49.455+0000] {dagbag.py:541} INFO - Filling up the DagBag from /usr/local/python/3.10.13/lib/python3.10/site-packages/airflow/example_dags/example_short_circuit_decorator.py
[2024-01-27T02:21:49.462+0000] {processor.py:836} INFO - DAG(s) dict_keys(['example_short_circuit_decorator']) retrieved from /usr/local/python/3.10.13/lib/python3.10/site-packages/airflow/example_dags/example_short_circuit_decorator.py
[2024-01-27T02:21:49.476+0000] {logging_mixin.py:150} INFO - [2024-01-27T02:21:49.476+0000] {dag.py:2742} INFO - Sync 1 DAGs
[2024-01-27T02:21:49.491+0000] {logging_mixin.py:150} INFO - [2024-01-27T02:21:49.491+0000] {dag.py:3504} INFO - Setting next_dagrun for example_short_circuit_decorator to 2024-01-26T02:21:49.491362+00:00, run_after=2024-01-27T02:21:49.491362+00:00
[2024-01-27T02:21:49.536+0000] {processor.py:179} INFO - Processing /usr/local/python/3.10.13/lib/python3.10/site-packages/airflow/example_dags/example_short_circuit_decorator.py took 0.085 seconds
[2024-01-27T02:22:33.754+0000] {processor.py:157} INFO - Started process (PID=8668) to work on /usr/local/python/3.10.13/lib/python3.10/site-packages/airflow/example_dags/example_short_circuit_decorator.py
[2024-01-27T02:22:33.754+0000] {processor.py:826} INFO - Processing file /usr/local/python/3.10.13/lib/python3.10/site-packages/airflow/example_dags/example_short_circuit_decorator.py for tasks to queue
[2024-01-27T02:22:33.755+0000] {logging_mixin.py:150} INFO - [2024-01-27T02:22:33.755+0000] {dagbag.py:541} INFO - Filling up the DagBag from /usr/local/python/3.10.13/lib/python3.10/site-packages/airflow/example_dags/example_short_circuit_decorator.py
[2024-01-27T02:22:33.763+0000] {processor.py:836} INFO - DAG(s) dict_keys(['example_short_circuit_decorator']) retrieved from /usr/local/python/3.10.13/lib/python3.10/site-packages/airflow/example_dags/example_short_circuit_decorator.py
[2024-01-27T02:22:33.777+0000] {logging_mixin.py:150} INFO - [2024-01-27T02:22:33.777+0000] {dag.py:2742} INFO - Sync 1 DAGs
[2024-01-27T02:22:33.792+0000] {logging_mixin.py:150} INFO - [2024-01-27T02:22:33.792+0000] {dag.py:3504} INFO - Setting next_dagrun for example_short_circuit_decorator to 2024-01-26T02:22:33.792238+00:00, run_after=2024-01-27T02:22:33.792238+00:00
[2024-01-27T02:22:33.830+0000] {processor.py:179} INFO - Processing /usr/local/python/3.10.13/lib/python3.10/site-packages/airflow/example_dags/example_short_circuit_decorator.py took 0.079 seconds
[2024-01-27T02:23:24.754+0000] {processor.py:157} INFO - Started process (PID=9150) to work on /usr/local/python/3.10.13/lib/python3.10/site-packages/airflow/example_dags/example_short_circuit_decorator.py
[2024-01-27T02:23:24.755+0000] {processor.py:826} INFO - Processing file /usr/local/python/3.10.13/lib/python3.10/site-packages/airflow/example_dags/example_short_circuit_decorator.py for tasks to queue
[2024-01-27T02:23:24.756+0000] {logging_mixin.py:150} INFO - [2024-01-27T02:23:24.756+0000] {dagbag.py:541} INFO - Filling up the DagBag from /usr/local/python/3.10.13/lib/python3.10/site-packages/airflow/example_dags/example_short_circuit_decorator.py
[2024-01-27T02:23:24.764+0000] {processor.py:836} INFO - DAG(s) dict_keys(['example_short_circuit_decorator']) retrieved from /usr/local/python/3.10.13/lib/python3.10/site-packages/airflow/example_dags/example_short_circuit_decorator.py
[2024-01-27T02:23:24.778+0000] {logging_mixin.py:150} INFO - [2024-01-27T02:23:24.778+0000] {dag.py:2742} INFO - Sync 1 DAGs
[2024-01-27T02:23:24.794+0000] {logging_mixin.py:150} INFO - [2024-01-27T02:23:24.794+0000] {dag.py:3504} INFO - Setting next_dagrun for example_short_circuit_decorator to 2024-01-26T02:23:24.794445+00:00, run_after=2024-01-27T02:23:24.794445+00:00
[2024-01-27T02:23:24.832+0000] {processor.py:179} INFO - Processing /usr/local/python/3.10.13/lib/python3.10/site-packages/airflow/example_dags/example_short_circuit_decorator.py took 0.080 seconds
