[2024-01-27T02:19:56.848+0000] {processor.py:157} INFO - Started process (PID=7090) to work on /usr/local/python/3.10.13/lib/python3.10/site-packages/airflow/example_dags/example_time_delta_sensor_async.py
[2024-01-27T02:19:56.849+0000] {processor.py:826} INFO - Processing file /usr/local/python/3.10.13/lib/python3.10/site-packages/airflow/example_dags/example_time_delta_sensor_async.py for tasks to queue
[2024-01-27T02:19:56.850+0000] {logging_mixin.py:150} INFO - [2024-01-27T02:19:56.850+0000] {dagbag.py:541} INFO - Filling up the DagBag from /usr/local/python/3.10.13/lib/python3.10/site-packages/airflow/example_dags/example_time_delta_sensor_async.py
[2024-01-27T02:19:56.854+0000] {processor.py:836} INFO - DAG(s) dict_keys(['example_time_delta_sensor_async']) retrieved from /usr/local/python/3.10.13/lib/python3.10/site-packages/airflow/example_dags/example_time_delta_sensor_async.py
[2024-01-27T02:19:56.995+0000] {logging_mixin.py:150} INFO - [2024-01-27T02:19:56.995+0000] {manager.py:504} INFO - Created Permission View: can read on DAG:example_time_delta_sensor_async
[2024-01-27T02:19:57.028+0000] {logging_mixin.py:150} INFO - [2024-01-27T02:19:57.027+0000] {manager.py:504} INFO - Created Permission View: can delete on DAG:example_time_delta_sensor_async
[2024-01-27T02:19:57.060+0000] {logging_mixin.py:150} INFO - [2024-01-27T02:19:57.059+0000] {manager.py:504} INFO - Created Permission View: can edit on DAG:example_time_delta_sensor_async
[2024-01-27T02:19:57.075+0000] {logging_mixin.py:150} INFO - [2024-01-27T02:19:57.075+0000] {dag.py:2742} INFO - Sync 1 DAGs
[2024-01-27T02:19:57.084+0000] {logging_mixin.py:150} INFO - [2024-01-27T02:19:57.084+0000] {dag.py:2763} INFO - Creating ORM DAG for example_time_delta_sensor_async
[2024-01-27T02:19:57.092+0000] {logging_mixin.py:150} INFO - [2024-01-27T02:19:57.092+0000] {dag.py:3504} INFO - Setting next_dagrun for example_time_delta_sensor_async to None, run_after=None
[2024-01-27T02:19:57.142+0000] {processor.py:179} INFO - Processing /usr/local/python/3.10.13/lib/python3.10/site-packages/airflow/example_dags/example_time_delta_sensor_async.py took 0.296 seconds
[2024-01-27T02:20:53.132+0000] {processor.py:157} INFO - Started process (PID=7880) to work on /usr/local/python/3.10.13/lib/python3.10/site-packages/airflow/example_dags/example_time_delta_sensor_async.py
[2024-01-27T02:20:53.133+0000] {processor.py:826} INFO - Processing file /usr/local/python/3.10.13/lib/python3.10/site-packages/airflow/example_dags/example_time_delta_sensor_async.py for tasks to queue
[2024-01-27T02:20:53.134+0000] {logging_mixin.py:150} INFO - [2024-01-27T02:20:53.134+0000] {dagbag.py:541} INFO - Filling up the DagBag from /usr/local/python/3.10.13/lib/python3.10/site-packages/airflow/example_dags/example_time_delta_sensor_async.py
[2024-01-27T02:20:53.144+0000] {processor.py:836} INFO - DAG(s) dict_keys(['example_time_delta_sensor_async']) retrieved from /usr/local/python/3.10.13/lib/python3.10/site-packages/airflow/example_dags/example_time_delta_sensor_async.py
[2024-01-27T02:20:53.318+0000] {logging_mixin.py:150} INFO - [2024-01-27T02:20:53.318+0000] {dag.py:2742} INFO - Sync 1 DAGs
[2024-01-27T02:20:53.367+0000] {logging_mixin.py:150} INFO - [2024-01-27T02:20:53.367+0000] {dag.py:3504} INFO - Setting next_dagrun for example_time_delta_sensor_async to None, run_after=None
[2024-01-27T02:20:53.427+0000] {processor.py:179} INFO - Processing /usr/local/python/3.10.13/lib/python3.10/site-packages/airflow/example_dags/example_time_delta_sensor_async.py took 0.301 seconds
[2024-01-27T02:21:44.268+0000] {processor.py:157} INFO - Started process (PID=8294) to work on /usr/local/python/3.10.13/lib/python3.10/site-packages/airflow/example_dags/example_time_delta_sensor_async.py
[2024-01-27T02:21:44.269+0000] {processor.py:826} INFO - Processing file /usr/local/python/3.10.13/lib/python3.10/site-packages/airflow/example_dags/example_time_delta_sensor_async.py for tasks to queue
[2024-01-27T02:21:44.270+0000] {logging_mixin.py:150} INFO - [2024-01-27T02:21:44.270+0000] {dagbag.py:541} INFO - Filling up the DagBag from /usr/local/python/3.10.13/lib/python3.10/site-packages/airflow/example_dags/example_time_delta_sensor_async.py
[2024-01-27T02:21:44.273+0000] {processor.py:836} INFO - DAG(s) dict_keys(['example_time_delta_sensor_async']) retrieved from /usr/local/python/3.10.13/lib/python3.10/site-packages/airflow/example_dags/example_time_delta_sensor_async.py
[2024-01-27T02:21:44.286+0000] {logging_mixin.py:150} INFO - [2024-01-27T02:21:44.286+0000] {dag.py:2742} INFO - Sync 1 DAGs
[2024-01-27T02:21:44.301+0000] {logging_mixin.py:150} INFO - [2024-01-27T02:21:44.301+0000] {dag.py:3504} INFO - Setting next_dagrun for example_time_delta_sensor_async to None, run_after=None
[2024-01-27T02:21:44.344+0000] {processor.py:179} INFO - Processing /usr/local/python/3.10.13/lib/python3.10/site-packages/airflow/example_dags/example_time_delta_sensor_async.py took 0.078 seconds
[2024-01-27T02:22:31.481+0000] {processor.py:157} INFO - Started process (PID=8659) to work on /usr/local/python/3.10.13/lib/python3.10/site-packages/airflow/example_dags/example_time_delta_sensor_async.py
[2024-01-27T02:22:31.482+0000] {processor.py:826} INFO - Processing file /usr/local/python/3.10.13/lib/python3.10/site-packages/airflow/example_dags/example_time_delta_sensor_async.py for tasks to queue
[2024-01-27T02:22:31.483+0000] {logging_mixin.py:150} INFO - [2024-01-27T02:22:31.482+0000] {dagbag.py:541} INFO - Filling up the DagBag from /usr/local/python/3.10.13/lib/python3.10/site-packages/airflow/example_dags/example_time_delta_sensor_async.py
[2024-01-27T02:22:31.486+0000] {processor.py:836} INFO - DAG(s) dict_keys(['example_time_delta_sensor_async']) retrieved from /usr/local/python/3.10.13/lib/python3.10/site-packages/airflow/example_dags/example_time_delta_sensor_async.py
[2024-01-27T02:22:31.498+0000] {logging_mixin.py:150} INFO - [2024-01-27T02:22:31.498+0000] {dag.py:2742} INFO - Sync 1 DAGs
[2024-01-27T02:22:31.513+0000] {logging_mixin.py:150} INFO - [2024-01-27T02:22:31.513+0000] {dag.py:3504} INFO - Setting next_dagrun for example_time_delta_sensor_async to None, run_after=None
[2024-01-27T02:22:31.559+0000] {processor.py:179} INFO - Processing /usr/local/python/3.10.13/lib/python3.10/site-packages/airflow/example_dags/example_time_delta_sensor_async.py took 0.080 seconds
[2024-01-27T02:23:21.563+0000] {processor.py:157} INFO - Started process (PID=9128) to work on /usr/local/python/3.10.13/lib/python3.10/site-packages/airflow/example_dags/example_time_delta_sensor_async.py
[2024-01-27T02:23:21.564+0000] {processor.py:826} INFO - Processing file /usr/local/python/3.10.13/lib/python3.10/site-packages/airflow/example_dags/example_time_delta_sensor_async.py for tasks to queue
[2024-01-27T02:23:21.564+0000] {logging_mixin.py:150} INFO - [2024-01-27T02:23:21.564+0000] {dagbag.py:541} INFO - Filling up the DagBag from /usr/local/python/3.10.13/lib/python3.10/site-packages/airflow/example_dags/example_time_delta_sensor_async.py
[2024-01-27T02:23:21.568+0000] {processor.py:836} INFO - DAG(s) dict_keys(['example_time_delta_sensor_async']) retrieved from /usr/local/python/3.10.13/lib/python3.10/site-packages/airflow/example_dags/example_time_delta_sensor_async.py
[2024-01-27T02:23:21.580+0000] {logging_mixin.py:150} INFO - [2024-01-27T02:23:21.580+0000] {dag.py:2742} INFO - Sync 1 DAGs
[2024-01-27T02:23:21.595+0000] {logging_mixin.py:150} INFO - [2024-01-27T02:23:21.595+0000] {dag.py:3504} INFO - Setting next_dagrun for example_time_delta_sensor_async to None, run_after=None
[2024-01-27T02:23:21.637+0000] {processor.py:179} INFO - Processing /usr/local/python/3.10.13/lib/python3.10/site-packages/airflow/example_dags/example_time_delta_sensor_async.py took 0.076 seconds
