[2024-01-27T02:19:46.440+0000] {processor.py:157} INFO - Started process (PID=6974) to work on /usr/local/python/3.10.13/lib/python3.10/site-packages/airflow/example_dags/example_task_group_decorator.py
[2024-01-27T02:19:46.441+0000] {processor.py:826} INFO - Processing file /usr/local/python/3.10.13/lib/python3.10/site-packages/airflow/example_dags/example_task_group_decorator.py for tasks to queue
[2024-01-27T02:19:46.442+0000] {logging_mixin.py:150} INFO - [2024-01-27T02:19:46.441+0000] {dagbag.py:541} INFO - Filling up the DagBag from /usr/local/python/3.10.13/lib/python3.10/site-packages/airflow/example_dags/example_task_group_decorator.py
[2024-01-27T02:19:46.458+0000] {processor.py:836} INFO - DAG(s) dict_keys(['example_task_group_decorator']) retrieved from /usr/local/python/3.10.13/lib/python3.10/site-packages/airflow/example_dags/example_task_group_decorator.py
[2024-01-27T02:19:46.664+0000] {logging_mixin.py:150} INFO - [2024-01-27T02:19:46.663+0000] {manager.py:504} INFO - Created Permission View: can read on DAG:example_task_group_decorator
[2024-01-27T02:19:46.695+0000] {logging_mixin.py:150} INFO - [2024-01-27T02:19:46.695+0000] {manager.py:504} INFO - Created Permission View: can delete on DAG:example_task_group_decorator
[2024-01-27T02:19:46.724+0000] {logging_mixin.py:150} INFO - [2024-01-27T02:19:46.723+0000] {manager.py:504} INFO - Created Permission View: can edit on DAG:example_task_group_decorator
[2024-01-27T02:19:46.732+0000] {logging_mixin.py:150} INFO - [2024-01-27T02:19:46.732+0000] {dag.py:2742} INFO - Sync 1 DAGs
[2024-01-27T02:19:46.747+0000] {logging_mixin.py:150} INFO - [2024-01-27T02:19:46.746+0000] {dag.py:2763} INFO - Creating ORM DAG for example_task_group_decorator
[2024-01-27T02:19:46.763+0000] {logging_mixin.py:150} INFO - [2024-01-27T02:19:46.762+0000] {dag.py:3504} INFO - Setting next_dagrun for example_task_group_decorator to 2024-01-26T02:19:46.762693+00:00, run_after=2024-01-27T02:19:46.762693+00:00
[2024-01-27T02:19:46.819+0000] {processor.py:179} INFO - Processing /usr/local/python/3.10.13/lib/python3.10/site-packages/airflow/example_dags/example_task_group_decorator.py took 0.382 seconds
[2024-01-27T02:20:42.363+0000] {processor.py:157} INFO - Started process (PID=7406) to work on /usr/local/python/3.10.13/lib/python3.10/site-packages/airflow/example_dags/example_task_group_decorator.py
[2024-01-27T02:20:42.364+0000] {processor.py:826} INFO - Processing file /usr/local/python/3.10.13/lib/python3.10/site-packages/airflow/example_dags/example_task_group_decorator.py for tasks to queue
[2024-01-27T02:20:42.364+0000] {logging_mixin.py:150} INFO - [2024-01-27T02:20:42.364+0000] {dagbag.py:541} INFO - Filling up the DagBag from /usr/local/python/3.10.13/lib/python3.10/site-packages/airflow/example_dags/example_task_group_decorator.py
[2024-01-27T02:20:42.377+0000] {processor.py:836} INFO - DAG(s) dict_keys(['example_task_group_decorator']) retrieved from /usr/local/python/3.10.13/lib/python3.10/site-packages/airflow/example_dags/example_task_group_decorator.py
[2024-01-27T02:20:42.392+0000] {logging_mixin.py:150} INFO - [2024-01-27T02:20:42.392+0000] {dag.py:2742} INFO - Sync 1 DAGs
[2024-01-27T02:20:42.407+0000] {logging_mixin.py:150} INFO - [2024-01-27T02:20:42.407+0000] {dag.py:3504} INFO - Setting next_dagrun for example_task_group_decorator to 2024-01-26T02:20:42.407349+00:00, run_after=2024-01-27T02:20:42.407349+00:00
[2024-01-27T02:20:42.449+0000] {processor.py:179} INFO - Processing /usr/local/python/3.10.13/lib/python3.10/site-packages/airflow/example_dags/example_task_group_decorator.py took 0.088 seconds
[2024-01-27T02:21:34.256+0000] {processor.py:157} INFO - Started process (PID=8223) to work on /usr/local/python/3.10.13/lib/python3.10/site-packages/airflow/example_dags/example_task_group_decorator.py
[2024-01-27T02:21:34.257+0000] {processor.py:826} INFO - Processing file /usr/local/python/3.10.13/lib/python3.10/site-packages/airflow/example_dags/example_task_group_decorator.py for tasks to queue
[2024-01-27T02:21:34.258+0000] {logging_mixin.py:150} INFO - [2024-01-27T02:21:34.257+0000] {dagbag.py:541} INFO - Filling up the DagBag from /usr/local/python/3.10.13/lib/python3.10/site-packages/airflow/example_dags/example_task_group_decorator.py
[2024-01-27T02:21:34.270+0000] {processor.py:836} INFO - DAG(s) dict_keys(['example_task_group_decorator']) retrieved from /usr/local/python/3.10.13/lib/python3.10/site-packages/airflow/example_dags/example_task_group_decorator.py
[2024-01-27T02:21:34.285+0000] {logging_mixin.py:150} INFO - [2024-01-27T02:21:34.285+0000] {dag.py:2742} INFO - Sync 1 DAGs
[2024-01-27T02:21:34.300+0000] {logging_mixin.py:150} INFO - [2024-01-27T02:21:34.300+0000] {dag.py:3504} INFO - Setting next_dagrun for example_task_group_decorator to 2024-01-26T02:21:34.300326+00:00, run_after=2024-01-27T02:21:34.300326+00:00
[2024-01-27T02:21:34.340+0000] {processor.py:179} INFO - Processing /usr/local/python/3.10.13/lib/python3.10/site-packages/airflow/example_dags/example_task_group_decorator.py took 0.086 seconds
[2024-01-27T02:22:15.816+0000] {processor.py:157} INFO - Started process (PID=8543) to work on /usr/local/python/3.10.13/lib/python3.10/site-packages/airflow/example_dags/example_task_group_decorator.py
[2024-01-27T02:22:15.816+0000] {processor.py:826} INFO - Processing file /usr/local/python/3.10.13/lib/python3.10/site-packages/airflow/example_dags/example_task_group_decorator.py for tasks to queue
[2024-01-27T02:22:15.817+0000] {logging_mixin.py:150} INFO - [2024-01-27T02:22:15.817+0000] {dagbag.py:541} INFO - Filling up the DagBag from /usr/local/python/3.10.13/lib/python3.10/site-packages/airflow/example_dags/example_task_group_decorator.py
[2024-01-27T02:22:15.830+0000] {processor.py:836} INFO - DAG(s) dict_keys(['example_task_group_decorator']) retrieved from /usr/local/python/3.10.13/lib/python3.10/site-packages/airflow/example_dags/example_task_group_decorator.py
[2024-01-27T02:22:15.858+0000] {logging_mixin.py:150} INFO - [2024-01-27T02:22:15.858+0000] {dag.py:2742} INFO - Sync 1 DAGs
[2024-01-27T02:22:15.880+0000] {logging_mixin.py:150} INFO - [2024-01-27T02:22:15.880+0000] {dag.py:3504} INFO - Setting next_dagrun for example_task_group_decorator to 2024-01-26T02:22:15.880504+00:00, run_after=2024-01-27T02:22:15.880504+00:00
[2024-01-27T02:22:15.924+0000] {processor.py:179} INFO - Processing /usr/local/python/3.10.13/lib/python3.10/site-packages/airflow/example_dags/example_task_group_decorator.py took 0.110 seconds
[2024-01-27T02:23:02.286+0000] {processor.py:157} INFO - Started process (PID=8941) to work on /usr/local/python/3.10.13/lib/python3.10/site-packages/airflow/example_dags/example_task_group_decorator.py
[2024-01-27T02:23:02.287+0000] {processor.py:826} INFO - Processing file /usr/local/python/3.10.13/lib/python3.10/site-packages/airflow/example_dags/example_task_group_decorator.py for tasks to queue
[2024-01-27T02:23:02.288+0000] {logging_mixin.py:150} INFO - [2024-01-27T02:23:02.287+0000] {dagbag.py:541} INFO - Filling up the DagBag from /usr/local/python/3.10.13/lib/python3.10/site-packages/airflow/example_dags/example_task_group_decorator.py
[2024-01-27T02:23:02.300+0000] {processor.py:836} INFO - DAG(s) dict_keys(['example_task_group_decorator']) retrieved from /usr/local/python/3.10.13/lib/python3.10/site-packages/airflow/example_dags/example_task_group_decorator.py
[2024-01-27T02:23:02.315+0000] {logging_mixin.py:150} INFO - [2024-01-27T02:23:02.315+0000] {dag.py:2742} INFO - Sync 1 DAGs
[2024-01-27T02:23:02.330+0000] {logging_mixin.py:150} INFO - [2024-01-27T02:23:02.330+0000] {dag.py:3504} INFO - Setting next_dagrun for example_task_group_decorator to 2024-01-26T02:23:02.330030+00:00, run_after=2024-01-27T02:23:02.330030+00:00
[2024-01-27T02:23:02.369+0000] {processor.py:179} INFO - Processing /usr/local/python/3.10.13/lib/python3.10/site-packages/airflow/example_dags/example_task_group_decorator.py took 0.085 seconds
[2024-01-27T02:23:52.949+0000] {processor.py:157} INFO - Started process (PID=9424) to work on /usr/local/python/3.10.13/lib/python3.10/site-packages/airflow/example_dags/example_task_group_decorator.py
[2024-01-27T02:23:52.950+0000] {processor.py:826} INFO - Processing file /usr/local/python/3.10.13/lib/python3.10/site-packages/airflow/example_dags/example_task_group_decorator.py for tasks to queue
[2024-01-27T02:23:52.951+0000] {logging_mixin.py:150} INFO - [2024-01-27T02:23:52.951+0000] {dagbag.py:541} INFO - Filling up the DagBag from /usr/local/python/3.10.13/lib/python3.10/site-packages/airflow/example_dags/example_task_group_decorator.py
[2024-01-27T02:23:52.968+0000] {processor.py:836} INFO - DAG(s) dict_keys(['example_task_group_decorator']) retrieved from /usr/local/python/3.10.13/lib/python3.10/site-packages/airflow/example_dags/example_task_group_decorator.py
[2024-01-27T02:23:52.991+0000] {logging_mixin.py:150} INFO - [2024-01-27T02:23:52.991+0000] {dag.py:2742} INFO - Sync 1 DAGs
[2024-01-27T02:23:53.007+0000] {logging_mixin.py:150} INFO - [2024-01-27T02:23:53.007+0000] {dag.py:3504} INFO - Setting next_dagrun for example_task_group_decorator to 2024-01-26T02:23:53.006943+00:00, run_after=2024-01-27T02:23:53.006943+00:00
[2024-01-27T02:23:53.048+0000] {processor.py:179} INFO - Processing /usr/local/python/3.10.13/lib/python3.10/site-packages/airflow/example_dags/example_task_group_decorator.py took 0.102 seconds
