[2024-01-27T02:20:01.898+0000] {processor.py:157} INFO - Started process (PID=7119) to work on /usr/local/python/3.10.13/lib/python3.10/site-packages/airflow/example_dags/example_branch_python_dop_operator_3.py
[2024-01-27T02:20:01.899+0000] {processor.py:826} INFO - Processing file /usr/local/python/3.10.13/lib/python3.10/site-packages/airflow/example_dags/example_branch_python_dop_operator_3.py for tasks to queue
[2024-01-27T02:20:01.900+0000] {logging_mixin.py:150} INFO - [2024-01-27T02:20:01.900+0000] {dagbag.py:541} INFO - Filling up the DagBag from /usr/local/python/3.10.13/lib/python3.10/site-packages/airflow/example_dags/example_branch_python_dop_operator_3.py
[2024-01-27T02:20:01.906+0000] {processor.py:836} INFO - DAG(s) dict_keys(['example_branch_dop_operator_v3']) retrieved from /usr/local/python/3.10.13/lib/python3.10/site-packages/airflow/example_dags/example_branch_python_dop_operator_3.py
[2024-01-27T02:20:02.048+0000] {logging_mixin.py:150} INFO - [2024-01-27T02:20:02.048+0000] {manager.py:504} INFO - Created Permission View: can read on DAG:example_branch_dop_operator_v3
[2024-01-27T02:20:02.082+0000] {logging_mixin.py:150} INFO - [2024-01-27T02:20:02.082+0000] {manager.py:504} INFO - Created Permission View: can delete on DAG:example_branch_dop_operator_v3
[2024-01-27T02:20:02.110+0000] {logging_mixin.py:150} INFO - [2024-01-27T02:20:02.110+0000] {manager.py:504} INFO - Created Permission View: can edit on DAG:example_branch_dop_operator_v3
[2024-01-27T02:20:02.119+0000] {logging_mixin.py:150} INFO - [2024-01-27T02:20:02.119+0000] {dag.py:2742} INFO - Sync 1 DAGs
[2024-01-27T02:20:02.127+0000] {logging_mixin.py:150} INFO - [2024-01-27T02:20:02.127+0000] {dag.py:2763} INFO - Creating ORM DAG for example_branch_dop_operator_v3
[2024-01-27T02:20:02.138+0000] {logging_mixin.py:150} INFO - [2024-01-27T02:20:02.138+0000] {dag.py:3504} INFO - Setting next_dagrun for example_branch_dop_operator_v3 to 2024-01-27T02:19:00+00:00, run_after=2024-01-27T02:20:00+00:00
[2024-01-27T02:20:02.182+0000] {processor.py:179} INFO - Processing /usr/local/python/3.10.13/lib/python3.10/site-packages/airflow/example_dags/example_branch_python_dop_operator_3.py took 0.285 seconds
[2024-01-27T02:20:58.754+0000] {processor.py:157} INFO - Started process (PID=7970) to work on /usr/local/python/3.10.13/lib/python3.10/site-packages/airflow/example_dags/example_branch_python_dop_operator_3.py
[2024-01-27T02:20:58.772+0000] {processor.py:826} INFO - Processing file /usr/local/python/3.10.13/lib/python3.10/site-packages/airflow/example_dags/example_branch_python_dop_operator_3.py for tasks to queue
[2024-01-27T02:20:58.773+0000] {logging_mixin.py:150} INFO - [2024-01-27T02:20:58.772+0000] {dagbag.py:541} INFO - Filling up the DagBag from /usr/local/python/3.10.13/lib/python3.10/site-packages/airflow/example_dags/example_branch_python_dop_operator_3.py
[2024-01-27T02:20:58.813+0000] {processor.py:836} INFO - DAG(s) dict_keys(['example_branch_dop_operator_v3']) retrieved from /usr/local/python/3.10.13/lib/python3.10/site-packages/airflow/example_dags/example_branch_python_dop_operator_3.py
[2024-01-27T02:20:58.935+0000] {logging_mixin.py:150} INFO - [2024-01-27T02:20:58.935+0000] {dag.py:2742} INFO - Sync 1 DAGs
[2024-01-27T02:20:59.058+0000] {logging_mixin.py:150} INFO - [2024-01-27T02:20:59.058+0000] {dag.py:3504} INFO - Setting next_dagrun for example_branch_dop_operator_v3 to 2024-01-27T02:19:00+00:00, run_after=2024-01-27T02:20:00+00:00
[2024-01-27T02:20:59.224+0000] {processor.py:179} INFO - Processing /usr/local/python/3.10.13/lib/python3.10/site-packages/airflow/example_dags/example_branch_python_dop_operator_3.py took 0.456 seconds
[2024-01-27T02:21:49.992+0000] {processor.py:157} INFO - Started process (PID=8359) to work on /usr/local/python/3.10.13/lib/python3.10/site-packages/airflow/example_dags/example_branch_python_dop_operator_3.py
[2024-01-27T02:21:49.993+0000] {processor.py:826} INFO - Processing file /usr/local/python/3.10.13/lib/python3.10/site-packages/airflow/example_dags/example_branch_python_dop_operator_3.py for tasks to queue
[2024-01-27T02:21:49.993+0000] {logging_mixin.py:150} INFO - [2024-01-27T02:21:49.993+0000] {dagbag.py:541} INFO - Filling up the DagBag from /usr/local/python/3.10.13/lib/python3.10/site-packages/airflow/example_dags/example_branch_python_dop_operator_3.py
[2024-01-27T02:21:50.001+0000] {processor.py:836} INFO - DAG(s) dict_keys(['example_branch_dop_operator_v3']) retrieved from /usr/local/python/3.10.13/lib/python3.10/site-packages/airflow/example_dags/example_branch_python_dop_operator_3.py
[2024-01-27T02:21:50.018+0000] {logging_mixin.py:150} INFO - [2024-01-27T02:21:50.018+0000] {dag.py:2742} INFO - Sync 1 DAGs
[2024-01-27T02:21:50.037+0000] {logging_mixin.py:150} INFO - [2024-01-27T02:21:50.037+0000] {dag.py:3504} INFO - Setting next_dagrun for example_branch_dop_operator_v3 to 2024-01-27T02:20:00+00:00, run_after=2024-01-27T02:21:00+00:00
[2024-01-27T02:21:50.078+0000] {processor.py:179} INFO - Processing /usr/local/python/3.10.13/lib/python3.10/site-packages/airflow/example_dags/example_branch_python_dop_operator_3.py took 0.088 seconds
[2024-01-27T02:22:34.896+0000] {processor.py:157} INFO - Started process (PID=8675) to work on /usr/local/python/3.10.13/lib/python3.10/site-packages/airflow/example_dags/example_branch_python_dop_operator_3.py
[2024-01-27T02:22:34.897+0000] {processor.py:826} INFO - Processing file /usr/local/python/3.10.13/lib/python3.10/site-packages/airflow/example_dags/example_branch_python_dop_operator_3.py for tasks to queue
[2024-01-27T02:22:34.898+0000] {logging_mixin.py:150} INFO - [2024-01-27T02:22:34.897+0000] {dagbag.py:541} INFO - Filling up the DagBag from /usr/local/python/3.10.13/lib/python3.10/site-packages/airflow/example_dags/example_branch_python_dop_operator_3.py
[2024-01-27T02:22:34.906+0000] {processor.py:836} INFO - DAG(s) dict_keys(['example_branch_dop_operator_v3']) retrieved from /usr/local/python/3.10.13/lib/python3.10/site-packages/airflow/example_dags/example_branch_python_dop_operator_3.py
[2024-01-27T02:22:34.919+0000] {logging_mixin.py:150} INFO - [2024-01-27T02:22:34.918+0000] {dag.py:2742} INFO - Sync 1 DAGs
[2024-01-27T02:22:34.938+0000] {logging_mixin.py:150} INFO - [2024-01-27T02:22:34.938+0000] {dag.py:3504} INFO - Setting next_dagrun for example_branch_dop_operator_v3 to 2024-01-27T02:21:00+00:00, run_after=2024-01-27T02:22:00+00:00
[2024-01-27T02:22:34.980+0000] {processor.py:179} INFO - Processing /usr/local/python/3.10.13/lib/python3.10/site-packages/airflow/example_dags/example_branch_python_dop_operator_3.py took 0.086 seconds
[2024-01-27T02:23:25.910+0000] {processor.py:157} INFO - Started process (PID=9151) to work on /usr/local/python/3.10.13/lib/python3.10/site-packages/airflow/example_dags/example_branch_python_dop_operator_3.py
[2024-01-27T02:23:25.911+0000] {processor.py:826} INFO - Processing file /usr/local/python/3.10.13/lib/python3.10/site-packages/airflow/example_dags/example_branch_python_dop_operator_3.py for tasks to queue
[2024-01-27T02:23:25.911+0000] {logging_mixin.py:150} INFO - [2024-01-27T02:23:25.911+0000] {dagbag.py:541} INFO - Filling up the DagBag from /usr/local/python/3.10.13/lib/python3.10/site-packages/airflow/example_dags/example_branch_python_dop_operator_3.py
[2024-01-27T02:23:25.918+0000] {processor.py:836} INFO - DAG(s) dict_keys(['example_branch_dop_operator_v3']) retrieved from /usr/local/python/3.10.13/lib/python3.10/site-packages/airflow/example_dags/example_branch_python_dop_operator_3.py
[2024-01-27T02:23:25.930+0000] {logging_mixin.py:150} INFO - [2024-01-27T02:23:25.930+0000] {dag.py:2742} INFO - Sync 1 DAGs
[2024-01-27T02:23:25.953+0000] {logging_mixin.py:150} INFO - [2024-01-27T02:23:25.953+0000] {dag.py:3504} INFO - Setting next_dagrun for example_branch_dop_operator_v3 to 2024-01-27T02:22:00+00:00, run_after=2024-01-27T02:23:00+00:00
[2024-01-27T02:23:25.998+0000] {processor.py:179} INFO - Processing /usr/local/python/3.10.13/lib/python3.10/site-packages/airflow/example_dags/example_branch_python_dop_operator_3.py took 0.090 seconds
