[2024-01-27T02:19:47.080+0000] {processor.py:157} INFO - Started process (PID=6981) to work on /usr/local/python/3.10.13/lib/python3.10/site-packages/airflow/example_dags/example_subdag_operator.py
[2024-01-27T02:19:47.081+0000] {processor.py:826} INFO - Processing file /usr/local/python/3.10.13/lib/python3.10/site-packages/airflow/example_dags/example_subdag_operator.py for tasks to queue
[2024-01-27T02:19:47.081+0000] {logging_mixin.py:150} INFO - [2024-01-27T02:19:47.081+0000] {dagbag.py:541} INFO - Filling up the DagBag from /usr/local/python/3.10.13/lib/python3.10/site-packages/airflow/example_dags/example_subdag_operator.py
[2024-01-27T02:19:47.097+0000] {processor.py:836} INFO - DAG(s) dict_keys(['example_subdag_operator.section-1', 'example_subdag_operator.section-2', 'example_subdag_operator']) retrieved from /usr/local/python/3.10.13/lib/python3.10/site-packages/airflow/example_dags/example_subdag_operator.py
[2024-01-27T02:19:47.238+0000] {logging_mixin.py:150} INFO - [2024-01-27T02:19:47.238+0000] {manager.py:504} INFO - Created Permission View: can read on DAG:example_subdag_operator
[2024-01-27T02:19:47.268+0000] {logging_mixin.py:150} INFO - [2024-01-27T02:19:47.268+0000] {manager.py:504} INFO - Created Permission View: can delete on DAG:example_subdag_operator
[2024-01-27T02:19:47.300+0000] {logging_mixin.py:150} INFO - [2024-01-27T02:19:47.300+0000] {manager.py:504} INFO - Created Permission View: can edit on DAG:example_subdag_operator
[2024-01-27T02:19:47.309+0000] {logging_mixin.py:150} INFO - [2024-01-27T02:19:47.309+0000] {dag.py:2742} INFO - Sync 3 DAGs
[2024-01-27T02:19:47.319+0000] {logging_mixin.py:150} INFO - [2024-01-27T02:19:47.319+0000] {dag.py:2763} INFO - Creating ORM DAG for example_subdag_operator.section-1
[2024-01-27T02:19:47.319+0000] {logging_mixin.py:150} INFO - [2024-01-27T02:19:47.319+0000] {dag.py:2763} INFO - Creating ORM DAG for example_subdag_operator.section-2
[2024-01-27T02:19:47.320+0000] {logging_mixin.py:150} INFO - [2024-01-27T02:19:47.320+0000] {dag.py:2763} INFO - Creating ORM DAG for example_subdag_operator
[2024-01-27T02:19:47.327+0000] {logging_mixin.py:150} INFO - [2024-01-27T02:19:47.327+0000] {dag.py:3504} INFO - Setting next_dagrun for example_subdag_operator to 2022-01-01T00:00:00+00:00, run_after=2022-01-01T00:00:00+00:00
[2024-01-27T02:19:47.327+0000] {logging_mixin.py:150} INFO - [2024-01-27T02:19:47.327+0000] {dag.py:3504} INFO - Setting next_dagrun for example_subdag_operator.section-1 to None, run_after=None
[2024-01-27T02:19:47.327+0000] {logging_mixin.py:150} INFO - [2024-01-27T02:19:47.327+0000] {dag.py:3504} INFO - Setting next_dagrun for example_subdag_operator.section-2 to None, run_after=None
[2024-01-27T02:19:47.333+0000] {logging_mixin.py:150} INFO - [2024-01-27T02:19:47.333+0000] {dag.py:2742} INFO - Sync 2 DAGs
[2024-01-27T02:19:47.336+0000] {logging_mixin.py:150} INFO - [2024-01-27T02:19:47.336+0000] {dag.py:3504} INFO - Setting next_dagrun for example_subdag_operator.section-1 to None, run_after=None
[2024-01-27T02:19:47.338+0000] {logging_mixin.py:150} INFO - [2024-01-27T02:19:47.338+0000] {dag.py:3504} INFO - Setting next_dagrun for example_subdag_operator.section-2 to None, run_after=None
[2024-01-27T02:19:47.379+0000] {processor.py:179} INFO - Processing /usr/local/python/3.10.13/lib/python3.10/site-packages/airflow/example_dags/example_subdag_operator.py took 0.301 seconds
[2024-01-27T02:20:43.521+0000] {processor.py:157} INFO - Started process (PID=7413) to work on /usr/local/python/3.10.13/lib/python3.10/site-packages/airflow/example_dags/example_subdag_operator.py
[2024-01-27T02:20:43.521+0000] {processor.py:826} INFO - Processing file /usr/local/python/3.10.13/lib/python3.10/site-packages/airflow/example_dags/example_subdag_operator.py for tasks to queue
[2024-01-27T02:20:43.522+0000] {logging_mixin.py:150} INFO - [2024-01-27T02:20:43.522+0000] {dagbag.py:541} INFO - Filling up the DagBag from /usr/local/python/3.10.13/lib/python3.10/site-packages/airflow/example_dags/example_subdag_operator.py
[2024-01-27T02:20:43.537+0000] {processor.py:836} INFO - DAG(s) dict_keys(['example_subdag_operator.section-1', 'example_subdag_operator.section-2', 'example_subdag_operator']) retrieved from /usr/local/python/3.10.13/lib/python3.10/site-packages/airflow/example_dags/example_subdag_operator.py
[2024-01-27T02:20:43.550+0000] {logging_mixin.py:150} INFO - [2024-01-27T02:20:43.550+0000] {dag.py:2742} INFO - Sync 3 DAGs
[2024-01-27T02:20:43.576+0000] {logging_mixin.py:150} INFO - [2024-01-27T02:20:43.576+0000] {dag.py:3504} INFO - Setting next_dagrun for example_subdag_operator to 2022-01-01T00:00:00+00:00, run_after=2022-01-01T00:00:00+00:00
[2024-01-27T02:20:43.579+0000] {logging_mixin.py:150} INFO - [2024-01-27T02:20:43.579+0000] {dag.py:3504} INFO - Setting next_dagrun for example_subdag_operator.section-1 to None, run_after=None
[2024-01-27T02:20:43.581+0000] {logging_mixin.py:150} INFO - [2024-01-27T02:20:43.580+0000] {dag.py:3504} INFO - Setting next_dagrun for example_subdag_operator.section-2 to None, run_after=None
[2024-01-27T02:20:43.587+0000] {logging_mixin.py:150} INFO - [2024-01-27T02:20:43.587+0000] {dag.py:2742} INFO - Sync 2 DAGs
[2024-01-27T02:20:43.592+0000] {logging_mixin.py:150} INFO - [2024-01-27T02:20:43.592+0000] {dag.py:3504} INFO - Setting next_dagrun for example_subdag_operator.section-1 to None, run_after=None
[2024-01-27T02:20:43.592+0000] {logging_mixin.py:150} INFO - [2024-01-27T02:20:43.592+0000] {dag.py:3504} INFO - Setting next_dagrun for example_subdag_operator.section-2 to None, run_after=None
[2024-01-27T02:20:43.645+0000] {processor.py:179} INFO - Processing /usr/local/python/3.10.13/lib/python3.10/site-packages/airflow/example_dags/example_subdag_operator.py took 0.127 seconds
[2024-01-27T02:21:35.441+0000] {processor.py:157} INFO - Started process (PID=8224) to work on /usr/local/python/3.10.13/lib/python3.10/site-packages/airflow/example_dags/example_subdag_operator.py
[2024-01-27T02:21:35.442+0000] {processor.py:826} INFO - Processing file /usr/local/python/3.10.13/lib/python3.10/site-packages/airflow/example_dags/example_subdag_operator.py for tasks to queue
[2024-01-27T02:21:35.443+0000] {logging_mixin.py:150} INFO - [2024-01-27T02:21:35.442+0000] {dagbag.py:541} INFO - Filling up the DagBag from /usr/local/python/3.10.13/lib/python3.10/site-packages/airflow/example_dags/example_subdag_operator.py
[2024-01-27T02:21:35.458+0000] {processor.py:836} INFO - DAG(s) dict_keys(['example_subdag_operator.section-1', 'example_subdag_operator.section-2', 'example_subdag_operator']) retrieved from /usr/local/python/3.10.13/lib/python3.10/site-packages/airflow/example_dags/example_subdag_operator.py
[2024-01-27T02:21:35.469+0000] {logging_mixin.py:150} INFO - [2024-01-27T02:21:35.469+0000] {dag.py:2742} INFO - Sync 3 DAGs
[2024-01-27T02:21:35.484+0000] {logging_mixin.py:150} INFO - [2024-01-27T02:21:35.484+0000] {dag.py:3504} INFO - Setting next_dagrun for example_subdag_operator to 2022-01-01T00:00:00+00:00, run_after=2022-01-01T00:00:00+00:00
[2024-01-27T02:21:35.487+0000] {logging_mixin.py:150} INFO - [2024-01-27T02:21:35.486+0000] {dag.py:3504} INFO - Setting next_dagrun for example_subdag_operator.section-1 to None, run_after=None
[2024-01-27T02:21:35.487+0000] {logging_mixin.py:150} INFO - [2024-01-27T02:21:35.487+0000] {dag.py:3504} INFO - Setting next_dagrun for example_subdag_operator.section-2 to None, run_after=None
[2024-01-27T02:21:35.492+0000] {logging_mixin.py:150} INFO - [2024-01-27T02:21:35.492+0000] {dag.py:2742} INFO - Sync 2 DAGs
[2024-01-27T02:21:35.495+0000] {logging_mixin.py:150} INFO - [2024-01-27T02:21:35.495+0000] {dag.py:3504} INFO - Setting next_dagrun for example_subdag_operator.section-1 to None, run_after=None
[2024-01-27T02:21:35.495+0000] {logging_mixin.py:150} INFO - [2024-01-27T02:21:35.495+0000] {dag.py:3504} INFO - Setting next_dagrun for example_subdag_operator.section-2 to None, run_after=None
[2024-01-27T02:21:35.530+0000] {processor.py:179} INFO - Processing /usr/local/python/3.10.13/lib/python3.10/site-packages/airflow/example_dags/example_subdag_operator.py took 0.091 seconds
[2024-01-27T02:22:22.275+0000] {processor.py:157} INFO - Started process (PID=8594) to work on /usr/local/python/3.10.13/lib/python3.10/site-packages/airflow/example_dags/example_subdag_operator.py
[2024-01-27T02:22:22.276+0000] {processor.py:826} INFO - Processing file /usr/local/python/3.10.13/lib/python3.10/site-packages/airflow/example_dags/example_subdag_operator.py for tasks to queue
[2024-01-27T02:22:22.276+0000] {logging_mixin.py:150} INFO - [2024-01-27T02:22:22.276+0000] {dagbag.py:541} INFO - Filling up the DagBag from /usr/local/python/3.10.13/lib/python3.10/site-packages/airflow/example_dags/example_subdag_operator.py
[2024-01-27T02:22:22.291+0000] {processor.py:836} INFO - DAG(s) dict_keys(['example_subdag_operator.section-1', 'example_subdag_operator.section-2', 'example_subdag_operator']) retrieved from /usr/local/python/3.10.13/lib/python3.10/site-packages/airflow/example_dags/example_subdag_operator.py
[2024-01-27T02:22:22.303+0000] {logging_mixin.py:150} INFO - [2024-01-27T02:22:22.303+0000] {dag.py:2742} INFO - Sync 3 DAGs
[2024-01-27T02:22:22.318+0000] {logging_mixin.py:150} INFO - [2024-01-27T02:22:22.318+0000] {dag.py:3504} INFO - Setting next_dagrun for example_subdag_operator to 2022-01-01T00:00:00+00:00, run_after=2022-01-01T00:00:00+00:00
[2024-01-27T02:22:22.321+0000] {logging_mixin.py:150} INFO - [2024-01-27T02:22:22.321+0000] {dag.py:3504} INFO - Setting next_dagrun for example_subdag_operator.section-1 to None, run_after=None
[2024-01-27T02:22:22.321+0000] {logging_mixin.py:150} INFO - [2024-01-27T02:22:22.321+0000] {dag.py:3504} INFO - Setting next_dagrun for example_subdag_operator.section-2 to None, run_after=None
[2024-01-27T02:22:22.326+0000] {logging_mixin.py:150} INFO - [2024-01-27T02:22:22.326+0000] {dag.py:2742} INFO - Sync 2 DAGs
[2024-01-27T02:22:22.329+0000] {logging_mixin.py:150} INFO - [2024-01-27T02:22:22.329+0000] {dag.py:3504} INFO - Setting next_dagrun for example_subdag_operator.section-1 to None, run_after=None
[2024-01-27T02:22:22.329+0000] {logging_mixin.py:150} INFO - [2024-01-27T02:22:22.329+0000] {dag.py:3504} INFO - Setting next_dagrun for example_subdag_operator.section-2 to None, run_after=None
[2024-01-27T02:22:22.364+0000] {processor.py:179} INFO - Processing /usr/local/python/3.10.13/lib/python3.10/site-packages/airflow/example_dags/example_subdag_operator.py took 0.091 seconds
[2024-01-27T02:23:02.682+0000] {processor.py:157} INFO - Started process (PID=8942) to work on /usr/local/python/3.10.13/lib/python3.10/site-packages/airflow/example_dags/example_subdag_operator.py
[2024-01-27T02:23:02.684+0000] {processor.py:826} INFO - Processing file /usr/local/python/3.10.13/lib/python3.10/site-packages/airflow/example_dags/example_subdag_operator.py for tasks to queue
[2024-01-27T02:23:02.685+0000] {logging_mixin.py:150} INFO - [2024-01-27T02:23:02.685+0000] {dagbag.py:541} INFO - Filling up the DagBag from /usr/local/python/3.10.13/lib/python3.10/site-packages/airflow/example_dags/example_subdag_operator.py
[2024-01-27T02:23:02.705+0000] {processor.py:836} INFO - DAG(s) dict_keys(['example_subdag_operator.section-1', 'example_subdag_operator.section-2', 'example_subdag_operator']) retrieved from /usr/local/python/3.10.13/lib/python3.10/site-packages/airflow/example_dags/example_subdag_operator.py
[2024-01-27T02:23:02.727+0000] {logging_mixin.py:150} INFO - [2024-01-27T02:23:02.727+0000] {dag.py:2742} INFO - Sync 3 DAGs
[2024-01-27T02:23:02.751+0000] {logging_mixin.py:150} INFO - [2024-01-27T02:23:02.751+0000] {dag.py:3504} INFO - Setting next_dagrun for example_subdag_operator to 2022-01-01T00:00:00+00:00, run_after=2022-01-01T00:00:00+00:00
[2024-01-27T02:23:02.754+0000] {logging_mixin.py:150} INFO - [2024-01-27T02:23:02.753+0000] {dag.py:3504} INFO - Setting next_dagrun for example_subdag_operator.section-1 to None, run_after=None
[2024-01-27T02:23:02.754+0000] {logging_mixin.py:150} INFO - [2024-01-27T02:23:02.754+0000] {dag.py:3504} INFO - Setting next_dagrun for example_subdag_operator.section-2 to None, run_after=None
[2024-01-27T02:23:02.760+0000] {logging_mixin.py:150} INFO - [2024-01-27T02:23:02.759+0000] {dag.py:2742} INFO - Sync 2 DAGs
[2024-01-27T02:23:02.763+0000] {logging_mixin.py:150} INFO - [2024-01-27T02:23:02.763+0000] {dag.py:3504} INFO - Setting next_dagrun for example_subdag_operator.section-1 to None, run_after=None
[2024-01-27T02:23:02.763+0000] {logging_mixin.py:150} INFO - [2024-01-27T02:23:02.763+0000] {dag.py:3504} INFO - Setting next_dagrun for example_subdag_operator.section-2 to None, run_after=None
[2024-01-27T02:23:02.795+0000] {processor.py:179} INFO - Processing /usr/local/python/3.10.13/lib/python3.10/site-packages/airflow/example_dags/example_subdag_operator.py took 0.115 seconds
[2024-01-27T02:23:54.187+0000] {processor.py:157} INFO - Started process (PID=9440) to work on /usr/local/python/3.10.13/lib/python3.10/site-packages/airflow/example_dags/example_subdag_operator.py
[2024-01-27T02:23:54.188+0000] {processor.py:826} INFO - Processing file /usr/local/python/3.10.13/lib/python3.10/site-packages/airflow/example_dags/example_subdag_operator.py for tasks to queue
[2024-01-27T02:23:54.189+0000] {logging_mixin.py:150} INFO - [2024-01-27T02:23:54.188+0000] {dagbag.py:541} INFO - Filling up the DagBag from /usr/local/python/3.10.13/lib/python3.10/site-packages/airflow/example_dags/example_subdag_operator.py
[2024-01-27T02:23:54.210+0000] {processor.py:836} INFO - DAG(s) dict_keys(['example_subdag_operator.section-1', 'example_subdag_operator.section-2', 'example_subdag_operator']) retrieved from /usr/local/python/3.10.13/lib/python3.10/site-packages/airflow/example_dags/example_subdag_operator.py
[2024-01-27T02:23:54.228+0000] {logging_mixin.py:150} INFO - [2024-01-27T02:23:54.227+0000] {dag.py:2742} INFO - Sync 3 DAGs
[2024-01-27T02:23:54.248+0000] {logging_mixin.py:150} INFO - [2024-01-27T02:23:54.248+0000] {dag.py:3504} INFO - Setting next_dagrun for example_subdag_operator to 2022-01-01T00:00:00+00:00, run_after=2022-01-01T00:00:00+00:00
[2024-01-27T02:23:54.251+0000] {logging_mixin.py:150} INFO - [2024-01-27T02:23:54.251+0000] {dag.py:3504} INFO - Setting next_dagrun for example_subdag_operator.section-1 to None, run_after=None
[2024-01-27T02:23:54.252+0000] {logging_mixin.py:150} INFO - [2024-01-27T02:23:54.252+0000] {dag.py:3504} INFO - Setting next_dagrun for example_subdag_operator.section-2 to None, run_after=None
[2024-01-27T02:23:54.258+0000] {logging_mixin.py:150} INFO - [2024-01-27T02:23:54.258+0000] {dag.py:2742} INFO - Sync 2 DAGs
[2024-01-27T02:23:54.262+0000] {logging_mixin.py:150} INFO - [2024-01-27T02:23:54.262+0000] {dag.py:3504} INFO - Setting next_dagrun for example_subdag_operator.section-1 to None, run_after=None
[2024-01-27T02:23:54.262+0000] {logging_mixin.py:150} INFO - [2024-01-27T02:23:54.262+0000] {dag.py:3504} INFO - Setting next_dagrun for example_subdag_operator.section-2 to None, run_after=None
[2024-01-27T02:23:54.300+0000] {processor.py:179} INFO - Processing /usr/local/python/3.10.13/lib/python3.10/site-packages/airflow/example_dags/example_subdag_operator.py took 0.116 seconds
