[2024-01-27T02:19:50.115+0000] {processor.py:157} INFO - Started process (PID=7007) to work on /usr/local/python/3.10.13/lib/python3.10/site-packages/airflow/example_dags/example_sla_dag.py
[2024-01-27T02:19:50.116+0000] {processor.py:826} INFO - Processing file /usr/local/python/3.10.13/lib/python3.10/site-packages/airflow/example_dags/example_sla_dag.py for tasks to queue
[2024-01-27T02:19:50.117+0000] {logging_mixin.py:150} INFO - [2024-01-27T02:19:50.116+0000] {dagbag.py:541} INFO - Filling up the DagBag from /usr/local/python/3.10.13/lib/python3.10/site-packages/airflow/example_dags/example_sla_dag.py
[2024-01-27T02:19:50.128+0000] {processor.py:836} INFO - DAG(s) dict_keys(['example_sla_dag']) retrieved from /usr/local/python/3.10.13/lib/python3.10/site-packages/airflow/example_dags/example_sla_dag.py
[2024-01-27T02:19:50.323+0000] {logging_mixin.py:150} INFO - [2024-01-27T02:19:50.322+0000] {manager.py:504} INFO - Created Permission View: can read on DAG:example_sla_dag
[2024-01-27T02:19:50.358+0000] {logging_mixin.py:150} INFO - [2024-01-27T02:19:50.358+0000] {manager.py:504} INFO - Created Permission View: can delete on DAG:example_sla_dag
[2024-01-27T02:19:50.389+0000] {logging_mixin.py:150} INFO - [2024-01-27T02:19:50.388+0000] {manager.py:504} INFO - Created Permission View: can edit on DAG:example_sla_dag
[2024-01-27T02:19:50.403+0000] {logging_mixin.py:150} INFO - [2024-01-27T02:19:50.403+0000] {dag.py:2742} INFO - Sync 1 DAGs
[2024-01-27T02:19:50.417+0000] {logging_mixin.py:150} INFO - [2024-01-27T02:19:50.417+0000] {dag.py:2763} INFO - Creating ORM DAG for example_sla_dag
[2024-01-27T02:19:50.437+0000] {logging_mixin.py:150} INFO - [2024-01-27T02:19:50.437+0000] {dag.py:3504} INFO - Setting next_dagrun for example_sla_dag to 2024-01-27T02:16:00+00:00, run_after=2024-01-27T02:18:00+00:00
[2024-01-27T02:19:50.488+0000] {processor.py:179} INFO - Processing /usr/local/python/3.10.13/lib/python3.10/site-packages/airflow/example_dags/example_sla_dag.py took 0.376 seconds
[2024-01-27T02:20:45.826+0000] {processor.py:157} INFO - Started process (PID=7437) to work on /usr/local/python/3.10.13/lib/python3.10/site-packages/airflow/example_dags/example_sla_dag.py
[2024-01-27T02:20:45.877+0000] {processor.py:826} INFO - Processing file /usr/local/python/3.10.13/lib/python3.10/site-packages/airflow/example_dags/example_sla_dag.py for tasks to queue
[2024-01-27T02:20:45.880+0000] {logging_mixin.py:150} INFO - [2024-01-27T02:20:45.879+0000] {dagbag.py:541} INFO - Filling up the DagBag from /usr/local/python/3.10.13/lib/python3.10/site-packages/airflow/example_dags/example_sla_dag.py
[2024-01-27T02:20:45.906+0000] {processor.py:836} INFO - DAG(s) dict_keys(['example_sla_dag']) retrieved from /usr/local/python/3.10.13/lib/python3.10/site-packages/airflow/example_dags/example_sla_dag.py
[2024-01-27T02:20:45.940+0000] {logging_mixin.py:150} INFO - [2024-01-27T02:20:45.940+0000] {dag.py:2742} INFO - Sync 1 DAGs
[2024-01-27T02:20:45.964+0000] {logging_mixin.py:150} INFO - [2024-01-27T02:20:45.964+0000] {dag.py:3504} INFO - Setting next_dagrun for example_sla_dag to 2024-01-27T02:18:00+00:00, run_after=2024-01-27T02:20:00+00:00
[2024-01-27T02:20:46.118+0000] {processor.py:179} INFO - Processing /usr/local/python/3.10.13/lib/python3.10/site-packages/airflow/example_dags/example_sla_dag.py took 0.299 seconds
[2024-01-27T02:21:37.110+0000] {processor.py:157} INFO - Started process (PID=8232) to work on /usr/local/python/3.10.13/lib/python3.10/site-packages/airflow/example_dags/example_sla_dag.py
[2024-01-27T02:21:37.111+0000] {processor.py:826} INFO - Processing file /usr/local/python/3.10.13/lib/python3.10/site-packages/airflow/example_dags/example_sla_dag.py for tasks to queue
[2024-01-27T02:21:37.112+0000] {logging_mixin.py:150} INFO - [2024-01-27T02:21:37.112+0000] {dagbag.py:541} INFO - Filling up the DagBag from /usr/local/python/3.10.13/lib/python3.10/site-packages/airflow/example_dags/example_sla_dag.py
[2024-01-27T02:21:37.122+0000] {processor.py:836} INFO - DAG(s) dict_keys(['example_sla_dag']) retrieved from /usr/local/python/3.10.13/lib/python3.10/site-packages/airflow/example_dags/example_sla_dag.py
[2024-01-27T02:21:37.140+0000] {logging_mixin.py:150} INFO - [2024-01-27T02:21:37.140+0000] {dag.py:2742} INFO - Sync 1 DAGs
[2024-01-27T02:21:37.177+0000] {logging_mixin.py:150} INFO - [2024-01-27T02:21:37.176+0000] {dag.py:3504} INFO - Setting next_dagrun for example_sla_dag to 2024-01-27T02:18:00+00:00, run_after=2024-01-27T02:20:00+00:00
[2024-01-27T02:21:37.309+0000] {processor.py:179} INFO - Processing /usr/local/python/3.10.13/lib/python3.10/site-packages/airflow/example_dags/example_sla_dag.py took 0.202 seconds
[2024-01-27T02:22:25.257+0000] {processor.py:157} INFO - Started process (PID=8602) to work on /usr/local/python/3.10.13/lib/python3.10/site-packages/airflow/example_dags/example_sla_dag.py
[2024-01-27T02:22:25.257+0000] {processor.py:826} INFO - Processing file /usr/local/python/3.10.13/lib/python3.10/site-packages/airflow/example_dags/example_sla_dag.py for tasks to queue
[2024-01-27T02:22:25.258+0000] {logging_mixin.py:150} INFO - [2024-01-27T02:22:25.258+0000] {dagbag.py:541} INFO - Filling up the DagBag from /usr/local/python/3.10.13/lib/python3.10/site-packages/airflow/example_dags/example_sla_dag.py
[2024-01-27T02:22:25.265+0000] {processor.py:836} INFO - DAG(s) dict_keys(['example_sla_dag']) retrieved from /usr/local/python/3.10.13/lib/python3.10/site-packages/airflow/example_dags/example_sla_dag.py
[2024-01-27T02:22:25.276+0000] {logging_mixin.py:150} INFO - [2024-01-27T02:22:25.276+0000] {dag.py:2742} INFO - Sync 1 DAGs
[2024-01-27T02:22:25.294+0000] {logging_mixin.py:150} INFO - [2024-01-27T02:22:25.294+0000] {dag.py:3504} INFO - Setting next_dagrun for example_sla_dag to 2024-01-27T02:20:00+00:00, run_after=2024-01-27T02:22:00+00:00
[2024-01-27T02:22:25.331+0000] {processor.py:179} INFO - Processing /usr/local/python/3.10.13/lib/python3.10/site-packages/airflow/example_dags/example_sla_dag.py took 0.076 seconds
[2024-01-27T02:23:05.122+0000] {processor.py:157} INFO - Started process (PID=8959) to work on /usr/local/python/3.10.13/lib/python3.10/site-packages/airflow/example_dags/example_sla_dag.py
[2024-01-27T02:23:05.123+0000] {processor.py:826} INFO - Processing file /usr/local/python/3.10.13/lib/python3.10/site-packages/airflow/example_dags/example_sla_dag.py for tasks to queue
[2024-01-27T02:23:05.124+0000] {logging_mixin.py:150} INFO - [2024-01-27T02:23:05.123+0000] {dagbag.py:541} INFO - Filling up the DagBag from /usr/local/python/3.10.13/lib/python3.10/site-packages/airflow/example_dags/example_sla_dag.py
[2024-01-27T02:23:05.132+0000] {processor.py:836} INFO - DAG(s) dict_keys(['example_sla_dag']) retrieved from /usr/local/python/3.10.13/lib/python3.10/site-packages/airflow/example_dags/example_sla_dag.py
[2024-01-27T02:23:05.148+0000] {logging_mixin.py:150} INFO - [2024-01-27T02:23:05.147+0000] {dag.py:2742} INFO - Sync 1 DAGs
[2024-01-27T02:23:05.199+0000] {logging_mixin.py:150} INFO - [2024-01-27T02:23:05.199+0000] {dag.py:3504} INFO - Setting next_dagrun for example_sla_dag to 2024-01-27T02:20:00+00:00, run_after=2024-01-27T02:22:00+00:00
[2024-01-27T02:23:05.257+0000] {processor.py:179} INFO - Processing /usr/local/python/3.10.13/lib/python3.10/site-packages/airflow/example_dags/example_sla_dag.py took 0.137 seconds
[2024-01-27T02:23:55.791+0000] {processor.py:157} INFO - Started process (PID=9466) to work on /usr/local/python/3.10.13/lib/python3.10/site-packages/airflow/example_dags/example_sla_dag.py
[2024-01-27T02:23:55.791+0000] {processor.py:826} INFO - Processing file /usr/local/python/3.10.13/lib/python3.10/site-packages/airflow/example_dags/example_sla_dag.py for tasks to queue
[2024-01-27T02:23:55.792+0000] {logging_mixin.py:150} INFO - [2024-01-27T02:23:55.792+0000] {dagbag.py:541} INFO - Filling up the DagBag from /usr/local/python/3.10.13/lib/python3.10/site-packages/airflow/example_dags/example_sla_dag.py
[2024-01-27T02:23:55.798+0000] {processor.py:836} INFO - DAG(s) dict_keys(['example_sla_dag']) retrieved from /usr/local/python/3.10.13/lib/python3.10/site-packages/airflow/example_dags/example_sla_dag.py
[2024-01-27T02:23:55.810+0000] {logging_mixin.py:150} INFO - [2024-01-27T02:23:55.810+0000] {dag.py:2742} INFO - Sync 1 DAGs
[2024-01-27T02:23:55.828+0000] {logging_mixin.py:150} INFO - [2024-01-27T02:23:55.828+0000] {dag.py:3504} INFO - Setting next_dagrun for example_sla_dag to 2024-01-27T02:20:00+00:00, run_after=2024-01-27T02:22:00+00:00
[2024-01-27T02:23:55.870+0000] {processor.py:179} INFO - Processing /usr/local/python/3.10.13/lib/python3.10/site-packages/airflow/example_dags/example_sla_dag.py took 0.082 seconds
