[2024-01-27T02:19:39.056+0000] {processor.py:157} INFO - Started process (PID=6874) to work on /usr/local/python/3.10.13/lib/python3.10/site-packages/airflow/example_dags/example_trigger_target_dag.py
[2024-01-27T02:19:39.056+0000] {processor.py:826} INFO - Processing file /usr/local/python/3.10.13/lib/python3.10/site-packages/airflow/example_dags/example_trigger_target_dag.py for tasks to queue
[2024-01-27T02:19:39.057+0000] {logging_mixin.py:150} INFO - [2024-01-27T02:19:39.057+0000] {dagbag.py:541} INFO - Filling up the DagBag from /usr/local/python/3.10.13/lib/python3.10/site-packages/airflow/example_dags/example_trigger_target_dag.py
[2024-01-27T02:19:39.063+0000] {processor.py:836} INFO - DAG(s) dict_keys(['example_trigger_target_dag']) retrieved from /usr/local/python/3.10.13/lib/python3.10/site-packages/airflow/example_dags/example_trigger_target_dag.py
[2024-01-27T02:19:39.192+0000] {logging_mixin.py:150} INFO - [2024-01-27T02:19:39.192+0000] {manager.py:504} INFO - Created Permission View: can read on DAG:example_trigger_target_dag
[2024-01-27T02:19:39.223+0000] {logging_mixin.py:150} INFO - [2024-01-27T02:19:39.223+0000] {manager.py:504} INFO - Created Permission View: can delete on DAG:example_trigger_target_dag
[2024-01-27T02:19:39.251+0000] {logging_mixin.py:150} INFO - [2024-01-27T02:19:39.251+0000] {manager.py:504} INFO - Created Permission View: can edit on DAG:example_trigger_target_dag
[2024-01-27T02:19:39.261+0000] {logging_mixin.py:150} INFO - [2024-01-27T02:19:39.260+0000] {dag.py:2742} INFO - Sync 1 DAGs
[2024-01-27T02:19:39.270+0000] {logging_mixin.py:150} INFO - [2024-01-27T02:19:39.270+0000] {dag.py:2763} INFO - Creating ORM DAG for example_trigger_target_dag
[2024-01-27T02:19:39.277+0000] {logging_mixin.py:150} INFO - [2024-01-27T02:19:39.277+0000] {dag.py:3504} INFO - Setting next_dagrun for example_trigger_target_dag to None, run_after=None
[2024-01-27T02:19:39.326+0000] {processor.py:179} INFO - Processing /usr/local/python/3.10.13/lib/python3.10/site-packages/airflow/example_dags/example_trigger_target_dag.py took 0.273 seconds
[2024-01-27T02:20:36.029+0000] {processor.py:157} INFO - Started process (PID=7372) to work on /usr/local/python/3.10.13/lib/python3.10/site-packages/airflow/example_dags/example_trigger_target_dag.py
[2024-01-27T02:20:36.030+0000] {processor.py:826} INFO - Processing file /usr/local/python/3.10.13/lib/python3.10/site-packages/airflow/example_dags/example_trigger_target_dag.py for tasks to queue
[2024-01-27T02:20:36.030+0000] {logging_mixin.py:150} INFO - [2024-01-27T02:20:36.030+0000] {dagbag.py:541} INFO - Filling up the DagBag from /usr/local/python/3.10.13/lib/python3.10/site-packages/airflow/example_dags/example_trigger_target_dag.py
[2024-01-27T02:20:36.035+0000] {processor.py:836} INFO - DAG(s) dict_keys(['example_trigger_target_dag']) retrieved from /usr/local/python/3.10.13/lib/python3.10/site-packages/airflow/example_dags/example_trigger_target_dag.py
[2024-01-27T02:20:36.046+0000] {logging_mixin.py:150} INFO - [2024-01-27T02:20:36.046+0000] {dag.py:2742} INFO - Sync 1 DAGs
[2024-01-27T02:20:36.062+0000] {logging_mixin.py:150} INFO - [2024-01-27T02:20:36.062+0000] {dag.py:3504} INFO - Setting next_dagrun for example_trigger_target_dag to None, run_after=None
[2024-01-27T02:20:36.107+0000] {processor.py:179} INFO - Processing /usr/local/python/3.10.13/lib/python3.10/site-packages/airflow/example_dags/example_trigger_target_dag.py took 0.080 seconds
[2024-01-27T02:21:28.989+0000] {processor.py:157} INFO - Started process (PID=8189) to work on /usr/local/python/3.10.13/lib/python3.10/site-packages/airflow/example_dags/example_trigger_target_dag.py
[2024-01-27T02:21:28.990+0000] {processor.py:826} INFO - Processing file /usr/local/python/3.10.13/lib/python3.10/site-packages/airflow/example_dags/example_trigger_target_dag.py for tasks to queue
[2024-01-27T02:21:28.990+0000] {logging_mixin.py:150} INFO - [2024-01-27T02:21:28.990+0000] {dagbag.py:541} INFO - Filling up the DagBag from /usr/local/python/3.10.13/lib/python3.10/site-packages/airflow/example_dags/example_trigger_target_dag.py
[2024-01-27T02:21:28.997+0000] {processor.py:836} INFO - DAG(s) dict_keys(['example_trigger_target_dag']) retrieved from /usr/local/python/3.10.13/lib/python3.10/site-packages/airflow/example_dags/example_trigger_target_dag.py
[2024-01-27T02:21:29.012+0000] {logging_mixin.py:150} INFO - [2024-01-27T02:21:29.012+0000] {dag.py:2742} INFO - Sync 1 DAGs
[2024-01-27T02:21:29.038+0000] {logging_mixin.py:150} INFO - [2024-01-27T02:21:29.038+0000] {dag.py:3504} INFO - Setting next_dagrun for example_trigger_target_dag to None, run_after=None
[2024-01-27T02:21:29.095+0000] {processor.py:179} INFO - Processing /usr/local/python/3.10.13/lib/python3.10/site-packages/airflow/example_dags/example_trigger_target_dag.py took 0.108 seconds
[2024-01-27T02:22:10.086+0000] {processor.py:157} INFO - Started process (PID=8505) to work on /usr/local/python/3.10.13/lib/python3.10/site-packages/airflow/example_dags/example_trigger_target_dag.py
[2024-01-27T02:22:10.087+0000] {processor.py:826} INFO - Processing file /usr/local/python/3.10.13/lib/python3.10/site-packages/airflow/example_dags/example_trigger_target_dag.py for tasks to queue
[2024-01-27T02:22:10.087+0000] {logging_mixin.py:150} INFO - [2024-01-27T02:22:10.087+0000] {dagbag.py:541} INFO - Filling up the DagBag from /usr/local/python/3.10.13/lib/python3.10/site-packages/airflow/example_dags/example_trigger_target_dag.py
[2024-01-27T02:22:10.092+0000] {processor.py:836} INFO - DAG(s) dict_keys(['example_trigger_target_dag']) retrieved from /usr/local/python/3.10.13/lib/python3.10/site-packages/airflow/example_dags/example_trigger_target_dag.py
[2024-01-27T02:22:10.104+0000] {logging_mixin.py:150} INFO - [2024-01-27T02:22:10.104+0000] {dag.py:2742} INFO - Sync 1 DAGs
[2024-01-27T02:22:10.120+0000] {logging_mixin.py:150} INFO - [2024-01-27T02:22:10.119+0000] {dag.py:3504} INFO - Setting next_dagrun for example_trigger_target_dag to None, run_after=None
[2024-01-27T02:22:10.161+0000] {processor.py:179} INFO - Processing /usr/local/python/3.10.13/lib/python3.10/site-packages/airflow/example_dags/example_trigger_target_dag.py took 0.077 seconds
[2024-01-27T02:22:56.969+0000] {processor.py:157} INFO - Started process (PID=8865) to work on /usr/local/python/3.10.13/lib/python3.10/site-packages/airflow/example_dags/example_trigger_target_dag.py
[2024-01-27T02:22:56.969+0000] {processor.py:826} INFO - Processing file /usr/local/python/3.10.13/lib/python3.10/site-packages/airflow/example_dags/example_trigger_target_dag.py for tasks to queue
[2024-01-27T02:22:56.970+0000] {logging_mixin.py:150} INFO - [2024-01-27T02:22:56.970+0000] {dagbag.py:541} INFO - Filling up the DagBag from /usr/local/python/3.10.13/lib/python3.10/site-packages/airflow/example_dags/example_trigger_target_dag.py
[2024-01-27T02:22:56.975+0000] {processor.py:836} INFO - DAG(s) dict_keys(['example_trigger_target_dag']) retrieved from /usr/local/python/3.10.13/lib/python3.10/site-packages/airflow/example_dags/example_trigger_target_dag.py
[2024-01-27T02:22:56.987+0000] {logging_mixin.py:150} INFO - [2024-01-27T02:22:56.986+0000] {dag.py:2742} INFO - Sync 1 DAGs
[2024-01-27T02:22:57.002+0000] {logging_mixin.py:150} INFO - [2024-01-27T02:22:57.001+0000] {dag.py:3504} INFO - Setting next_dagrun for example_trigger_target_dag to None, run_after=None
[2024-01-27T02:22:57.042+0000] {processor.py:179} INFO - Processing /usr/local/python/3.10.13/lib/python3.10/site-packages/airflow/example_dags/example_trigger_target_dag.py took 0.075 seconds
[2024-01-27T02:23:31.114+0000] {processor.py:157} INFO - Started process (PID=9204) to work on /usr/local/python/3.10.13/lib/python3.10/site-packages/airflow/example_dags/example_trigger_target_dag.py
[2024-01-27T02:23:31.115+0000] {processor.py:826} INFO - Processing file /usr/local/python/3.10.13/lib/python3.10/site-packages/airflow/example_dags/example_trigger_target_dag.py for tasks to queue
[2024-01-27T02:23:31.115+0000] {logging_mixin.py:150} INFO - [2024-01-27T02:23:31.115+0000] {dagbag.py:541} INFO - Filling up the DagBag from /usr/local/python/3.10.13/lib/python3.10/site-packages/airflow/example_dags/example_trigger_target_dag.py
[2024-01-27T02:23:31.120+0000] {processor.py:836} INFO - DAG(s) dict_keys(['example_trigger_target_dag']) retrieved from /usr/local/python/3.10.13/lib/python3.10/site-packages/airflow/example_dags/example_trigger_target_dag.py
[2024-01-27T02:23:31.132+0000] {logging_mixin.py:150} INFO - [2024-01-27T02:23:31.131+0000] {dag.py:2742} INFO - Sync 1 DAGs
[2024-01-27T02:23:31.150+0000] {logging_mixin.py:150} INFO - [2024-01-27T02:23:31.150+0000] {dag.py:3504} INFO - Setting next_dagrun for example_trigger_target_dag to None, run_after=None
[2024-01-27T02:23:31.192+0000] {processor.py:179} INFO - Processing /usr/local/python/3.10.13/lib/python3.10/site-packages/airflow/example_dags/example_trigger_target_dag.py took 0.080 seconds
