[2024-01-27T02:20:19.189+0000] {processor.py:157} INFO - Started process (PID=7236) to work on /usr/local/python/3.10.13/lib/python3.10/site-packages/airflow/example_dags/example_branch_day_of_week_operator.py
[2024-01-27T02:20:19.190+0000] {processor.py:826} INFO - Processing file /usr/local/python/3.10.13/lib/python3.10/site-packages/airflow/example_dags/example_branch_day_of_week_operator.py for tasks to queue
[2024-01-27T02:20:19.190+0000] {logging_mixin.py:150} INFO - [2024-01-27T02:20:19.190+0000] {dagbag.py:541} INFO - Filling up the DagBag from /usr/local/python/3.10.13/lib/python3.10/site-packages/airflow/example_dags/example_branch_day_of_week_operator.py
[2024-01-27T02:20:19.197+0000] {processor.py:836} INFO - DAG(s) dict_keys(['example_weekday_branch_operator']) retrieved from /usr/local/python/3.10.13/lib/python3.10/site-packages/airflow/example_dags/example_branch_day_of_week_operator.py
[2024-01-27T02:20:19.386+0000] {logging_mixin.py:150} INFO - [2024-01-27T02:20:19.386+0000] {manager.py:504} INFO - Created Permission View: can read on DAG:example_weekday_branch_operator
[2024-01-27T02:20:19.425+0000] {logging_mixin.py:150} INFO - [2024-01-27T02:20:19.425+0000] {manager.py:504} INFO - Created Permission View: can delete on DAG:example_weekday_branch_operator
[2024-01-27T02:20:19.453+0000] {logging_mixin.py:150} INFO - [2024-01-27T02:20:19.452+0000] {manager.py:504} INFO - Created Permission View: can edit on DAG:example_weekday_branch_operator
[2024-01-27T02:20:19.461+0000] {logging_mixin.py:150} INFO - [2024-01-27T02:20:19.461+0000] {dag.py:2742} INFO - Sync 1 DAGs
[2024-01-27T02:20:19.470+0000] {logging_mixin.py:150} INFO - [2024-01-27T02:20:19.470+0000] {dag.py:2763} INFO - Creating ORM DAG for example_weekday_branch_operator
[2024-01-27T02:20:19.517+0000] {logging_mixin.py:150} INFO - [2024-01-27T02:20:19.516+0000] {dag.py:3504} INFO - Setting next_dagrun for example_weekday_branch_operator to 2024-01-26T00:00:00+00:00, run_after=2024-01-27T00:00:00+00:00
[2024-01-27T02:20:19.662+0000] {processor.py:179} INFO - Processing /usr/local/python/3.10.13/lib/python3.10/site-packages/airflow/example_dags/example_branch_day_of_week_operator.py took 0.475 seconds
[2024-01-27T02:21:16.611+0000] {processor.py:157} INFO - Started process (PID=8079) to work on /usr/local/python/3.10.13/lib/python3.10/site-packages/airflow/example_dags/example_branch_day_of_week_operator.py
[2024-01-27T02:21:16.612+0000] {processor.py:826} INFO - Processing file /usr/local/python/3.10.13/lib/python3.10/site-packages/airflow/example_dags/example_branch_day_of_week_operator.py for tasks to queue
[2024-01-27T02:21:16.613+0000] {logging_mixin.py:150} INFO - [2024-01-27T02:21:16.612+0000] {dagbag.py:541} INFO - Filling up the DagBag from /usr/local/python/3.10.13/lib/python3.10/site-packages/airflow/example_dags/example_branch_day_of_week_operator.py
[2024-01-27T02:21:16.628+0000] {processor.py:836} INFO - DAG(s) dict_keys(['example_weekday_branch_operator']) retrieved from /usr/local/python/3.10.13/lib/python3.10/site-packages/airflow/example_dags/example_branch_day_of_week_operator.py
[2024-01-27T02:21:16.670+0000] {logging_mixin.py:150} INFO - [2024-01-27T02:21:16.670+0000] {dag.py:2742} INFO - Sync 1 DAGs
[2024-01-27T02:21:16.745+0000] {logging_mixin.py:150} INFO - [2024-01-27T02:21:16.745+0000] {dag.py:3504} INFO - Setting next_dagrun for example_weekday_branch_operator to 2024-01-26T00:00:00+00:00, run_after=2024-01-27T00:00:00+00:00
[2024-01-27T02:21:16.811+0000] {processor.py:179} INFO - Processing /usr/local/python/3.10.13/lib/python3.10/site-packages/airflow/example_dags/example_branch_day_of_week_operator.py took 0.203 seconds
[2024-01-27T02:22:03.454+0000] {processor.py:157} INFO - Started process (PID=8456) to work on /usr/local/python/3.10.13/lib/python3.10/site-packages/airflow/example_dags/example_branch_day_of_week_operator.py
[2024-01-27T02:22:03.455+0000] {processor.py:826} INFO - Processing file /usr/local/python/3.10.13/lib/python3.10/site-packages/airflow/example_dags/example_branch_day_of_week_operator.py for tasks to queue
[2024-01-27T02:22:03.456+0000] {logging_mixin.py:150} INFO - [2024-01-27T02:22:03.455+0000] {dagbag.py:541} INFO - Filling up the DagBag from /usr/local/python/3.10.13/lib/python3.10/site-packages/airflow/example_dags/example_branch_day_of_week_operator.py
[2024-01-27T02:22:03.463+0000] {processor.py:836} INFO - DAG(s) dict_keys(['example_weekday_branch_operator']) retrieved from /usr/local/python/3.10.13/lib/python3.10/site-packages/airflow/example_dags/example_branch_day_of_week_operator.py
[2024-01-27T02:22:03.477+0000] {logging_mixin.py:150} INFO - [2024-01-27T02:22:03.476+0000] {dag.py:2742} INFO - Sync 1 DAGs
[2024-01-27T02:22:03.494+0000] {logging_mixin.py:150} INFO - [2024-01-27T02:22:03.494+0000] {dag.py:3504} INFO - Setting next_dagrun for example_weekday_branch_operator to 2024-01-26T00:00:00+00:00, run_after=2024-01-27T00:00:00+00:00
[2024-01-27T02:22:03.538+0000] {processor.py:179} INFO - Processing /usr/local/python/3.10.13/lib/python3.10/site-packages/airflow/example_dags/example_branch_day_of_week_operator.py took 0.087 seconds
[2024-01-27T02:22:54.672+0000] {processor.py:157} INFO - Started process (PID=8839) to work on /usr/local/python/3.10.13/lib/python3.10/site-packages/airflow/example_dags/example_branch_day_of_week_operator.py
[2024-01-27T02:22:54.673+0000] {processor.py:826} INFO - Processing file /usr/local/python/3.10.13/lib/python3.10/site-packages/airflow/example_dags/example_branch_day_of_week_operator.py for tasks to queue
[2024-01-27T02:22:54.674+0000] {logging_mixin.py:150} INFO - [2024-01-27T02:22:54.673+0000] {dagbag.py:541} INFO - Filling up the DagBag from /usr/local/python/3.10.13/lib/python3.10/site-packages/airflow/example_dags/example_branch_day_of_week_operator.py
[2024-01-27T02:22:54.682+0000] {processor.py:836} INFO - DAG(s) dict_keys(['example_weekday_branch_operator']) retrieved from /usr/local/python/3.10.13/lib/python3.10/site-packages/airflow/example_dags/example_branch_day_of_week_operator.py
[2024-01-27T02:22:54.696+0000] {logging_mixin.py:150} INFO - [2024-01-27T02:22:54.695+0000] {dag.py:2742} INFO - Sync 1 DAGs
[2024-01-27T02:22:54.715+0000] {logging_mixin.py:150} INFO - [2024-01-27T02:22:54.715+0000] {dag.py:3504} INFO - Setting next_dagrun for example_weekday_branch_operator to 2024-01-26T00:00:00+00:00, run_after=2024-01-27T00:00:00+00:00
[2024-01-27T02:22:54.760+0000] {processor.py:179} INFO - Processing /usr/local/python/3.10.13/lib/python3.10/site-packages/airflow/example_dags/example_branch_day_of_week_operator.py took 0.090 seconds
[2024-01-27T02:23:45.562+0000] {processor.py:157} INFO - Started process (PID=9339) to work on /usr/local/python/3.10.13/lib/python3.10/site-packages/airflow/example_dags/example_branch_day_of_week_operator.py
[2024-01-27T02:23:45.562+0000] {processor.py:826} INFO - Processing file /usr/local/python/3.10.13/lib/python3.10/site-packages/airflow/example_dags/example_branch_day_of_week_operator.py for tasks to queue
[2024-01-27T02:23:45.563+0000] {logging_mixin.py:150} INFO - [2024-01-27T02:23:45.563+0000] {dagbag.py:541} INFO - Filling up the DagBag from /usr/local/python/3.10.13/lib/python3.10/site-packages/airflow/example_dags/example_branch_day_of_week_operator.py
[2024-01-27T02:23:45.569+0000] {processor.py:836} INFO - DAG(s) dict_keys(['example_weekday_branch_operator']) retrieved from /usr/local/python/3.10.13/lib/python3.10/site-packages/airflow/example_dags/example_branch_day_of_week_operator.py
[2024-01-27T02:23:45.584+0000] {logging_mixin.py:150} INFO - [2024-01-27T02:23:45.584+0000] {dag.py:2742} INFO - Sync 1 DAGs
[2024-01-27T02:23:45.609+0000] {logging_mixin.py:150} INFO - [2024-01-27T02:23:45.609+0000] {dag.py:3504} INFO - Setting next_dagrun for example_weekday_branch_operator to 2024-01-26T00:00:00+00:00, run_after=2024-01-27T00:00:00+00:00
[2024-01-27T02:23:45.653+0000] {processor.py:179} INFO - Processing /usr/local/python/3.10.13/lib/python3.10/site-packages/airflow/example_dags/example_branch_day_of_week_operator.py took 0.094 seconds
