[2024-01-27T02:20:27.697+0000] {processor.py:157} INFO - Started process (PID=7300) to work on /usr/local/python/3.10.13/lib/python3.10/site-packages/airflow/example_dags/example_latest_only_with_trigger.py
[2024-01-27T02:20:27.698+0000] {processor.py:826} INFO - Processing file /usr/local/python/3.10.13/lib/python3.10/site-packages/airflow/example_dags/example_latest_only_with_trigger.py for tasks to queue
[2024-01-27T02:20:27.699+0000] {logging_mixin.py:150} INFO - [2024-01-27T02:20:27.698+0000] {dagbag.py:541} INFO - Filling up the DagBag from /usr/local/python/3.10.13/lib/python3.10/site-packages/airflow/example_dags/example_latest_only_with_trigger.py
[2024-01-27T02:20:27.704+0000] {processor.py:836} INFO - DAG(s) dict_keys(['latest_only_with_trigger']) retrieved from /usr/local/python/3.10.13/lib/python3.10/site-packages/airflow/example_dags/example_latest_only_with_trigger.py
[2024-01-27T02:20:27.831+0000] {logging_mixin.py:150} INFO - [2024-01-27T02:20:27.830+0000] {manager.py:504} INFO - Created Permission View: can read on DAG:latest_only_with_trigger
[2024-01-27T02:20:27.861+0000] {logging_mixin.py:150} INFO - [2024-01-27T02:20:27.861+0000] {manager.py:504} INFO - Created Permission View: can delete on DAG:latest_only_with_trigger
[2024-01-27T02:20:27.894+0000] {logging_mixin.py:150} INFO - [2024-01-27T02:20:27.894+0000] {manager.py:504} INFO - Created Permission View: can edit on DAG:latest_only_with_trigger
[2024-01-27T02:20:27.903+0000] {logging_mixin.py:150} INFO - [2024-01-27T02:20:27.903+0000] {dag.py:2742} INFO - Sync 1 DAGs
[2024-01-27T02:20:27.912+0000] {logging_mixin.py:150} INFO - [2024-01-27T02:20:27.912+0000] {dag.py:2763} INFO - Creating ORM DAG for latest_only_with_trigger
[2024-01-27T02:20:27.919+0000] {logging_mixin.py:150} INFO - [2024-01-27T02:20:27.919+0000] {dag.py:3504} INFO - Setting next_dagrun for latest_only_with_trigger to 2024-01-26T22:20:27.919125+00:00, run_after=2024-01-27T02:20:27.919125+00:00
[2024-01-27T02:20:27.959+0000] {processor.py:179} INFO - Processing /usr/local/python/3.10.13/lib/python3.10/site-packages/airflow/example_dags/example_latest_only_with_trigger.py took 0.263 seconds
[2024-01-27T02:21:23.264+0000] {processor.py:157} INFO - Started process (PID=8130) to work on /usr/local/python/3.10.13/lib/python3.10/site-packages/airflow/example_dags/example_latest_only_with_trigger.py
[2024-01-27T02:21:23.265+0000] {processor.py:826} INFO - Processing file /usr/local/python/3.10.13/lib/python3.10/site-packages/airflow/example_dags/example_latest_only_with_trigger.py for tasks to queue
[2024-01-27T02:21:23.266+0000] {logging_mixin.py:150} INFO - [2024-01-27T02:21:23.266+0000] {dagbag.py:541} INFO - Filling up the DagBag from /usr/local/python/3.10.13/lib/python3.10/site-packages/airflow/example_dags/example_latest_only_with_trigger.py
[2024-01-27T02:21:23.271+0000] {processor.py:836} INFO - DAG(s) dict_keys(['latest_only_with_trigger']) retrieved from /usr/local/python/3.10.13/lib/python3.10/site-packages/airflow/example_dags/example_latest_only_with_trigger.py
[2024-01-27T02:21:23.284+0000] {logging_mixin.py:150} INFO - [2024-01-27T02:21:23.283+0000] {dag.py:2742} INFO - Sync 1 DAGs
[2024-01-27T02:21:23.299+0000] {logging_mixin.py:150} INFO - [2024-01-27T02:21:23.299+0000] {dag.py:3504} INFO - Setting next_dagrun for latest_only_with_trigger to 2024-01-26T22:21:23.299405+00:00, run_after=2024-01-27T02:21:23.299405+00:00
[2024-01-27T02:21:23.338+0000] {processor.py:179} INFO - Processing /usr/local/python/3.10.13/lib/python3.10/site-packages/airflow/example_dags/example_latest_only_with_trigger.py took 0.075 seconds
[2024-01-27T02:22:21.081+0000] {processor.py:157} INFO - Started process (PID=8587) to work on /usr/local/python/3.10.13/lib/python3.10/site-packages/airflow/example_dags/example_latest_only_with_trigger.py
[2024-01-27T02:22:21.082+0000] {processor.py:826} INFO - Processing file /usr/local/python/3.10.13/lib/python3.10/site-packages/airflow/example_dags/example_latest_only_with_trigger.py for tasks to queue
[2024-01-27T02:22:21.083+0000] {logging_mixin.py:150} INFO - [2024-01-27T02:22:21.083+0000] {dagbag.py:541} INFO - Filling up the DagBag from /usr/local/python/3.10.13/lib/python3.10/site-packages/airflow/example_dags/example_latest_only_with_trigger.py
[2024-01-27T02:22:21.089+0000] {processor.py:836} INFO - DAG(s) dict_keys(['latest_only_with_trigger']) retrieved from /usr/local/python/3.10.13/lib/python3.10/site-packages/airflow/example_dags/example_latest_only_with_trigger.py
[2024-01-27T02:22:21.107+0000] {logging_mixin.py:150} INFO - [2024-01-27T02:22:21.107+0000] {dag.py:2742} INFO - Sync 1 DAGs
[2024-01-27T02:22:21.130+0000] {logging_mixin.py:150} INFO - [2024-01-27T02:22:21.129+0000] {dag.py:3504} INFO - Setting next_dagrun for latest_only_with_trigger to 2024-01-26T22:22:21.129752+00:00, run_after=2024-01-27T02:22:21.129752+00:00
[2024-01-27T02:22:21.174+0000] {processor.py:179} INFO - Processing /usr/local/python/3.10.13/lib/python3.10/site-packages/airflow/example_dags/example_latest_only_with_trigger.py took 0.097 seconds
[2024-01-27T02:23:11.540+0000] {processor.py:157} INFO - Started process (PID=9043) to work on /usr/local/python/3.10.13/lib/python3.10/site-packages/airflow/example_dags/example_latest_only_with_trigger.py
[2024-01-27T02:23:11.541+0000] {processor.py:826} INFO - Processing file /usr/local/python/3.10.13/lib/python3.10/site-packages/airflow/example_dags/example_latest_only_with_trigger.py for tasks to queue
[2024-01-27T02:23:11.542+0000] {logging_mixin.py:150} INFO - [2024-01-27T02:23:11.541+0000] {dagbag.py:541} INFO - Filling up the DagBag from /usr/local/python/3.10.13/lib/python3.10/site-packages/airflow/example_dags/example_latest_only_with_trigger.py
[2024-01-27T02:23:11.547+0000] {processor.py:836} INFO - DAG(s) dict_keys(['latest_only_with_trigger']) retrieved from /usr/local/python/3.10.13/lib/python3.10/site-packages/airflow/example_dags/example_latest_only_with_trigger.py
[2024-01-27T02:23:11.559+0000] {logging_mixin.py:150} INFO - [2024-01-27T02:23:11.559+0000] {dag.py:2742} INFO - Sync 1 DAGs
[2024-01-27T02:23:11.575+0000] {logging_mixin.py:150} INFO - [2024-01-27T02:23:11.574+0000] {dag.py:3504} INFO - Setting next_dagrun for latest_only_with_trigger to 2024-01-26T22:23:11.574775+00:00, run_after=2024-01-27T02:23:11.574775+00:00
[2024-01-27T02:23:11.617+0000] {processor.py:179} INFO - Processing /usr/local/python/3.10.13/lib/python3.10/site-packages/airflow/example_dags/example_latest_only_with_trigger.py took 0.079 seconds
[2024-01-27T02:24:00.974+0000] {processor.py:157} INFO - Started process (PID=9528) to work on /usr/local/python/3.10.13/lib/python3.10/site-packages/airflow/example_dags/example_latest_only_with_trigger.py
[2024-01-27T02:24:00.975+0000] {processor.py:826} INFO - Processing file /usr/local/python/3.10.13/lib/python3.10/site-packages/airflow/example_dags/example_latest_only_with_trigger.py for tasks to queue
[2024-01-27T02:24:00.975+0000] {logging_mixin.py:150} INFO - [2024-01-27T02:24:00.975+0000] {dagbag.py:541} INFO - Filling up the DagBag from /usr/local/python/3.10.13/lib/python3.10/site-packages/airflow/example_dags/example_latest_only_with_trigger.py
[2024-01-27T02:24:00.980+0000] {processor.py:836} INFO - DAG(s) dict_keys(['latest_only_with_trigger']) retrieved from /usr/local/python/3.10.13/lib/python3.10/site-packages/airflow/example_dags/example_latest_only_with_trigger.py
[2024-01-27T02:24:00.993+0000] {logging_mixin.py:150} INFO - [2024-01-27T02:24:00.993+0000] {dag.py:2742} INFO - Sync 1 DAGs
[2024-01-27T02:24:01.008+0000] {logging_mixin.py:150} INFO - [2024-01-27T02:24:01.008+0000] {dag.py:3504} INFO - Setting next_dagrun for latest_only_with_trigger to 2024-01-26T22:24:01.008349+00:00, run_after=2024-01-27T02:24:01.008349+00:00
[2024-01-27T02:24:01.065+0000] {processor.py:179} INFO - Processing /usr/local/python/3.10.13/lib/python3.10/site-packages/airflow/example_dags/example_latest_only_with_trigger.py took 0.093 seconds
