[2024-01-27T02:19:52.545+0000] {processor.py:157} INFO - Started process (PID=7037) to work on /usr/local/python/3.10.13/lib/python3.10/site-packages/airflow/example_dags/example_trigger_controller_dag.py
[2024-01-27T02:19:52.545+0000] {processor.py:826} INFO - Processing file /usr/local/python/3.10.13/lib/python3.10/site-packages/airflow/example_dags/example_trigger_controller_dag.py for tasks to queue
[2024-01-27T02:19:52.546+0000] {logging_mixin.py:150} INFO - [2024-01-27T02:19:52.546+0000] {dagbag.py:541} INFO - Filling up the DagBag from /usr/local/python/3.10.13/lib/python3.10/site-packages/airflow/example_dags/example_trigger_controller_dag.py
[2024-01-27T02:19:52.549+0000] {processor.py:836} INFO - DAG(s) dict_keys(['example_trigger_controller_dag']) retrieved from /usr/local/python/3.10.13/lib/python3.10/site-packages/airflow/example_dags/example_trigger_controller_dag.py
[2024-01-27T02:19:52.687+0000] {logging_mixin.py:150} INFO - [2024-01-27T02:19:52.686+0000] {manager.py:504} INFO - Created Permission View: can read on DAG:example_trigger_controller_dag
[2024-01-27T02:19:52.721+0000] {logging_mixin.py:150} INFO - [2024-01-27T02:19:52.720+0000] {manager.py:504} INFO - Created Permission View: can delete on DAG:example_trigger_controller_dag
[2024-01-27T02:19:52.750+0000] {logging_mixin.py:150} INFO - [2024-01-27T02:19:52.750+0000] {manager.py:504} INFO - Created Permission View: can edit on DAG:example_trigger_controller_dag
[2024-01-27T02:19:52.760+0000] {logging_mixin.py:150} INFO - [2024-01-27T02:19:52.759+0000] {dag.py:2742} INFO - Sync 1 DAGs
[2024-01-27T02:19:52.768+0000] {logging_mixin.py:150} INFO - [2024-01-27T02:19:52.768+0000] {dag.py:2763} INFO - Creating ORM DAG for example_trigger_controller_dag
[2024-01-27T02:19:52.775+0000] {logging_mixin.py:150} INFO - [2024-01-27T02:19:52.775+0000] {dag.py:3504} INFO - Setting next_dagrun for example_trigger_controller_dag to 2021-01-01T00:00:00+00:00, run_after=2021-01-01T00:00:00+00:00
[2024-01-27T02:19:52.818+0000] {processor.py:179} INFO - Processing /usr/local/python/3.10.13/lib/python3.10/site-packages/airflow/example_dags/example_trigger_controller_dag.py took 0.275 seconds
[2024-01-27T02:20:48.844+0000] {processor.py:157} INFO - Started process (PID=7471) to work on /usr/local/python/3.10.13/lib/python3.10/site-packages/airflow/example_dags/example_trigger_controller_dag.py
[2024-01-27T02:20:48.846+0000] {processor.py:826} INFO - Processing file /usr/local/python/3.10.13/lib/python3.10/site-packages/airflow/example_dags/example_trigger_controller_dag.py for tasks to queue
[2024-01-27T02:20:48.847+0000] {logging_mixin.py:150} INFO - [2024-01-27T02:20:48.847+0000] {dagbag.py:541} INFO - Filling up the DagBag from /usr/local/python/3.10.13/lib/python3.10/site-packages/airflow/example_dags/example_trigger_controller_dag.py
[2024-01-27T02:20:48.851+0000] {processor.py:836} INFO - DAG(s) dict_keys(['example_trigger_controller_dag']) retrieved from /usr/local/python/3.10.13/lib/python3.10/site-packages/airflow/example_dags/example_trigger_controller_dag.py
[2024-01-27T02:20:48.867+0000] {logging_mixin.py:150} INFO - [2024-01-27T02:20:48.867+0000] {dag.py:2742} INFO - Sync 1 DAGs
[2024-01-27T02:20:48.885+0000] {logging_mixin.py:150} INFO - [2024-01-27T02:20:48.885+0000] {dag.py:3504} INFO - Setting next_dagrun for example_trigger_controller_dag to 2021-01-01T00:00:00+00:00, run_after=2021-01-01T00:00:00+00:00
[2024-01-27T02:20:48.955+0000] {processor.py:179} INFO - Processing /usr/local/python/3.10.13/lib/python3.10/site-packages/airflow/example_dags/example_trigger_controller_dag.py took 0.113 seconds
[2024-01-27T02:21:40.846+0000] {processor.py:157} INFO - Started process (PID=8277) to work on /usr/local/python/3.10.13/lib/python3.10/site-packages/airflow/example_dags/example_trigger_controller_dag.py
[2024-01-27T02:21:40.847+0000] {processor.py:826} INFO - Processing file /usr/local/python/3.10.13/lib/python3.10/site-packages/airflow/example_dags/example_trigger_controller_dag.py for tasks to queue
[2024-01-27T02:21:40.847+0000] {logging_mixin.py:150} INFO - [2024-01-27T02:21:40.847+0000] {dagbag.py:541} INFO - Filling up the DagBag from /usr/local/python/3.10.13/lib/python3.10/site-packages/airflow/example_dags/example_trigger_controller_dag.py
[2024-01-27T02:21:40.851+0000] {processor.py:836} INFO - DAG(s) dict_keys(['example_trigger_controller_dag']) retrieved from /usr/local/python/3.10.13/lib/python3.10/site-packages/airflow/example_dags/example_trigger_controller_dag.py
[2024-01-27T02:21:40.864+0000] {logging_mixin.py:150} INFO - [2024-01-27T02:21:40.864+0000] {dag.py:2742} INFO - Sync 1 DAGs
[2024-01-27T02:21:40.885+0000] {logging_mixin.py:150} INFO - [2024-01-27T02:21:40.885+0000] {dag.py:3504} INFO - Setting next_dagrun for example_trigger_controller_dag to 2021-01-01T00:00:00+00:00, run_after=2021-01-01T00:00:00+00:00
[2024-01-27T02:21:40.925+0000] {processor.py:179} INFO - Processing /usr/local/python/3.10.13/lib/python3.10/site-packages/airflow/example_dags/example_trigger_controller_dag.py took 0.081 seconds
[2024-01-27T02:22:28.120+0000] {processor.py:157} INFO - Started process (PID=8623) to work on /usr/local/python/3.10.13/lib/python3.10/site-packages/airflow/example_dags/example_trigger_controller_dag.py
[2024-01-27T02:22:28.121+0000] {processor.py:826} INFO - Processing file /usr/local/python/3.10.13/lib/python3.10/site-packages/airflow/example_dags/example_trigger_controller_dag.py for tasks to queue
[2024-01-27T02:22:28.121+0000] {logging_mixin.py:150} INFO - [2024-01-27T02:22:28.121+0000] {dagbag.py:541} INFO - Filling up the DagBag from /usr/local/python/3.10.13/lib/python3.10/site-packages/airflow/example_dags/example_trigger_controller_dag.py
[2024-01-27T02:22:28.124+0000] {processor.py:836} INFO - DAG(s) dict_keys(['example_trigger_controller_dag']) retrieved from /usr/local/python/3.10.13/lib/python3.10/site-packages/airflow/example_dags/example_trigger_controller_dag.py
[2024-01-27T02:22:28.136+0000] {logging_mixin.py:150} INFO - [2024-01-27T02:22:28.136+0000] {dag.py:2742} INFO - Sync 1 DAGs
[2024-01-27T02:22:28.153+0000] {logging_mixin.py:150} INFO - [2024-01-27T02:22:28.153+0000] {dag.py:3504} INFO - Setting next_dagrun for example_trigger_controller_dag to 2021-01-01T00:00:00+00:00, run_after=2021-01-01T00:00:00+00:00
[2024-01-27T02:22:28.204+0000] {processor.py:179} INFO - Processing /usr/local/python/3.10.13/lib/python3.10/site-packages/airflow/example_dags/example_trigger_controller_dag.py took 0.086 seconds
[2024-01-27T02:23:18.387+0000] {processor.py:157} INFO - Started process (PID=9095) to work on /usr/local/python/3.10.13/lib/python3.10/site-packages/airflow/example_dags/example_trigger_controller_dag.py
[2024-01-27T02:23:18.388+0000] {processor.py:826} INFO - Processing file /usr/local/python/3.10.13/lib/python3.10/site-packages/airflow/example_dags/example_trigger_controller_dag.py for tasks to queue
[2024-01-27T02:23:18.389+0000] {logging_mixin.py:150} INFO - [2024-01-27T02:23:18.389+0000] {dagbag.py:541} INFO - Filling up the DagBag from /usr/local/python/3.10.13/lib/python3.10/site-packages/airflow/example_dags/example_trigger_controller_dag.py
[2024-01-27T02:23:18.393+0000] {processor.py:836} INFO - DAG(s) dict_keys(['example_trigger_controller_dag']) retrieved from /usr/local/python/3.10.13/lib/python3.10/site-packages/airflow/example_dags/example_trigger_controller_dag.py
[2024-01-27T02:23:18.413+0000] {logging_mixin.py:150} INFO - [2024-01-27T02:23:18.412+0000] {dag.py:2742} INFO - Sync 1 DAGs
[2024-01-27T02:23:18.437+0000] {logging_mixin.py:150} INFO - [2024-01-27T02:23:18.437+0000] {dag.py:3504} INFO - Setting next_dagrun for example_trigger_controller_dag to 2021-01-01T00:00:00+00:00, run_after=2021-01-01T00:00:00+00:00
[2024-01-27T02:23:18.478+0000] {processor.py:179} INFO - Processing /usr/local/python/3.10.13/lib/python3.10/site-packages/airflow/example_dags/example_trigger_controller_dag.py took 0.092 seconds
