[2024-01-27T02:20:29.054+0000] {processor.py:157} INFO - Started process (PID=7311) to work on /usr/local/python/3.10.13/lib/python3.10/site-packages/airflow/example_dags/example_branch_datetime_operator.py
[2024-01-27T02:20:29.055+0000] {processor.py:826} INFO - Processing file /usr/local/python/3.10.13/lib/python3.10/site-packages/airflow/example_dags/example_branch_datetime_operator.py for tasks to queue
[2024-01-27T02:20:29.056+0000] {logging_mixin.py:150} INFO - [2024-01-27T02:20:29.056+0000] {dagbag.py:541} INFO - Filling up the DagBag from /usr/local/python/3.10.13/lib/python3.10/site-packages/airflow/example_dags/example_branch_datetime_operator.py
[2024-01-27T02:20:29.066+0000] {processor.py:836} INFO - DAG(s) dict_keys(['example_branch_datetime_operator', 'example_branch_datetime_operator_3', 'example_branch_datetime_operator_2']) retrieved from /usr/local/python/3.10.13/lib/python3.10/site-packages/airflow/example_dags/example_branch_datetime_operator.py
[2024-01-27T02:20:29.204+0000] {logging_mixin.py:150} INFO - [2024-01-27T02:20:29.203+0000] {manager.py:504} INFO - Created Permission View: can read on DAG:example_branch_datetime_operator
[2024-01-27T02:20:29.236+0000] {logging_mixin.py:150} INFO - [2024-01-27T02:20:29.236+0000] {manager.py:504} INFO - Created Permission View: can delete on DAG:example_branch_datetime_operator
[2024-01-27T02:20:29.264+0000] {logging_mixin.py:150} INFO - [2024-01-27T02:20:29.264+0000] {manager.py:504} INFO - Created Permission View: can edit on DAG:example_branch_datetime_operator
[2024-01-27T02:20:29.359+0000] {logging_mixin.py:150} INFO - [2024-01-27T02:20:29.358+0000] {manager.py:504} INFO - Created Permission View: can read on DAG:example_branch_datetime_operator_3
[2024-01-27T02:20:29.390+0000] {logging_mixin.py:150} INFO - [2024-01-27T02:20:29.389+0000] {manager.py:504} INFO - Created Permission View: can delete on DAG:example_branch_datetime_operator_3
[2024-01-27T02:20:29.423+0000] {logging_mixin.py:150} INFO - [2024-01-27T02:20:29.422+0000] {manager.py:504} INFO - Created Permission View: can edit on DAG:example_branch_datetime_operator_3
[2024-01-27T02:20:29.495+0000] {logging_mixin.py:150} INFO - [2024-01-27T02:20:29.494+0000] {manager.py:504} INFO - Created Permission View: can read on DAG:example_branch_datetime_operator_2
[2024-01-27T02:20:29.527+0000] {logging_mixin.py:150} INFO - [2024-01-27T02:20:29.527+0000] {manager.py:504} INFO - Created Permission View: can delete on DAG:example_branch_datetime_operator_2
[2024-01-27T02:20:29.557+0000] {logging_mixin.py:150} INFO - [2024-01-27T02:20:29.557+0000] {manager.py:504} INFO - Created Permission View: can edit on DAG:example_branch_datetime_operator_2
[2024-01-27T02:20:29.560+0000] {logging_mixin.py:150} INFO - [2024-01-27T02:20:29.560+0000] {dag.py:2742} INFO - Sync 3 DAGs
[2024-01-27T02:20:29.569+0000] {logging_mixin.py:150} INFO - [2024-01-27T02:20:29.569+0000] {dag.py:2763} INFO - Creating ORM DAG for example_branch_datetime_operator
[2024-01-27T02:20:29.570+0000] {logging_mixin.py:150} INFO - [2024-01-27T02:20:29.570+0000] {dag.py:2763} INFO - Creating ORM DAG for example_branch_datetime_operator_3
[2024-01-27T02:20:29.570+0000] {logging_mixin.py:150} INFO - [2024-01-27T02:20:29.570+0000] {dag.py:2763} INFO - Creating ORM DAG for example_branch_datetime_operator_2
[2024-01-27T02:20:29.579+0000] {logging_mixin.py:150} INFO - [2024-01-27T02:20:29.579+0000] {dag.py:3504} INFO - Setting next_dagrun for example_branch_datetime_operator to 2024-01-26T00:00:00+00:00, run_after=2024-01-27T00:00:00+00:00
[2024-01-27T02:20:29.580+0000] {logging_mixin.py:150} INFO - [2024-01-27T02:20:29.580+0000] {dag.py:3504} INFO - Setting next_dagrun for example_branch_datetime_operator_2 to 2024-01-26T00:00:00+00:00, run_after=2024-01-27T00:00:00+00:00
[2024-01-27T02:20:29.582+0000] {logging_mixin.py:150} INFO - [2024-01-27T02:20:29.582+0000] {dag.py:3504} INFO - Setting next_dagrun for example_branch_datetime_operator_3 to 2024-01-26T00:00:00+00:00, run_after=2024-01-27T00:00:00+00:00
[2024-01-27T02:20:29.627+0000] {processor.py:179} INFO - Processing /usr/local/python/3.10.13/lib/python3.10/site-packages/airflow/example_dags/example_branch_datetime_operator.py took 0.575 seconds
[2024-01-27T02:21:44.824+0000] {processor.py:157} INFO - Started process (PID=8305) to work on /usr/local/python/3.10.13/lib/python3.10/site-packages/airflow/example_dags/example_branch_datetime_operator.py
[2024-01-27T02:21:44.825+0000] {processor.py:826} INFO - Processing file /usr/local/python/3.10.13/lib/python3.10/site-packages/airflow/example_dags/example_branch_datetime_operator.py for tasks to queue
[2024-01-27T02:21:44.825+0000] {logging_mixin.py:150} INFO - [2024-01-27T02:21:44.825+0000] {dagbag.py:541} INFO - Filling up the DagBag from /usr/local/python/3.10.13/lib/python3.10/site-packages/airflow/example_dags/example_branch_datetime_operator.py
[2024-01-27T02:21:44.833+0000] {processor.py:836} INFO - DAG(s) dict_keys(['example_branch_datetime_operator_2', 'example_branch_datetime_operator_3', 'example_branch_datetime_operator']) retrieved from /usr/local/python/3.10.13/lib/python3.10/site-packages/airflow/example_dags/example_branch_datetime_operator.py
[2024-01-27T02:21:44.852+0000] {logging_mixin.py:150} INFO - [2024-01-27T02:21:44.852+0000] {dag.py:2742} INFO - Sync 3 DAGs
[2024-01-27T02:21:44.869+0000] {logging_mixin.py:150} INFO - [2024-01-27T02:21:44.869+0000] {dag.py:3504} INFO - Setting next_dagrun for example_branch_datetime_operator to 2024-01-26T00:00:00+00:00, run_after=2024-01-27T00:00:00+00:00
[2024-01-27T02:21:44.873+0000] {logging_mixin.py:150} INFO - [2024-01-27T02:21:44.873+0000] {dag.py:3504} INFO - Setting next_dagrun for example_branch_datetime_operator_2 to 2024-01-26T00:00:00+00:00, run_after=2024-01-27T00:00:00+00:00
[2024-01-27T02:21:44.875+0000] {logging_mixin.py:150} INFO - [2024-01-27T02:21:44.875+0000] {dag.py:3504} INFO - Setting next_dagrun for example_branch_datetime_operator_3 to 2024-01-26T00:00:00+00:00, run_after=2024-01-27T00:00:00+00:00
[2024-01-27T02:21:44.914+0000] {processor.py:179} INFO - Processing /usr/local/python/3.10.13/lib/python3.10/site-packages/airflow/example_dags/example_branch_datetime_operator.py took 0.093 seconds
[2024-01-27T02:22:36.644+0000] {processor.py:157} INFO - Started process (PID=8689) to work on /usr/local/python/3.10.13/lib/python3.10/site-packages/airflow/example_dags/example_branch_datetime_operator.py
[2024-01-27T02:22:36.645+0000] {processor.py:826} INFO - Processing file /usr/local/python/3.10.13/lib/python3.10/site-packages/airflow/example_dags/example_branch_datetime_operator.py for tasks to queue
[2024-01-27T02:22:36.646+0000] {logging_mixin.py:150} INFO - [2024-01-27T02:22:36.645+0000] {dagbag.py:541} INFO - Filling up the DagBag from /usr/local/python/3.10.13/lib/python3.10/site-packages/airflow/example_dags/example_branch_datetime_operator.py
[2024-01-27T02:22:36.654+0000] {processor.py:836} INFO - DAG(s) dict_keys(['example_branch_datetime_operator_3', 'example_branch_datetime_operator', 'example_branch_datetime_operator_2']) retrieved from /usr/local/python/3.10.13/lib/python3.10/site-packages/airflow/example_dags/example_branch_datetime_operator.py
[2024-01-27T02:22:36.673+0000] {logging_mixin.py:150} INFO - [2024-01-27T02:22:36.673+0000] {dag.py:2742} INFO - Sync 3 DAGs
[2024-01-27T02:22:36.690+0000] {logging_mixin.py:150} INFO - [2024-01-27T02:22:36.690+0000] {dag.py:3504} INFO - Setting next_dagrun for example_branch_datetime_operator to 2024-01-26T00:00:00+00:00, run_after=2024-01-27T00:00:00+00:00
[2024-01-27T02:22:36.695+0000] {logging_mixin.py:150} INFO - [2024-01-27T02:22:36.695+0000] {dag.py:3504} INFO - Setting next_dagrun for example_branch_datetime_operator_2 to 2024-01-26T00:00:00+00:00, run_after=2024-01-27T00:00:00+00:00
[2024-01-27T02:22:36.698+0000] {logging_mixin.py:150} INFO - [2024-01-27T02:22:36.698+0000] {dag.py:3504} INFO - Setting next_dagrun for example_branch_datetime_operator_3 to 2024-01-26T00:00:00+00:00, run_after=2024-01-27T00:00:00+00:00
[2024-01-27T02:22:36.746+0000] {processor.py:179} INFO - Processing /usr/local/python/3.10.13/lib/python3.10/site-packages/airflow/example_dags/example_branch_datetime_operator.py took 0.104 seconds
[2024-01-27T02:23:27.856+0000] {processor.py:157} INFO - Started process (PID=9163) to work on /usr/local/python/3.10.13/lib/python3.10/site-packages/airflow/example_dags/example_branch_datetime_operator.py
[2024-01-27T02:23:27.856+0000] {processor.py:826} INFO - Processing file /usr/local/python/3.10.13/lib/python3.10/site-packages/airflow/example_dags/example_branch_datetime_operator.py for tasks to queue
[2024-01-27T02:23:27.857+0000] {logging_mixin.py:150} INFO - [2024-01-27T02:23:27.857+0000] {dagbag.py:541} INFO - Filling up the DagBag from /usr/local/python/3.10.13/lib/python3.10/site-packages/airflow/example_dags/example_branch_datetime_operator.py
[2024-01-27T02:23:27.865+0000] {processor.py:836} INFO - DAG(s) dict_keys(['example_branch_datetime_operator', 'example_branch_datetime_operator_3', 'example_branch_datetime_operator_2']) retrieved from /usr/local/python/3.10.13/lib/python3.10/site-packages/airflow/example_dags/example_branch_datetime_operator.py
[2024-01-27T02:23:27.884+0000] {logging_mixin.py:150} INFO - [2024-01-27T02:23:27.883+0000] {dag.py:2742} INFO - Sync 3 DAGs
[2024-01-27T02:23:27.901+0000] {logging_mixin.py:150} INFO - [2024-01-27T02:23:27.901+0000] {dag.py:3504} INFO - Setting next_dagrun for example_branch_datetime_operator to 2024-01-26T00:00:00+00:00, run_after=2024-01-27T00:00:00+00:00
[2024-01-27T02:23:27.905+0000] {logging_mixin.py:150} INFO - [2024-01-27T02:23:27.905+0000] {dag.py:3504} INFO - Setting next_dagrun for example_branch_datetime_operator_2 to 2024-01-26T00:00:00+00:00, run_after=2024-01-27T00:00:00+00:00
[2024-01-27T02:23:27.907+0000] {logging_mixin.py:150} INFO - [2024-01-27T02:23:27.907+0000] {dag.py:3504} INFO - Setting next_dagrun for example_branch_datetime_operator_3 to 2024-01-26T00:00:00+00:00, run_after=2024-01-27T00:00:00+00:00
[2024-01-27T02:23:27.945+0000] {processor.py:179} INFO - Processing /usr/local/python/3.10.13/lib/python3.10/site-packages/airflow/example_dags/example_branch_datetime_operator.py took 0.092 seconds
