[2024-01-27T02:20:09.947+0000] {processor.py:157} INFO - Started process (PID=7179) to work on /usr/local/python/3.10.13/lib/python3.10/site-packages/airflow/example_dags/example_dynamic_task_mapping_with_no_taskflow_operators.py
[2024-01-27T02:20:09.948+0000] {processor.py:826} INFO - Processing file /usr/local/python/3.10.13/lib/python3.10/site-packages/airflow/example_dags/example_dynamic_task_mapping_with_no_taskflow_operators.py for tasks to queue
[2024-01-27T02:20:09.949+0000] {logging_mixin.py:150} INFO - [2024-01-27T02:20:09.949+0000] {dagbag.py:541} INFO - Filling up the DagBag from /usr/local/python/3.10.13/lib/python3.10/site-packages/airflow/example_dags/example_dynamic_task_mapping_with_no_taskflow_operators.py
[2024-01-27T02:20:09.965+0000] {processor.py:836} INFO - DAG(s) dict_keys(['example_dynamic_task_mapping_with_no_taskflow_operators']) retrieved from /usr/local/python/3.10.13/lib/python3.10/site-packages/airflow/example_dags/example_dynamic_task_mapping_with_no_taskflow_operators.py
[2024-01-27T02:20:10.096+0000] {logging_mixin.py:150} INFO - [2024-01-27T02:20:10.095+0000] {manager.py:504} INFO - Created Permission View: can read on DAG:example_dynamic_task_mapping_with_no_taskflow_operators
[2024-01-27T02:20:10.128+0000] {logging_mixin.py:150} INFO - [2024-01-27T02:20:10.128+0000] {manager.py:504} INFO - Created Permission View: can delete on DAG:example_dynamic_task_mapping_with_no_taskflow_operators
[2024-01-27T02:20:10.155+0000] {logging_mixin.py:150} INFO - [2024-01-27T02:20:10.155+0000] {manager.py:504} INFO - Created Permission View: can edit on DAG:example_dynamic_task_mapping_with_no_taskflow_operators
[2024-01-27T02:20:10.164+0000] {logging_mixin.py:150} INFO - [2024-01-27T02:20:10.164+0000] {dag.py:2742} INFO - Sync 1 DAGs
[2024-01-27T02:20:10.172+0000] {logging_mixin.py:150} INFO - [2024-01-27T02:20:10.172+0000] {dag.py:2763} INFO - Creating ORM DAG for example_dynamic_task_mapping_with_no_taskflow_operators
[2024-01-27T02:20:10.179+0000] {logging_mixin.py:150} INFO - [2024-01-27T02:20:10.179+0000] {dag.py:3504} INFO - Setting next_dagrun for example_dynamic_task_mapping_with_no_taskflow_operators to 2024-01-26T02:20:10.178941+00:00, run_after=2024-01-27T02:20:10.178941+00:00
[2024-01-27T02:20:10.220+0000] {processor.py:179} INFO - Processing /usr/local/python/3.10.13/lib/python3.10/site-packages/airflow/example_dags/example_dynamic_task_mapping_with_no_taskflow_operators.py took 0.275 seconds
[2024-01-27T02:21:06.485+0000] {processor.py:157} INFO - Started process (PID=8019) to work on /usr/local/python/3.10.13/lib/python3.10/site-packages/airflow/example_dags/example_dynamic_task_mapping_with_no_taskflow_operators.py
[2024-01-27T02:21:06.487+0000] {processor.py:826} INFO - Processing file /usr/local/python/3.10.13/lib/python3.10/site-packages/airflow/example_dags/example_dynamic_task_mapping_with_no_taskflow_operators.py for tasks to queue
[2024-01-27T02:21:06.491+0000] {logging_mixin.py:150} INFO - [2024-01-27T02:21:06.490+0000] {dagbag.py:541} INFO - Filling up the DagBag from /usr/local/python/3.10.13/lib/python3.10/site-packages/airflow/example_dags/example_dynamic_task_mapping_with_no_taskflow_operators.py
[2024-01-27T02:21:06.505+0000] {processor.py:836} INFO - DAG(s) dict_keys(['example_dynamic_task_mapping_with_no_taskflow_operators']) retrieved from /usr/local/python/3.10.13/lib/python3.10/site-packages/airflow/example_dags/example_dynamic_task_mapping_with_no_taskflow_operators.py
[2024-01-27T02:21:06.547+0000] {logging_mixin.py:150} INFO - [2024-01-27T02:21:06.547+0000] {dag.py:2742} INFO - Sync 1 DAGs
[2024-01-27T02:21:06.611+0000] {logging_mixin.py:150} INFO - [2024-01-27T02:21:06.611+0000] {dag.py:3504} INFO - Setting next_dagrun for example_dynamic_task_mapping_with_no_taskflow_operators to 2024-01-26T02:21:06.611323+00:00, run_after=2024-01-27T02:21:06.611323+00:00
[2024-01-27T02:21:06.699+0000] {processor.py:179} INFO - Processing /usr/local/python/3.10.13/lib/python3.10/site-packages/airflow/example_dags/example_dynamic_task_mapping_with_no_taskflow_operators.py took 0.228 seconds
[2024-01-27T02:21:55.159+0000] {processor.py:157} INFO - Started process (PID=8400) to work on /usr/local/python/3.10.13/lib/python3.10/site-packages/airflow/example_dags/example_dynamic_task_mapping_with_no_taskflow_operators.py
[2024-01-27T02:21:55.160+0000] {processor.py:826} INFO - Processing file /usr/local/python/3.10.13/lib/python3.10/site-packages/airflow/example_dags/example_dynamic_task_mapping_with_no_taskflow_operators.py for tasks to queue
[2024-01-27T02:21:55.160+0000] {logging_mixin.py:150} INFO - [2024-01-27T02:21:55.160+0000] {dagbag.py:541} INFO - Filling up the DagBag from /usr/local/python/3.10.13/lib/python3.10/site-packages/airflow/example_dags/example_dynamic_task_mapping_with_no_taskflow_operators.py
[2024-01-27T02:21:55.166+0000] {processor.py:836} INFO - DAG(s) dict_keys(['example_dynamic_task_mapping_with_no_taskflow_operators']) retrieved from /usr/local/python/3.10.13/lib/python3.10/site-packages/airflow/example_dags/example_dynamic_task_mapping_with_no_taskflow_operators.py
[2024-01-27T02:21:55.177+0000] {logging_mixin.py:150} INFO - [2024-01-27T02:21:55.177+0000] {dag.py:2742} INFO - Sync 1 DAGs
[2024-01-27T02:21:55.193+0000] {logging_mixin.py:150} INFO - [2024-01-27T02:21:55.193+0000] {dag.py:3504} INFO - Setting next_dagrun for example_dynamic_task_mapping_with_no_taskflow_operators to 2024-01-26T02:21:55.193052+00:00, run_after=2024-01-27T02:21:55.193052+00:00
[2024-01-27T02:21:55.234+0000] {processor.py:179} INFO - Processing /usr/local/python/3.10.13/lib/python3.10/site-packages/airflow/example_dags/example_dynamic_task_mapping_with_no_taskflow_operators.py took 0.078 seconds
[2024-01-27T02:22:46.736+0000] {processor.py:157} INFO - Started process (PID=8758) to work on /usr/local/python/3.10.13/lib/python3.10/site-packages/airflow/example_dags/example_dynamic_task_mapping_with_no_taskflow_operators.py
[2024-01-27T02:22:46.737+0000] {processor.py:826} INFO - Processing file /usr/local/python/3.10.13/lib/python3.10/site-packages/airflow/example_dags/example_dynamic_task_mapping_with_no_taskflow_operators.py for tasks to queue
[2024-01-27T02:22:46.738+0000] {logging_mixin.py:150} INFO - [2024-01-27T02:22:46.738+0000] {dagbag.py:541} INFO - Filling up the DagBag from /usr/local/python/3.10.13/lib/python3.10/site-packages/airflow/example_dags/example_dynamic_task_mapping_with_no_taskflow_operators.py
[2024-01-27T02:22:46.743+0000] {processor.py:836} INFO - DAG(s) dict_keys(['example_dynamic_task_mapping_with_no_taskflow_operators']) retrieved from /usr/local/python/3.10.13/lib/python3.10/site-packages/airflow/example_dags/example_dynamic_task_mapping_with_no_taskflow_operators.py
[2024-01-27T02:22:46.759+0000] {logging_mixin.py:150} INFO - [2024-01-27T02:22:46.759+0000] {dag.py:2742} INFO - Sync 1 DAGs
[2024-01-27T02:22:46.777+0000] {logging_mixin.py:150} INFO - [2024-01-27T02:22:46.777+0000] {dag.py:3504} INFO - Setting next_dagrun for example_dynamic_task_mapping_with_no_taskflow_operators to 2024-01-26T02:22:46.777273+00:00, run_after=2024-01-27T02:22:46.777273+00:00
[2024-01-27T02:22:46.815+0000] {processor.py:179} INFO - Processing /usr/local/python/3.10.13/lib/python3.10/site-packages/airflow/example_dags/example_dynamic_task_mapping_with_no_taskflow_operators.py took 0.080 seconds
[2024-01-27T02:23:36.699+0000] {processor.py:157} INFO - Started process (PID=9267) to work on /usr/local/python/3.10.13/lib/python3.10/site-packages/airflow/example_dags/example_dynamic_task_mapping_with_no_taskflow_operators.py
[2024-01-27T02:23:36.700+0000] {processor.py:826} INFO - Processing file /usr/local/python/3.10.13/lib/python3.10/site-packages/airflow/example_dags/example_dynamic_task_mapping_with_no_taskflow_operators.py for tasks to queue
[2024-01-27T02:23:36.701+0000] {logging_mixin.py:150} INFO - [2024-01-27T02:23:36.700+0000] {dagbag.py:541} INFO - Filling up the DagBag from /usr/local/python/3.10.13/lib/python3.10/site-packages/airflow/example_dags/example_dynamic_task_mapping_with_no_taskflow_operators.py
[2024-01-27T02:23:36.707+0000] {processor.py:836} INFO - DAG(s) dict_keys(['example_dynamic_task_mapping_with_no_taskflow_operators']) retrieved from /usr/local/python/3.10.13/lib/python3.10/site-packages/airflow/example_dags/example_dynamic_task_mapping_with_no_taskflow_operators.py
[2024-01-27T02:23:36.718+0000] {logging_mixin.py:150} INFO - [2024-01-27T02:23:36.718+0000] {dag.py:2742} INFO - Sync 1 DAGs
[2024-01-27T02:23:36.733+0000] {logging_mixin.py:150} INFO - [2024-01-27T02:23:36.733+0000] {dag.py:3504} INFO - Setting next_dagrun for example_dynamic_task_mapping_with_no_taskflow_operators to 2024-01-26T02:23:36.733462+00:00, run_after=2024-01-27T02:23:36.733462+00:00
[2024-01-27T02:23:36.786+0000] {processor.py:179} INFO - Processing /usr/local/python/3.10.13/lib/python3.10/site-packages/airflow/example_dags/example_dynamic_task_mapping_with_no_taskflow_operators.py took 0.089 seconds
