[2024-01-27T02:20:30.544+0000] {processor.py:157} INFO - Started process (PID=7319) to work on /usr/local/python/3.10.13/lib/python3.10/site-packages/airflow/example_dags/example_bash_operator.py
[2024-01-27T02:20:30.545+0000] {processor.py:826} INFO - Processing file /usr/local/python/3.10.13/lib/python3.10/site-packages/airflow/example_dags/example_bash_operator.py for tasks to queue
[2024-01-27T02:20:30.545+0000] {logging_mixin.py:150} INFO - [2024-01-27T02:20:30.545+0000] {dagbag.py:541} INFO - Filling up the DagBag from /usr/local/python/3.10.13/lib/python3.10/site-packages/airflow/example_dags/example_bash_operator.py
[2024-01-27T02:20:30.554+0000] {processor.py:836} INFO - DAG(s) dict_keys(['example_bash_operator']) retrieved from /usr/local/python/3.10.13/lib/python3.10/site-packages/airflow/example_dags/example_bash_operator.py
[2024-01-27T02:20:30.700+0000] {logging_mixin.py:150} INFO - [2024-01-27T02:20:30.700+0000] {manager.py:504} INFO - Created Permission View: can read on DAG:example_bash_operator
[2024-01-27T02:20:30.738+0000] {logging_mixin.py:150} INFO - [2024-01-27T02:20:30.738+0000] {manager.py:504} INFO - Created Permission View: can delete on DAG:example_bash_operator
[2024-01-27T02:20:30.769+0000] {logging_mixin.py:150} INFO - [2024-01-27T02:20:30.768+0000] {manager.py:504} INFO - Created Permission View: can edit on DAG:example_bash_operator
[2024-01-27T02:20:30.778+0000] {logging_mixin.py:150} INFO - [2024-01-27T02:20:30.778+0000] {dag.py:2742} INFO - Sync 1 DAGs
[2024-01-27T02:20:30.786+0000] {logging_mixin.py:150} INFO - [2024-01-27T02:20:30.786+0000] {dag.py:2763} INFO - Creating ORM DAG for example_bash_operator
[2024-01-27T02:20:30.794+0000] {logging_mixin.py:150} INFO - [2024-01-27T02:20:30.794+0000] {dag.py:3504} INFO - Setting next_dagrun for example_bash_operator to 2024-01-26T00:00:00+00:00, run_after=2024-01-27T00:00:00+00:00
[2024-01-27T02:20:30.841+0000] {processor.py:179} INFO - Processing /usr/local/python/3.10.13/lib/python3.10/site-packages/airflow/example_dags/example_bash_operator.py took 0.301 seconds
[2024-01-27T02:21:46.015+0000] {processor.py:157} INFO - Started process (PID=8306) to work on /usr/local/python/3.10.13/lib/python3.10/site-packages/airflow/example_dags/example_bash_operator.py
[2024-01-27T02:21:46.016+0000] {processor.py:826} INFO - Processing file /usr/local/python/3.10.13/lib/python3.10/site-packages/airflow/example_dags/example_bash_operator.py for tasks to queue
[2024-01-27T02:21:46.017+0000] {logging_mixin.py:150} INFO - [2024-01-27T02:21:46.016+0000] {dagbag.py:541} INFO - Filling up the DagBag from /usr/local/python/3.10.13/lib/python3.10/site-packages/airflow/example_dags/example_bash_operator.py
[2024-01-27T02:21:46.026+0000] {processor.py:836} INFO - DAG(s) dict_keys(['example_bash_operator']) retrieved from /usr/local/python/3.10.13/lib/python3.10/site-packages/airflow/example_dags/example_bash_operator.py
[2024-01-27T02:21:46.045+0000] {logging_mixin.py:150} INFO - [2024-01-27T02:21:46.044+0000] {dag.py:2742} INFO - Sync 1 DAGs
[2024-01-27T02:21:46.062+0000] {logging_mixin.py:150} INFO - [2024-01-27T02:21:46.062+0000] {dag.py:3504} INFO - Setting next_dagrun for example_bash_operator to 2024-01-26T00:00:00+00:00, run_after=2024-01-27T00:00:00+00:00
[2024-01-27T02:21:46.102+0000] {processor.py:179} INFO - Processing /usr/local/python/3.10.13/lib/python3.10/site-packages/airflow/example_dags/example_bash_operator.py took 0.089 seconds
[2024-01-27T02:22:37.120+0000] {processor.py:157} INFO - Started process (PID=8690) to work on /usr/local/python/3.10.13/lib/python3.10/site-packages/airflow/example_dags/example_bash_operator.py
[2024-01-27T02:22:37.120+0000] {processor.py:826} INFO - Processing file /usr/local/python/3.10.13/lib/python3.10/site-packages/airflow/example_dags/example_bash_operator.py for tasks to queue
[2024-01-27T02:22:37.121+0000] {logging_mixin.py:150} INFO - [2024-01-27T02:22:37.121+0000] {dagbag.py:541} INFO - Filling up the DagBag from /usr/local/python/3.10.13/lib/python3.10/site-packages/airflow/example_dags/example_bash_operator.py
[2024-01-27T02:22:37.130+0000] {processor.py:836} INFO - DAG(s) dict_keys(['example_bash_operator']) retrieved from /usr/local/python/3.10.13/lib/python3.10/site-packages/airflow/example_dags/example_bash_operator.py
[2024-01-27T02:22:37.148+0000] {logging_mixin.py:150} INFO - [2024-01-27T02:22:37.148+0000] {dag.py:2742} INFO - Sync 1 DAGs
[2024-01-27T02:22:37.164+0000] {logging_mixin.py:150} INFO - [2024-01-27T02:22:37.164+0000] {dag.py:3504} INFO - Setting next_dagrun for example_bash_operator to 2024-01-26T00:00:00+00:00, run_after=2024-01-27T00:00:00+00:00
[2024-01-27T02:22:37.205+0000] {processor.py:179} INFO - Processing /usr/local/python/3.10.13/lib/python3.10/site-packages/airflow/example_dags/example_bash_operator.py took 0.087 seconds
[2024-01-27T02:23:28.780+0000] {processor.py:157} INFO - Started process (PID=9170) to work on /usr/local/python/3.10.13/lib/python3.10/site-packages/airflow/example_dags/example_bash_operator.py
[2024-01-27T02:23:28.781+0000] {processor.py:826} INFO - Processing file /usr/local/python/3.10.13/lib/python3.10/site-packages/airflow/example_dags/example_bash_operator.py for tasks to queue
[2024-01-27T02:23:28.782+0000] {logging_mixin.py:150} INFO - [2024-01-27T02:23:28.781+0000] {dagbag.py:541} INFO - Filling up the DagBag from /usr/local/python/3.10.13/lib/python3.10/site-packages/airflow/example_dags/example_bash_operator.py
[2024-01-27T02:23:28.791+0000] {processor.py:836} INFO - DAG(s) dict_keys(['example_bash_operator']) retrieved from /usr/local/python/3.10.13/lib/python3.10/site-packages/airflow/example_dags/example_bash_operator.py
[2024-01-27T02:23:28.810+0000] {logging_mixin.py:150} INFO - [2024-01-27T02:23:28.810+0000] {dag.py:2742} INFO - Sync 1 DAGs
[2024-01-27T02:23:28.830+0000] {logging_mixin.py:150} INFO - [2024-01-27T02:23:28.830+0000] {dag.py:3504} INFO - Setting next_dagrun for example_bash_operator to 2024-01-26T00:00:00+00:00, run_after=2024-01-27T00:00:00+00:00
[2024-01-27T02:23:28.873+0000] {processor.py:179} INFO - Processing /usr/local/python/3.10.13/lib/python3.10/site-packages/airflow/example_dags/example_bash_operator.py took 0.095 seconds
