[2024-01-27T02:20:02.416+0000] {processor.py:157} INFO - Started process (PID=7120) to work on /usr/local/python/3.10.13/lib/python3.10/site-packages/airflow/example_dags/example_dag_decorator.py
[2024-01-27T02:20:02.417+0000] {processor.py:826} INFO - Processing file /usr/local/python/3.10.13/lib/python3.10/site-packages/airflow/example_dags/example_dag_decorator.py for tasks to queue
[2024-01-27T02:20:02.418+0000] {logging_mixin.py:150} INFO - [2024-01-27T02:20:02.418+0000] {dagbag.py:541} INFO - Filling up the DagBag from /usr/local/python/3.10.13/lib/python3.10/site-packages/airflow/example_dags/example_dag_decorator.py
[2024-01-27T02:20:02.431+0000] {processor.py:836} INFO - DAG(s) dict_keys(['example_dag_decorator']) retrieved from /usr/local/python/3.10.13/lib/python3.10/site-packages/airflow/example_dags/example_dag_decorator.py
[2024-01-27T02:20:02.653+0000] {logging_mixin.py:150} INFO - [2024-01-27T02:20:02.653+0000] {manager.py:504} INFO - Created Permission View: can read on DAG:example_dag_decorator
[2024-01-27T02:20:02.690+0000] {logging_mixin.py:150} INFO - [2024-01-27T02:20:02.689+0000] {manager.py:504} INFO - Created Permission View: can delete on DAG:example_dag_decorator
[2024-01-27T02:20:02.722+0000] {logging_mixin.py:150} INFO - [2024-01-27T02:20:02.722+0000] {manager.py:504} INFO - Created Permission View: can edit on DAG:example_dag_decorator
[2024-01-27T02:20:03.470+0000] {logging_mixin.py:150} INFO - [2024-01-27T02:20:03.469+0000] {dag.py:2742} INFO - Sync 1 DAGs
[2024-01-27T02:20:03.503+0000] {logging_mixin.py:150} INFO - [2024-01-27T02:20:03.503+0000] {dag.py:2763} INFO - Creating ORM DAG for example_dag_decorator
[2024-01-27T02:20:03.615+0000] {logging_mixin.py:150} INFO - [2024-01-27T02:20:03.615+0000] {dag.py:3504} INFO - Setting next_dagrun for example_dag_decorator to None, run_after=None
[2024-01-27T02:20:03.657+0000] {processor.py:179} INFO - Processing /usr/local/python/3.10.13/lib/python3.10/site-packages/airflow/example_dags/example_dag_decorator.py took 1.244 seconds
[2024-01-27T02:21:00.482+0000] {processor.py:157} INFO - Started process (PID=7977) to work on /usr/local/python/3.10.13/lib/python3.10/site-packages/airflow/example_dags/example_dag_decorator.py
[2024-01-27T02:21:00.488+0000] {processor.py:826} INFO - Processing file /usr/local/python/3.10.13/lib/python3.10/site-packages/airflow/example_dags/example_dag_decorator.py for tasks to queue
[2024-01-27T02:21:00.489+0000] {logging_mixin.py:150} INFO - [2024-01-27T02:21:00.489+0000] {dagbag.py:541} INFO - Filling up the DagBag from /usr/local/python/3.10.13/lib/python3.10/site-packages/airflow/example_dags/example_dag_decorator.py
[2024-01-27T02:21:00.502+0000] {processor.py:836} INFO - DAG(s) dict_keys(['example_dag_decorator']) retrieved from /usr/local/python/3.10.13/lib/python3.10/site-packages/airflow/example_dags/example_dag_decorator.py
[2024-01-27T02:21:00.886+0000] {logging_mixin.py:150} INFO - [2024-01-27T02:21:00.886+0000] {dag.py:2742} INFO - Sync 1 DAGs
[2024-01-27T02:21:00.998+0000] {logging_mixin.py:150} INFO - [2024-01-27T02:21:00.998+0000] {dag.py:3504} INFO - Setting next_dagrun for example_dag_decorator to None, run_after=None
[2024-01-27T02:21:01.123+0000] {processor.py:179} INFO - Processing /usr/local/python/3.10.13/lib/python3.10/site-packages/airflow/example_dags/example_dag_decorator.py took 0.645 seconds
[2024-01-27T02:21:51.183+0000] {processor.py:157} INFO - Started process (PID=8366) to work on /usr/local/python/3.10.13/lib/python3.10/site-packages/airflow/example_dags/example_dag_decorator.py
[2024-01-27T02:21:51.183+0000] {processor.py:826} INFO - Processing file /usr/local/python/3.10.13/lib/python3.10/site-packages/airflow/example_dags/example_dag_decorator.py for tasks to queue
[2024-01-27T02:21:51.184+0000] {logging_mixin.py:150} INFO - [2024-01-27T02:21:51.184+0000] {dagbag.py:541} INFO - Filling up the DagBag from /usr/local/python/3.10.13/lib/python3.10/site-packages/airflow/example_dags/example_dag_decorator.py
[2024-01-27T02:21:51.195+0000] {processor.py:836} INFO - DAG(s) dict_keys(['example_dag_decorator']) retrieved from /usr/local/python/3.10.13/lib/python3.10/site-packages/airflow/example_dags/example_dag_decorator.py
[2024-01-27T02:21:51.278+0000] {logging_mixin.py:150} INFO - [2024-01-27T02:21:51.278+0000] {dag.py:2742} INFO - Sync 1 DAGs
[2024-01-27T02:21:51.293+0000] {logging_mixin.py:150} INFO - [2024-01-27T02:21:51.292+0000] {dag.py:3504} INFO - Setting next_dagrun for example_dag_decorator to None, run_after=None
[2024-01-27T02:21:51.332+0000] {processor.py:179} INFO - Processing /usr/local/python/3.10.13/lib/python3.10/site-packages/airflow/example_dags/example_dag_decorator.py took 0.151 seconds
[2024-01-27T02:22:36.068+0000] {processor.py:157} INFO - Started process (PID=8679) to work on /usr/local/python/3.10.13/lib/python3.10/site-packages/airflow/example_dags/example_dag_decorator.py
[2024-01-27T02:22:36.069+0000] {processor.py:826} INFO - Processing file /usr/local/python/3.10.13/lib/python3.10/site-packages/airflow/example_dags/example_dag_decorator.py for tasks to queue
[2024-01-27T02:22:36.070+0000] {logging_mixin.py:150} INFO - [2024-01-27T02:22:36.069+0000] {dagbag.py:541} INFO - Filling up the DagBag from /usr/local/python/3.10.13/lib/python3.10/site-packages/airflow/example_dags/example_dag_decorator.py
[2024-01-27T02:22:36.084+0000] {processor.py:836} INFO - DAG(s) dict_keys(['example_dag_decorator']) retrieved from /usr/local/python/3.10.13/lib/python3.10/site-packages/airflow/example_dags/example_dag_decorator.py
[2024-01-27T02:22:36.180+0000] {logging_mixin.py:150} INFO - [2024-01-27T02:22:36.180+0000] {dag.py:2742} INFO - Sync 1 DAGs
[2024-01-27T02:22:36.193+0000] {logging_mixin.py:150} INFO - [2024-01-27T02:22:36.193+0000] {dag.py:3504} INFO - Setting next_dagrun for example_dag_decorator to None, run_after=None
[2024-01-27T02:22:36.244+0000] {processor.py:179} INFO - Processing /usr/local/python/3.10.13/lib/python3.10/site-packages/airflow/example_dags/example_dag_decorator.py took 0.180 seconds
[2024-01-27T02:23:27.049+0000] {processor.py:157} INFO - Started process (PID=9162) to work on /usr/local/python/3.10.13/lib/python3.10/site-packages/airflow/example_dags/example_dag_decorator.py
[2024-01-27T02:23:27.050+0000] {processor.py:826} INFO - Processing file /usr/local/python/3.10.13/lib/python3.10/site-packages/airflow/example_dags/example_dag_decorator.py for tasks to queue
[2024-01-27T02:23:27.050+0000] {logging_mixin.py:150} INFO - [2024-01-27T02:23:27.050+0000] {dagbag.py:541} INFO - Filling up the DagBag from /usr/local/python/3.10.13/lib/python3.10/site-packages/airflow/example_dags/example_dag_decorator.py
[2024-01-27T02:23:27.061+0000] {processor.py:836} INFO - DAG(s) dict_keys(['example_dag_decorator']) retrieved from /usr/local/python/3.10.13/lib/python3.10/site-packages/airflow/example_dags/example_dag_decorator.py
[2024-01-27T02:23:27.151+0000] {logging_mixin.py:150} INFO - [2024-01-27T02:23:27.150+0000] {dag.py:2742} INFO - Sync 1 DAGs
[2024-01-27T02:23:27.165+0000] {logging_mixin.py:150} INFO - [2024-01-27T02:23:27.165+0000] {dag.py:3504} INFO - Setting next_dagrun for example_dag_decorator to None, run_after=None
[2024-01-27T02:23:27.205+0000] {processor.py:179} INFO - Processing /usr/local/python/3.10.13/lib/python3.10/site-packages/airflow/example_dags/example_dag_decorator.py took 0.158 seconds
