[2024-01-27T02:20:08.360+0000] {processor.py:157} INFO - Started process (PID=7165) to work on /usr/local/python/3.10.13/lib/python3.10/site-packages/airflow/example_dags/example_external_task_marker_dag.py
[2024-01-27T02:20:08.361+0000] {processor.py:826} INFO - Processing file /usr/local/python/3.10.13/lib/python3.10/site-packages/airflow/example_dags/example_external_task_marker_dag.py for tasks to queue
[2024-01-27T02:20:08.362+0000] {logging_mixin.py:150} INFO - [2024-01-27T02:20:08.362+0000] {dagbag.py:541} INFO - Filling up the DagBag from /usr/local/python/3.10.13/lib/python3.10/site-packages/airflow/example_dags/example_external_task_marker_dag.py
[2024-01-27T02:20:08.367+0000] {processor.py:836} INFO - DAG(s) dict_keys(['example_external_task_marker_child', 'example_external_task_marker_parent']) retrieved from /usr/local/python/3.10.13/lib/python3.10/site-packages/airflow/example_dags/example_external_task_marker_dag.py
[2024-01-27T02:20:08.516+0000] {logging_mixin.py:150} INFO - [2024-01-27T02:20:08.516+0000] {manager.py:504} INFO - Created Permission View: can read on DAG:example_external_task_marker_child
[2024-01-27T02:20:08.547+0000] {logging_mixin.py:150} INFO - [2024-01-27T02:20:08.546+0000] {manager.py:504} INFO - Created Permission View: can delete on DAG:example_external_task_marker_child
[2024-01-27T02:20:08.575+0000] {logging_mixin.py:150} INFO - [2024-01-27T02:20:08.575+0000] {manager.py:504} INFO - Created Permission View: can edit on DAG:example_external_task_marker_child
[2024-01-27T02:20:08.654+0000] {logging_mixin.py:150} INFO - [2024-01-27T02:20:08.653+0000] {manager.py:504} INFO - Created Permission View: can read on DAG:example_external_task_marker_parent
[2024-01-27T02:20:08.684+0000] {logging_mixin.py:150} INFO - [2024-01-27T02:20:08.684+0000] {manager.py:504} INFO - Created Permission View: can delete on DAG:example_external_task_marker_parent
[2024-01-27T02:20:08.714+0000] {logging_mixin.py:150} INFO - [2024-01-27T02:20:08.714+0000] {manager.py:504} INFO - Created Permission View: can edit on DAG:example_external_task_marker_parent
[2024-01-27T02:20:08.718+0000] {logging_mixin.py:150} INFO - [2024-01-27T02:20:08.718+0000] {dag.py:2742} INFO - Sync 2 DAGs
[2024-01-27T02:20:08.726+0000] {logging_mixin.py:150} INFO - [2024-01-27T02:20:08.726+0000] {dag.py:2763} INFO - Creating ORM DAG for example_external_task_marker_parent
[2024-01-27T02:20:08.726+0000] {logging_mixin.py:150} INFO - [2024-01-27T02:20:08.726+0000] {dag.py:2763} INFO - Creating ORM DAG for example_external_task_marker_child
[2024-01-27T02:20:08.733+0000] {logging_mixin.py:150} INFO - [2024-01-27T02:20:08.733+0000] {dag.py:3504} INFO - Setting next_dagrun for example_external_task_marker_child to None, run_after=None
[2024-01-27T02:20:08.733+0000] {logging_mixin.py:150} INFO - [2024-01-27T02:20:08.733+0000] {dag.py:3504} INFO - Setting next_dagrun for example_external_task_marker_parent to None, run_after=None
[2024-01-27T02:20:08.777+0000] {processor.py:179} INFO - Processing /usr/local/python/3.10.13/lib/python3.10/site-packages/airflow/example_dags/example_external_task_marker_dag.py took 0.419 seconds
[2024-01-27T02:21:05.123+0000] {processor.py:157} INFO - Started process (PID=8001) to work on /usr/local/python/3.10.13/lib/python3.10/site-packages/airflow/example_dags/example_external_task_marker_dag.py
[2024-01-27T02:21:05.134+0000] {processor.py:826} INFO - Processing file /usr/local/python/3.10.13/lib/python3.10/site-packages/airflow/example_dags/example_external_task_marker_dag.py for tasks to queue
[2024-01-27T02:21:05.135+0000] {logging_mixin.py:150} INFO - [2024-01-27T02:21:05.135+0000] {dagbag.py:541} INFO - Filling up the DagBag from /usr/local/python/3.10.13/lib/python3.10/site-packages/airflow/example_dags/example_external_task_marker_dag.py
[2024-01-27T02:21:05.141+0000] {processor.py:836} INFO - DAG(s) dict_keys(['example_external_task_marker_child', 'example_external_task_marker_parent']) retrieved from /usr/local/python/3.10.13/lib/python3.10/site-packages/airflow/example_dags/example_external_task_marker_dag.py
[2024-01-27T02:21:05.163+0000] {logging_mixin.py:150} INFO - [2024-01-27T02:21:05.163+0000] {dag.py:2742} INFO - Sync 2 DAGs
[2024-01-27T02:21:05.193+0000] {logging_mixin.py:150} INFO - [2024-01-27T02:21:05.193+0000] {dag.py:3504} INFO - Setting next_dagrun for example_external_task_marker_child to None, run_after=None
[2024-01-27T02:21:05.197+0000] {logging_mixin.py:150} INFO - [2024-01-27T02:21:05.196+0000] {dag.py:3504} INFO - Setting next_dagrun for example_external_task_marker_parent to None, run_after=None
[2024-01-27T02:21:05.246+0000] {processor.py:179} INFO - Processing /usr/local/python/3.10.13/lib/python3.10/site-packages/airflow/example_dags/example_external_task_marker_dag.py took 0.129 seconds
[2024-01-27T02:21:54.923+0000] {processor.py:157} INFO - Started process (PID=8399) to work on /usr/local/python/3.10.13/lib/python3.10/site-packages/airflow/example_dags/example_external_task_marker_dag.py
[2024-01-27T02:21:54.924+0000] {processor.py:826} INFO - Processing file /usr/local/python/3.10.13/lib/python3.10/site-packages/airflow/example_dags/example_external_task_marker_dag.py for tasks to queue
[2024-01-27T02:21:54.924+0000] {logging_mixin.py:150} INFO - [2024-01-27T02:21:54.924+0000] {dagbag.py:541} INFO - Filling up the DagBag from /usr/local/python/3.10.13/lib/python3.10/site-packages/airflow/example_dags/example_external_task_marker_dag.py
[2024-01-27T02:21:54.929+0000] {processor.py:836} INFO - DAG(s) dict_keys(['example_external_task_marker_parent', 'example_external_task_marker_child']) retrieved from /usr/local/python/3.10.13/lib/python3.10/site-packages/airflow/example_dags/example_external_task_marker_dag.py
[2024-01-27T02:21:54.944+0000] {logging_mixin.py:150} INFO - [2024-01-27T02:21:54.944+0000] {dag.py:2742} INFO - Sync 2 DAGs
[2024-01-27T02:21:54.960+0000] {logging_mixin.py:150} INFO - [2024-01-27T02:21:54.960+0000] {dag.py:3504} INFO - Setting next_dagrun for example_external_task_marker_child to None, run_after=None
[2024-01-27T02:21:54.963+0000] {logging_mixin.py:150} INFO - [2024-01-27T02:21:54.963+0000] {dag.py:3504} INFO - Setting next_dagrun for example_external_task_marker_parent to None, run_after=None
[2024-01-27T02:21:55.004+0000] {processor.py:179} INFO - Processing /usr/local/python/3.10.13/lib/python3.10/site-packages/airflow/example_dags/example_external_task_marker_dag.py took 0.083 seconds
[2024-01-27T02:22:45.579+0000] {processor.py:157} INFO - Started process (PID=8751) to work on /usr/local/python/3.10.13/lib/python3.10/site-packages/airflow/example_dags/example_external_task_marker_dag.py
[2024-01-27T02:22:45.580+0000] {processor.py:826} INFO - Processing file /usr/local/python/3.10.13/lib/python3.10/site-packages/airflow/example_dags/example_external_task_marker_dag.py for tasks to queue
[2024-01-27T02:22:45.581+0000] {logging_mixin.py:150} INFO - [2024-01-27T02:22:45.581+0000] {dagbag.py:541} INFO - Filling up the DagBag from /usr/local/python/3.10.13/lib/python3.10/site-packages/airflow/example_dags/example_external_task_marker_dag.py
[2024-01-27T02:22:45.587+0000] {processor.py:836} INFO - DAG(s) dict_keys(['example_external_task_marker_child', 'example_external_task_marker_parent']) retrieved from /usr/local/python/3.10.13/lib/python3.10/site-packages/airflow/example_dags/example_external_task_marker_dag.py
[2024-01-27T02:22:45.602+0000] {logging_mixin.py:150} INFO - [2024-01-27T02:22:45.602+0000] {dag.py:2742} INFO - Sync 2 DAGs
[2024-01-27T02:22:45.619+0000] {logging_mixin.py:150} INFO - [2024-01-27T02:22:45.618+0000] {dag.py:3504} INFO - Setting next_dagrun for example_external_task_marker_child to None, run_after=None
[2024-01-27T02:22:45.621+0000] {logging_mixin.py:150} INFO - [2024-01-27T02:22:45.621+0000] {dag.py:3504} INFO - Setting next_dagrun for example_external_task_marker_parent to None, run_after=None
[2024-01-27T02:22:45.658+0000] {processor.py:179} INFO - Processing /usr/local/python/3.10.13/lib/python3.10/site-packages/airflow/example_dags/example_external_task_marker_dag.py took 0.081 seconds
[2024-01-27T02:23:35.559+0000] {processor.py:157} INFO - Started process (PID=9258) to work on /usr/local/python/3.10.13/lib/python3.10/site-packages/airflow/example_dags/example_external_task_marker_dag.py
[2024-01-27T02:23:35.560+0000] {processor.py:826} INFO - Processing file /usr/local/python/3.10.13/lib/python3.10/site-packages/airflow/example_dags/example_external_task_marker_dag.py for tasks to queue
[2024-01-27T02:23:35.560+0000] {logging_mixin.py:150} INFO - [2024-01-27T02:23:35.560+0000] {dagbag.py:541} INFO - Filling up the DagBag from /usr/local/python/3.10.13/lib/python3.10/site-packages/airflow/example_dags/example_external_task_marker_dag.py
[2024-01-27T02:23:35.565+0000] {processor.py:836} INFO - DAG(s) dict_keys(['example_external_task_marker_child', 'example_external_task_marker_parent']) retrieved from /usr/local/python/3.10.13/lib/python3.10/site-packages/airflow/example_dags/example_external_task_marker_dag.py
[2024-01-27T02:23:35.580+0000] {logging_mixin.py:150} INFO - [2024-01-27T02:23:35.580+0000] {dag.py:2742} INFO - Sync 2 DAGs
[2024-01-27T02:23:35.595+0000] {logging_mixin.py:150} INFO - [2024-01-27T02:23:35.595+0000] {dag.py:3504} INFO - Setting next_dagrun for example_external_task_marker_child to None, run_after=None
[2024-01-27T02:23:35.597+0000] {logging_mixin.py:150} INFO - [2024-01-27T02:23:35.597+0000] {dag.py:3504} INFO - Setting next_dagrun for example_external_task_marker_parent to None, run_after=None
[2024-01-27T02:23:35.640+0000] {processor.py:179} INFO - Processing /usr/local/python/3.10.13/lib/python3.10/site-packages/airflow/example_dags/example_external_task_marker_dag.py took 0.084 seconds
