[2024-01-27T02:19:40.390+0000] {processor.py:157} INFO - Started process (PID=6893) to work on /usr/local/python/3.10.13/lib/python3.10/site-packages/airflow/example_dags/example_short_circuit_operator.py
[2024-01-27T02:19:40.391+0000] {processor.py:826} INFO - Processing file /usr/local/python/3.10.13/lib/python3.10/site-packages/airflow/example_dags/example_short_circuit_operator.py for tasks to queue
[2024-01-27T02:19:40.391+0000] {logging_mixin.py:150} INFO - [2024-01-27T02:19:40.391+0000] {dagbag.py:541} INFO - Filling up the DagBag from /usr/local/python/3.10.13/lib/python3.10/site-packages/airflow/example_dags/example_short_circuit_operator.py
[2024-01-27T02:19:40.400+0000] {processor.py:836} INFO - DAG(s) dict_keys(['example_short_circuit_operator']) retrieved from /usr/local/python/3.10.13/lib/python3.10/site-packages/airflow/example_dags/example_short_circuit_operator.py
[2024-01-27T02:19:40.580+0000] {logging_mixin.py:150} INFO - [2024-01-27T02:19:40.579+0000] {manager.py:504} INFO - Created Permission View: can read on DAG:example_short_circuit_operator
[2024-01-27T02:19:40.611+0000] {logging_mixin.py:150} INFO - [2024-01-27T02:19:40.611+0000] {manager.py:504} INFO - Created Permission View: can delete on DAG:example_short_circuit_operator
[2024-01-27T02:19:40.650+0000] {logging_mixin.py:150} INFO - [2024-01-27T02:19:40.650+0000] {manager.py:504} INFO - Created Permission View: can edit on DAG:example_short_circuit_operator
[2024-01-27T02:19:40.659+0000] {logging_mixin.py:150} INFO - [2024-01-27T02:19:40.659+0000] {dag.py:2742} INFO - Sync 1 DAGs
[2024-01-27T02:19:40.667+0000] {logging_mixin.py:150} INFO - [2024-01-27T02:19:40.667+0000] {dag.py:2763} INFO - Creating ORM DAG for example_short_circuit_operator
[2024-01-27T02:19:40.675+0000] {logging_mixin.py:150} INFO - [2024-01-27T02:19:40.674+0000] {dag.py:3504} INFO - Setting next_dagrun for example_short_circuit_operator to 2024-01-26T02:19:40.674750+00:00, run_after=2024-01-27T02:19:40.674750+00:00
[2024-01-27T02:19:40.718+0000] {processor.py:179} INFO - Processing /usr/local/python/3.10.13/lib/python3.10/site-packages/airflow/example_dags/example_short_circuit_operator.py took 0.330 seconds
[2024-01-27T02:20:37.192+0000] {processor.py:157} INFO - Started process (PID=7379) to work on /usr/local/python/3.10.13/lib/python3.10/site-packages/airflow/example_dags/example_short_circuit_operator.py
[2024-01-27T02:20:37.192+0000] {processor.py:826} INFO - Processing file /usr/local/python/3.10.13/lib/python3.10/site-packages/airflow/example_dags/example_short_circuit_operator.py for tasks to queue
[2024-01-27T02:20:37.193+0000] {logging_mixin.py:150} INFO - [2024-01-27T02:20:37.193+0000] {dagbag.py:541} INFO - Filling up the DagBag from /usr/local/python/3.10.13/lib/python3.10/site-packages/airflow/example_dags/example_short_circuit_operator.py
[2024-01-27T02:20:37.199+0000] {processor.py:836} INFO - DAG(s) dict_keys(['example_short_circuit_operator']) retrieved from /usr/local/python/3.10.13/lib/python3.10/site-packages/airflow/example_dags/example_short_circuit_operator.py
[2024-01-27T02:20:37.213+0000] {logging_mixin.py:150} INFO - [2024-01-27T02:20:37.213+0000] {dag.py:2742} INFO - Sync 1 DAGs
[2024-01-27T02:20:37.229+0000] {logging_mixin.py:150} INFO - [2024-01-27T02:20:37.229+0000] {dag.py:3504} INFO - Setting next_dagrun for example_short_circuit_operator to 2024-01-26T02:20:37.228898+00:00, run_after=2024-01-27T02:20:37.228898+00:00
[2024-01-27T02:20:37.271+0000] {processor.py:179} INFO - Processing /usr/local/python/3.10.13/lib/python3.10/site-packages/airflow/example_dags/example_short_circuit_operator.py took 0.082 seconds
[2024-01-27T02:21:30.281+0000] {processor.py:157} INFO - Started process (PID=8200) to work on /usr/local/python/3.10.13/lib/python3.10/site-packages/airflow/example_dags/example_short_circuit_operator.py
[2024-01-27T02:21:30.282+0000] {processor.py:826} INFO - Processing file /usr/local/python/3.10.13/lib/python3.10/site-packages/airflow/example_dags/example_short_circuit_operator.py for tasks to queue
[2024-01-27T02:21:30.283+0000] {logging_mixin.py:150} INFO - [2024-01-27T02:21:30.282+0000] {dagbag.py:541} INFO - Filling up the DagBag from /usr/local/python/3.10.13/lib/python3.10/site-packages/airflow/example_dags/example_short_circuit_operator.py
[2024-01-27T02:21:30.289+0000] {processor.py:836} INFO - DAG(s) dict_keys(['example_short_circuit_operator']) retrieved from /usr/local/python/3.10.13/lib/python3.10/site-packages/airflow/example_dags/example_short_circuit_operator.py
[2024-01-27T02:21:30.304+0000] {logging_mixin.py:150} INFO - [2024-01-27T02:21:30.304+0000] {dag.py:2742} INFO - Sync 1 DAGs
[2024-01-27T02:21:30.322+0000] {logging_mixin.py:150} INFO - [2024-01-27T02:21:30.322+0000] {dag.py:3504} INFO - Setting next_dagrun for example_short_circuit_operator to 2024-01-26T02:21:30.322081+00:00, run_after=2024-01-27T02:21:30.322081+00:00
[2024-01-27T02:21:30.365+0000] {processor.py:179} INFO - Processing /usr/local/python/3.10.13/lib/python3.10/site-packages/airflow/example_dags/example_short_circuit_operator.py took 0.086 seconds
[2024-01-27T02:22:10.650+0000] {processor.py:157} INFO - Started process (PID=8513) to work on /usr/local/python/3.10.13/lib/python3.10/site-packages/airflow/example_dags/example_short_circuit_operator.py
[2024-01-27T02:22:10.651+0000] {processor.py:826} INFO - Processing file /usr/local/python/3.10.13/lib/python3.10/site-packages/airflow/example_dags/example_short_circuit_operator.py for tasks to queue
[2024-01-27T02:22:10.651+0000] {logging_mixin.py:150} INFO - [2024-01-27T02:22:10.651+0000] {dagbag.py:541} INFO - Filling up the DagBag from /usr/local/python/3.10.13/lib/python3.10/site-packages/airflow/example_dags/example_short_circuit_operator.py
[2024-01-27T02:22:10.659+0000] {processor.py:836} INFO - DAG(s) dict_keys(['example_short_circuit_operator']) retrieved from /usr/local/python/3.10.13/lib/python3.10/site-packages/airflow/example_dags/example_short_circuit_operator.py
[2024-01-27T02:22:10.675+0000] {logging_mixin.py:150} INFO - [2024-01-27T02:22:10.675+0000] {dag.py:2742} INFO - Sync 1 DAGs
[2024-01-27T02:22:10.691+0000] {logging_mixin.py:150} INFO - [2024-01-27T02:22:10.690+0000] {dag.py:3504} INFO - Setting next_dagrun for example_short_circuit_operator to 2024-01-26T02:22:10.690682+00:00, run_after=2024-01-27T02:22:10.690682+00:00
[2024-01-27T02:22:10.742+0000] {processor.py:179} INFO - Processing /usr/local/python/3.10.13/lib/python3.10/site-packages/airflow/example_dags/example_short_circuit_operator.py took 0.095 seconds
[2024-01-27T02:22:57.345+0000] {processor.py:157} INFO - Started process (PID=8870) to work on /usr/local/python/3.10.13/lib/python3.10/site-packages/airflow/example_dags/example_short_circuit_operator.py
[2024-01-27T02:22:57.346+0000] {processor.py:826} INFO - Processing file /usr/local/python/3.10.13/lib/python3.10/site-packages/airflow/example_dags/example_short_circuit_operator.py for tasks to queue
[2024-01-27T02:22:57.347+0000] {logging_mixin.py:150} INFO - [2024-01-27T02:22:57.346+0000] {dagbag.py:541} INFO - Filling up the DagBag from /usr/local/python/3.10.13/lib/python3.10/site-packages/airflow/example_dags/example_short_circuit_operator.py
[2024-01-27T02:22:57.356+0000] {processor.py:836} INFO - DAG(s) dict_keys(['example_short_circuit_operator']) retrieved from /usr/local/python/3.10.13/lib/python3.10/site-packages/airflow/example_dags/example_short_circuit_operator.py
[2024-01-27T02:22:57.371+0000] {logging_mixin.py:150} INFO - [2024-01-27T02:22:57.371+0000] {dag.py:2742} INFO - Sync 1 DAGs
[2024-01-27T02:22:57.387+0000] {logging_mixin.py:150} INFO - [2024-01-27T02:22:57.387+0000] {dag.py:3504} INFO - Setting next_dagrun for example_short_circuit_operator to 2024-01-26T02:22:57.387107+00:00, run_after=2024-01-27T02:22:57.387107+00:00
[2024-01-27T02:22:57.426+0000] {processor.py:179} INFO - Processing /usr/local/python/3.10.13/lib/python3.10/site-packages/airflow/example_dags/example_short_circuit_operator.py took 0.083 seconds
[2024-01-27T02:23:31.551+0000] {processor.py:157} INFO - Started process (PID=9205) to work on /usr/local/python/3.10.13/lib/python3.10/site-packages/airflow/example_dags/example_short_circuit_operator.py
[2024-01-27T02:23:31.552+0000] {processor.py:826} INFO - Processing file /usr/local/python/3.10.13/lib/python3.10/site-packages/airflow/example_dags/example_short_circuit_operator.py for tasks to queue
[2024-01-27T02:23:31.553+0000] {logging_mixin.py:150} INFO - [2024-01-27T02:23:31.552+0000] {dagbag.py:541} INFO - Filling up the DagBag from /usr/local/python/3.10.13/lib/python3.10/site-packages/airflow/example_dags/example_short_circuit_operator.py
[2024-01-27T02:23:31.559+0000] {processor.py:836} INFO - DAG(s) dict_keys(['example_short_circuit_operator']) retrieved from /usr/local/python/3.10.13/lib/python3.10/site-packages/airflow/example_dags/example_short_circuit_operator.py
[2024-01-27T02:23:31.574+0000] {logging_mixin.py:150} INFO - [2024-01-27T02:23:31.573+0000] {dag.py:2742} INFO - Sync 1 DAGs
[2024-01-27T02:23:31.589+0000] {logging_mixin.py:150} INFO - [2024-01-27T02:23:31.589+0000] {dag.py:3504} INFO - Setting next_dagrun for example_short_circuit_operator to 2024-01-26T02:23:31.589095+00:00, run_after=2024-01-27T02:23:31.589095+00:00
[2024-01-27T02:23:31.629+0000] {processor.py:179} INFO - Processing /usr/local/python/3.10.13/lib/python3.10/site-packages/airflow/example_dags/example_short_circuit_operator.py took 0.081 seconds
