[2024-01-27T02:20:18.450+0000] {processor.py:157} INFO - Started process (PID=7235) to work on /usr/local/python/3.10.13/lib/python3.10/site-packages/airflow/example_dags/example_branch_operator_decorator.py
[2024-01-27T02:20:18.454+0000] {processor.py:826} INFO - Processing file /usr/local/python/3.10.13/lib/python3.10/site-packages/airflow/example_dags/example_branch_operator_decorator.py for tasks to queue
[2024-01-27T02:20:18.455+0000] {logging_mixin.py:150} INFO - [2024-01-27T02:20:18.454+0000] {dagbag.py:541} INFO - Filling up the DagBag from /usr/local/python/3.10.13/lib/python3.10/site-packages/airflow/example_dags/example_branch_operator_decorator.py
[2024-01-27T02:20:18.477+0000] {processor.py:836} INFO - DAG(s) dict_keys(['example_branch_python_operator_decorator']) retrieved from /usr/local/python/3.10.13/lib/python3.10/site-packages/airflow/example_dags/example_branch_operator_decorator.py
[2024-01-27T02:20:18.667+0000] {logging_mixin.py:150} INFO - [2024-01-27T02:20:18.667+0000] {manager.py:504} INFO - Created Permission View: can read on DAG:example_branch_python_operator_decorator
[2024-01-27T02:20:18.697+0000] {logging_mixin.py:150} INFO - [2024-01-27T02:20:18.697+0000] {manager.py:504} INFO - Created Permission View: can delete on DAG:example_branch_python_operator_decorator
[2024-01-27T02:20:18.725+0000] {logging_mixin.py:150} INFO - [2024-01-27T02:20:18.724+0000] {manager.py:504} INFO - Created Permission View: can edit on DAG:example_branch_python_operator_decorator
[2024-01-27T02:20:18.733+0000] {logging_mixin.py:150} INFO - [2024-01-27T02:20:18.733+0000] {dag.py:2742} INFO - Sync 1 DAGs
[2024-01-27T02:20:18.741+0000] {logging_mixin.py:150} INFO - [2024-01-27T02:20:18.741+0000] {dag.py:2763} INFO - Creating ORM DAG for example_branch_python_operator_decorator
[2024-01-27T02:20:18.783+0000] {logging_mixin.py:150} INFO - [2024-01-27T02:20:18.783+0000] {dag.py:3504} INFO - Setting next_dagrun for example_branch_python_operator_decorator to 2024-01-26T00:00:00+00:00, run_after=2024-01-27T00:00:00+00:00
[2024-01-27T02:20:18.827+0000] {processor.py:179} INFO - Processing /usr/local/python/3.10.13/lib/python3.10/site-packages/airflow/example_dags/example_branch_operator_decorator.py took 0.382 seconds
[2024-01-27T02:21:15.363+0000] {processor.py:157} INFO - Started process (PID=8078) to work on /usr/local/python/3.10.13/lib/python3.10/site-packages/airflow/example_dags/example_branch_operator_decorator.py
[2024-01-27T02:21:15.364+0000] {processor.py:826} INFO - Processing file /usr/local/python/3.10.13/lib/python3.10/site-packages/airflow/example_dags/example_branch_operator_decorator.py for tasks to queue
[2024-01-27T02:21:15.366+0000] {logging_mixin.py:150} INFO - [2024-01-27T02:21:15.365+0000] {dagbag.py:541} INFO - Filling up the DagBag from /usr/local/python/3.10.13/lib/python3.10/site-packages/airflow/example_dags/example_branch_operator_decorator.py
[2024-01-27T02:21:15.379+0000] {processor.py:836} INFO - DAG(s) dict_keys(['example_branch_python_operator_decorator']) retrieved from /usr/local/python/3.10.13/lib/python3.10/site-packages/airflow/example_dags/example_branch_operator_decorator.py
[2024-01-27T02:21:15.409+0000] {logging_mixin.py:150} INFO - [2024-01-27T02:21:15.409+0000] {dag.py:2742} INFO - Sync 1 DAGs
[2024-01-27T02:21:15.435+0000] {logging_mixin.py:150} INFO - [2024-01-27T02:21:15.435+0000] {dag.py:3504} INFO - Setting next_dagrun for example_branch_python_operator_decorator to 2024-01-26T00:00:00+00:00, run_after=2024-01-27T00:00:00+00:00
[2024-01-27T02:21:15.491+0000] {processor.py:179} INFO - Processing /usr/local/python/3.10.13/lib/python3.10/site-packages/airflow/example_dags/example_branch_operator_decorator.py took 0.131 seconds
[2024-01-27T02:22:02.640+0000] {processor.py:157} INFO - Started process (PID=8449) to work on /usr/local/python/3.10.13/lib/python3.10/site-packages/airflow/example_dags/example_branch_operator_decorator.py
[2024-01-27T02:22:02.641+0000] {processor.py:826} INFO - Processing file /usr/local/python/3.10.13/lib/python3.10/site-packages/airflow/example_dags/example_branch_operator_decorator.py for tasks to queue
[2024-01-27T02:22:02.641+0000] {logging_mixin.py:150} INFO - [2024-01-27T02:22:02.641+0000] {dagbag.py:541} INFO - Filling up the DagBag from /usr/local/python/3.10.13/lib/python3.10/site-packages/airflow/example_dags/example_branch_operator_decorator.py
[2024-01-27T02:22:02.650+0000] {processor.py:836} INFO - DAG(s) dict_keys(['example_branch_python_operator_decorator']) retrieved from /usr/local/python/3.10.13/lib/python3.10/site-packages/airflow/example_dags/example_branch_operator_decorator.py
[2024-01-27T02:22:02.666+0000] {logging_mixin.py:150} INFO - [2024-01-27T02:22:02.666+0000] {dag.py:2742} INFO - Sync 1 DAGs
[2024-01-27T02:22:02.683+0000] {logging_mixin.py:150} INFO - [2024-01-27T02:22:02.683+0000] {dag.py:3504} INFO - Setting next_dagrun for example_branch_python_operator_decorator to 2024-01-26T00:00:00+00:00, run_after=2024-01-27T00:00:00+00:00
[2024-01-27T02:22:02.722+0000] {processor.py:179} INFO - Processing /usr/local/python/3.10.13/lib/python3.10/site-packages/airflow/example_dags/example_branch_operator_decorator.py took 0.085 seconds
[2024-01-27T02:22:53.537+0000] {processor.py:157} INFO - Started process (PID=8829) to work on /usr/local/python/3.10.13/lib/python3.10/site-packages/airflow/example_dags/example_branch_operator_decorator.py
[2024-01-27T02:22:53.538+0000] {processor.py:826} INFO - Processing file /usr/local/python/3.10.13/lib/python3.10/site-packages/airflow/example_dags/example_branch_operator_decorator.py for tasks to queue
[2024-01-27T02:22:53.539+0000] {logging_mixin.py:150} INFO - [2024-01-27T02:22:53.538+0000] {dagbag.py:541} INFO - Filling up the DagBag from /usr/local/python/3.10.13/lib/python3.10/site-packages/airflow/example_dags/example_branch_operator_decorator.py
[2024-01-27T02:22:53.546+0000] {processor.py:836} INFO - DAG(s) dict_keys(['example_branch_python_operator_decorator']) retrieved from /usr/local/python/3.10.13/lib/python3.10/site-packages/airflow/example_dags/example_branch_operator_decorator.py
[2024-01-27T02:22:53.561+0000] {logging_mixin.py:150} INFO - [2024-01-27T02:22:53.561+0000] {dag.py:2742} INFO - Sync 1 DAGs
[2024-01-27T02:22:53.578+0000] {logging_mixin.py:150} INFO - [2024-01-27T02:22:53.578+0000] {dag.py:3504} INFO - Setting next_dagrun for example_branch_python_operator_decorator to 2024-01-26T00:00:00+00:00, run_after=2024-01-27T00:00:00+00:00
[2024-01-27T02:22:53.621+0000] {processor.py:179} INFO - Processing /usr/local/python/3.10.13/lib/python3.10/site-packages/airflow/example_dags/example_branch_operator_decorator.py took 0.086 seconds
[2024-01-27T02:23:44.275+0000] {processor.py:157} INFO - Started process (PID=9326) to work on /usr/local/python/3.10.13/lib/python3.10/site-packages/airflow/example_dags/example_branch_operator_decorator.py
[2024-01-27T02:23:44.277+0000] {processor.py:826} INFO - Processing file /usr/local/python/3.10.13/lib/python3.10/site-packages/airflow/example_dags/example_branch_operator_decorator.py for tasks to queue
[2024-01-27T02:23:44.278+0000] {logging_mixin.py:150} INFO - [2024-01-27T02:23:44.277+0000] {dagbag.py:541} INFO - Filling up the DagBag from /usr/local/python/3.10.13/lib/python3.10/site-packages/airflow/example_dags/example_branch_operator_decorator.py
[2024-01-27T02:23:44.290+0000] {processor.py:836} INFO - DAG(s) dict_keys(['example_branch_python_operator_decorator']) retrieved from /usr/local/python/3.10.13/lib/python3.10/site-packages/airflow/example_dags/example_branch_operator_decorator.py
[2024-01-27T02:23:44.310+0000] {logging_mixin.py:150} INFO - [2024-01-27T02:23:44.309+0000] {dag.py:2742} INFO - Sync 1 DAGs
[2024-01-27T02:23:44.331+0000] {logging_mixin.py:150} INFO - [2024-01-27T02:23:44.331+0000] {dag.py:3504} INFO - Setting next_dagrun for example_branch_python_operator_decorator to 2024-01-26T00:00:00+00:00, run_after=2024-01-27T00:00:00+00:00
[2024-01-27T02:23:44.373+0000] {processor.py:179} INFO - Processing /usr/local/python/3.10.13/lib/python3.10/site-packages/airflow/example_dags/example_branch_operator_decorator.py took 0.102 seconds
