[2024-01-27T02:19:48.564+0000] {processor.py:157} INFO - Started process (PID=6982) to work on /usr/local/python/3.10.13/lib/python3.10/site-packages/airflow/example_dags/example_xcomargs.py
[2024-01-27T02:19:48.566+0000] {processor.py:826} INFO - Processing file /usr/local/python/3.10.13/lib/python3.10/site-packages/airflow/example_dags/example_xcomargs.py for tasks to queue
[2024-01-27T02:19:48.567+0000] {logging_mixin.py:150} INFO - [2024-01-27T02:19:48.567+0000] {dagbag.py:541} INFO - Filling up the DagBag from /usr/local/python/3.10.13/lib/python3.10/site-packages/airflow/example_dags/example_xcomargs.py
[2024-01-27T02:19:48.573+0000] {processor.py:836} INFO - DAG(s) dict_keys(['example_xcom_args_with_operators', 'example_xcom_args']) retrieved from /usr/local/python/3.10.13/lib/python3.10/site-packages/airflow/example_dags/example_xcomargs.py
[2024-01-27T02:19:48.737+0000] {logging_mixin.py:150} INFO - [2024-01-27T02:19:48.736+0000] {manager.py:504} INFO - Created Permission View: can read on DAG:example_xcom_args_with_operators
[2024-01-27T02:19:48.766+0000] {logging_mixin.py:150} INFO - [2024-01-27T02:19:48.766+0000] {manager.py:504} INFO - Created Permission View: can delete on DAG:example_xcom_args_with_operators
[2024-01-27T02:19:48.796+0000] {logging_mixin.py:150} INFO - [2024-01-27T02:19:48.796+0000] {manager.py:504} INFO - Created Permission View: can edit on DAG:example_xcom_args_with_operators
[2024-01-27T02:19:48.869+0000] {logging_mixin.py:150} INFO - [2024-01-27T02:19:48.869+0000] {manager.py:504} INFO - Created Permission View: can read on DAG:example_xcom_args
[2024-01-27T02:19:48.905+0000] {logging_mixin.py:150} INFO - [2024-01-27T02:19:48.904+0000] {manager.py:504} INFO - Created Permission View: can delete on DAG:example_xcom_args
[2024-01-27T02:19:48.936+0000] {logging_mixin.py:150} INFO - [2024-01-27T02:19:48.936+0000] {manager.py:504} INFO - Created Permission View: can edit on DAG:example_xcom_args
[2024-01-27T02:19:48.942+0000] {logging_mixin.py:150} INFO - [2024-01-27T02:19:48.942+0000] {dag.py:2742} INFO - Sync 2 DAGs
[2024-01-27T02:19:48.956+0000] {logging_mixin.py:150} INFO - [2024-01-27T02:19:48.956+0000] {dag.py:2763} INFO - Creating ORM DAG for example_xcom_args_with_operators
[2024-01-27T02:19:48.957+0000] {logging_mixin.py:150} INFO - [2024-01-27T02:19:48.957+0000] {dag.py:2763} INFO - Creating ORM DAG for example_xcom_args
[2024-01-27T02:19:48.969+0000] {logging_mixin.py:150} INFO - [2024-01-27T02:19:48.969+0000] {dag.py:3504} INFO - Setting next_dagrun for example_xcom_args to None, run_after=None
[2024-01-27T02:19:48.970+0000] {logging_mixin.py:150} INFO - [2024-01-27T02:19:48.970+0000] {dag.py:3504} INFO - Setting next_dagrun for example_xcom_args_with_operators to None, run_after=None
[2024-01-27T02:19:49.029+0000] {processor.py:179} INFO - Processing /usr/local/python/3.10.13/lib/python3.10/site-packages/airflow/example_dags/example_xcomargs.py took 0.468 seconds
[2024-01-27T02:20:44.456+0000] {processor.py:157} INFO - Started process (PID=7418) to work on /usr/local/python/3.10.13/lib/python3.10/site-packages/airflow/example_dags/example_xcomargs.py
[2024-01-27T02:20:44.457+0000] {processor.py:826} INFO - Processing file /usr/local/python/3.10.13/lib/python3.10/site-packages/airflow/example_dags/example_xcomargs.py for tasks to queue
[2024-01-27T02:20:44.458+0000] {logging_mixin.py:150} INFO - [2024-01-27T02:20:44.457+0000] {dagbag.py:541} INFO - Filling up the DagBag from /usr/local/python/3.10.13/lib/python3.10/site-packages/airflow/example_dags/example_xcomargs.py
[2024-01-27T02:20:44.464+0000] {processor.py:836} INFO - DAG(s) dict_keys(['example_xcom_args', 'example_xcom_args_with_operators']) retrieved from /usr/local/python/3.10.13/lib/python3.10/site-packages/airflow/example_dags/example_xcomargs.py
[2024-01-27T02:20:44.479+0000] {logging_mixin.py:150} INFO - [2024-01-27T02:20:44.479+0000] {dag.py:2742} INFO - Sync 2 DAGs
[2024-01-27T02:20:44.496+0000] {logging_mixin.py:150} INFO - [2024-01-27T02:20:44.496+0000] {dag.py:3504} INFO - Setting next_dagrun for example_xcom_args to None, run_after=None
[2024-01-27T02:20:44.498+0000] {logging_mixin.py:150} INFO - [2024-01-27T02:20:44.498+0000] {dag.py:3504} INFO - Setting next_dagrun for example_xcom_args_with_operators to None, run_after=None
[2024-01-27T02:20:44.593+0000] {processor.py:179} INFO - Processing /usr/local/python/3.10.13/lib/python3.10/site-packages/airflow/example_dags/example_xcomargs.py took 0.139 seconds
[2024-01-27T02:21:35.965+0000] {processor.py:157} INFO - Started process (PID=8231) to work on /usr/local/python/3.10.13/lib/python3.10/site-packages/airflow/example_dags/example_xcomargs.py
[2024-01-27T02:21:35.966+0000] {processor.py:826} INFO - Processing file /usr/local/python/3.10.13/lib/python3.10/site-packages/airflow/example_dags/example_xcomargs.py for tasks to queue
[2024-01-27T02:21:35.967+0000] {logging_mixin.py:150} INFO - [2024-01-27T02:21:35.967+0000] {dagbag.py:541} INFO - Filling up the DagBag from /usr/local/python/3.10.13/lib/python3.10/site-packages/airflow/example_dags/example_xcomargs.py
[2024-01-27T02:21:35.973+0000] {processor.py:836} INFO - DAG(s) dict_keys(['example_xcom_args_with_operators', 'example_xcom_args']) retrieved from /usr/local/python/3.10.13/lib/python3.10/site-packages/airflow/example_dags/example_xcomargs.py
[2024-01-27T02:21:35.988+0000] {logging_mixin.py:150} INFO - [2024-01-27T02:21:35.988+0000] {dag.py:2742} INFO - Sync 2 DAGs
[2024-01-27T02:21:36.004+0000] {logging_mixin.py:150} INFO - [2024-01-27T02:21:36.004+0000] {dag.py:3504} INFO - Setting next_dagrun for example_xcom_args to None, run_after=None
[2024-01-27T02:21:36.006+0000] {logging_mixin.py:150} INFO - [2024-01-27T02:21:36.006+0000] {dag.py:3504} INFO - Setting next_dagrun for example_xcom_args_with_operators to None, run_after=None
[2024-01-27T02:21:36.045+0000] {processor.py:179} INFO - Processing /usr/local/python/3.10.13/lib/python3.10/site-packages/airflow/example_dags/example_xcomargs.py took 0.082 seconds
[2024-01-27T02:22:23.627+0000] {processor.py:157} INFO - Started process (PID=8596) to work on /usr/local/python/3.10.13/lib/python3.10/site-packages/airflow/example_dags/example_xcomargs.py
[2024-01-27T02:22:23.628+0000] {processor.py:826} INFO - Processing file /usr/local/python/3.10.13/lib/python3.10/site-packages/airflow/example_dags/example_xcomargs.py for tasks to queue
[2024-01-27T02:22:23.629+0000] {logging_mixin.py:150} INFO - [2024-01-27T02:22:23.629+0000] {dagbag.py:541} INFO - Filling up the DagBag from /usr/local/python/3.10.13/lib/python3.10/site-packages/airflow/example_dags/example_xcomargs.py
[2024-01-27T02:22:23.639+0000] {processor.py:836} INFO - DAG(s) dict_keys(['example_xcom_args_with_operators', 'example_xcom_args']) retrieved from /usr/local/python/3.10.13/lib/python3.10/site-packages/airflow/example_dags/example_xcomargs.py
[2024-01-27T02:22:23.752+0000] {logging_mixin.py:150} INFO - [2024-01-27T02:22:23.747+0000] {dag.py:2742} INFO - Sync 2 DAGs
[2024-01-27T02:22:23.824+0000] {logging_mixin.py:150} INFO - [2024-01-27T02:22:23.823+0000] {dag.py:3504} INFO - Setting next_dagrun for example_xcom_args to None, run_after=None
[2024-01-27T02:22:24.157+0000] {logging_mixin.py:150} INFO - [2024-01-27T02:22:24.157+0000] {dag.py:3504} INFO - Setting next_dagrun for example_xcom_args_with_operators to None, run_after=None
[2024-01-27T02:22:24.195+0000] {processor.py:179} INFO - Processing /usr/local/python/3.10.13/lib/python3.10/site-packages/airflow/example_dags/example_xcomargs.py took 0.571 seconds
[2024-01-27T02:23:03.978+0000] {processor.py:157} INFO - Started process (PID=8958) to work on /usr/local/python/3.10.13/lib/python3.10/site-packages/airflow/example_dags/example_xcomargs.py
[2024-01-27T02:23:03.978+0000] {processor.py:826} INFO - Processing file /usr/local/python/3.10.13/lib/python3.10/site-packages/airflow/example_dags/example_xcomargs.py for tasks to queue
[2024-01-27T02:23:03.979+0000] {logging_mixin.py:150} INFO - [2024-01-27T02:23:03.979+0000] {dagbag.py:541} INFO - Filling up the DagBag from /usr/local/python/3.10.13/lib/python3.10/site-packages/airflow/example_dags/example_xcomargs.py
[2024-01-27T02:23:03.985+0000] {processor.py:836} INFO - DAG(s) dict_keys(['example_xcom_args', 'example_xcom_args_with_operators']) retrieved from /usr/local/python/3.10.13/lib/python3.10/site-packages/airflow/example_dags/example_xcomargs.py
[2024-01-27T02:23:04.001+0000] {logging_mixin.py:150} INFO - [2024-01-27T02:23:04.001+0000] {dag.py:2742} INFO - Sync 2 DAGs
[2024-01-27T02:23:04.026+0000] {logging_mixin.py:150} INFO - [2024-01-27T02:23:04.025+0000] {dag.py:3504} INFO - Setting next_dagrun for example_xcom_args to None, run_after=None
[2024-01-27T02:23:04.030+0000] {logging_mixin.py:150} INFO - [2024-01-27T02:23:04.030+0000] {dag.py:3504} INFO - Setting next_dagrun for example_xcom_args_with_operators to None, run_after=None
[2024-01-27T02:23:04.068+0000] {processor.py:179} INFO - Processing /usr/local/python/3.10.13/lib/python3.10/site-packages/airflow/example_dags/example_xcomargs.py took 0.093 seconds
[2024-01-27T02:23:54.601+0000] {processor.py:157} INFO - Started process (PID=9450) to work on /usr/local/python/3.10.13/lib/python3.10/site-packages/airflow/example_dags/example_xcomargs.py
[2024-01-27T02:23:54.602+0000] {processor.py:826} INFO - Processing file /usr/local/python/3.10.13/lib/python3.10/site-packages/airflow/example_dags/example_xcomargs.py for tasks to queue
[2024-01-27T02:23:54.604+0000] {logging_mixin.py:150} INFO - [2024-01-27T02:23:54.603+0000] {dagbag.py:541} INFO - Filling up the DagBag from /usr/local/python/3.10.13/lib/python3.10/site-packages/airflow/example_dags/example_xcomargs.py
[2024-01-27T02:23:54.610+0000] {processor.py:836} INFO - DAG(s) dict_keys(['example_xcom_args_with_operators', 'example_xcom_args']) retrieved from /usr/local/python/3.10.13/lib/python3.10/site-packages/airflow/example_dags/example_xcomargs.py
[2024-01-27T02:23:54.625+0000] {logging_mixin.py:150} INFO - [2024-01-27T02:23:54.625+0000] {dag.py:2742} INFO - Sync 2 DAGs
[2024-01-27T02:23:54.641+0000] {logging_mixin.py:150} INFO - [2024-01-27T02:23:54.641+0000] {dag.py:3504} INFO - Setting next_dagrun for example_xcom_args to None, run_after=None
[2024-01-27T02:23:54.643+0000] {logging_mixin.py:150} INFO - [2024-01-27T02:23:54.643+0000] {dag.py:3504} INFO - Setting next_dagrun for example_xcom_args_with_operators to None, run_after=None
[2024-01-27T02:23:54.680+0000] {processor.py:179} INFO - Processing /usr/local/python/3.10.13/lib/python3.10/site-packages/airflow/example_dags/example_xcomargs.py took 0.082 seconds
