[2024-01-27T02:20:21.089+0000] {processor.py:157} INFO - Started process (PID=7249) to work on /usr/local/python/3.10.13/lib/python3.10/site-packages/airflow/example_dags/example_params_ui_tutorial.py
[2024-01-27T02:20:21.090+0000] {processor.py:826} INFO - Processing file /usr/local/python/3.10.13/lib/python3.10/site-packages/airflow/example_dags/example_params_ui_tutorial.py for tasks to queue
[2024-01-27T02:20:21.091+0000] {logging_mixin.py:150} INFO - [2024-01-27T02:20:21.090+0000] {dagbag.py:541} INFO - Filling up the DagBag from /usr/local/python/3.10.13/lib/python3.10/site-packages/airflow/example_dags/example_params_ui_tutorial.py
[2024-01-27T02:20:21.110+0000] {processor.py:836} INFO - DAG(s) dict_keys(['example_params_ui_tutorial']) retrieved from /usr/local/python/3.10.13/lib/python3.10/site-packages/airflow/example_dags/example_params_ui_tutorial.py
[2024-01-27T02:20:21.252+0000] {logging_mixin.py:150} INFO - [2024-01-27T02:20:21.252+0000] {manager.py:504} INFO - Created Permission View: can read on DAG:example_params_ui_tutorial
[2024-01-27T02:20:21.282+0000] {logging_mixin.py:150} INFO - [2024-01-27T02:20:21.282+0000] {manager.py:504} INFO - Created Permission View: can delete on DAG:example_params_ui_tutorial
[2024-01-27T02:20:21.319+0000] {logging_mixin.py:150} INFO - [2024-01-27T02:20:21.318+0000] {manager.py:504} INFO - Created Permission View: can edit on DAG:example_params_ui_tutorial
[2024-01-27T02:20:21.329+0000] {logging_mixin.py:150} INFO - [2024-01-27T02:20:21.329+0000] {dag.py:2742} INFO - Sync 1 DAGs
[2024-01-27T02:20:21.337+0000] {logging_mixin.py:150} INFO - [2024-01-27T02:20:21.337+0000] {dag.py:2763} INFO - Creating ORM DAG for example_params_ui_tutorial
[2024-01-27T02:20:21.345+0000] {logging_mixin.py:150} INFO - [2024-01-27T02:20:21.345+0000] {dag.py:3504} INFO - Setting next_dagrun for example_params_ui_tutorial to None, run_after=None
[2024-01-27T02:20:21.388+0000] {processor.py:179} INFO - Processing /usr/local/python/3.10.13/lib/python3.10/site-packages/airflow/example_dags/example_params_ui_tutorial.py took 0.301 seconds
[2024-01-27T02:21:17.985+0000] {processor.py:157} INFO - Started process (PID=8103) to work on /usr/local/python/3.10.13/lib/python3.10/site-packages/airflow/example_dags/example_params_ui_tutorial.py
[2024-01-27T02:21:17.986+0000] {processor.py:826} INFO - Processing file /usr/local/python/3.10.13/lib/python3.10/site-packages/airflow/example_dags/example_params_ui_tutorial.py for tasks to queue
[2024-01-27T02:21:17.987+0000] {logging_mixin.py:150} INFO - [2024-01-27T02:21:17.986+0000] {dagbag.py:541} INFO - Filling up the DagBag from /usr/local/python/3.10.13/lib/python3.10/site-packages/airflow/example_dags/example_params_ui_tutorial.py
[2024-01-27T02:21:18.006+0000] {processor.py:836} INFO - DAG(s) dict_keys(['example_params_ui_tutorial']) retrieved from /usr/local/python/3.10.13/lib/python3.10/site-packages/airflow/example_dags/example_params_ui_tutorial.py
[2024-01-27T02:21:18.034+0000] {logging_mixin.py:150} INFO - [2024-01-27T02:21:18.033+0000] {dag.py:2742} INFO - Sync 1 DAGs
[2024-01-27T02:21:18.049+0000] {logging_mixin.py:150} INFO - [2024-01-27T02:21:18.049+0000] {dag.py:3504} INFO - Setting next_dagrun for example_params_ui_tutorial to None, run_after=None
[2024-01-27T02:21:18.088+0000] {processor.py:179} INFO - Processing /usr/local/python/3.10.13/lib/python3.10/site-packages/airflow/example_dags/example_params_ui_tutorial.py took 0.105 seconds
[2024-01-27T02:22:16.748+0000] {processor.py:157} INFO - Started process (PID=8544) to work on /usr/local/python/3.10.13/lib/python3.10/site-packages/airflow/example_dags/example_params_ui_tutorial.py
[2024-01-27T02:22:16.749+0000] {processor.py:826} INFO - Processing file /usr/local/python/3.10.13/lib/python3.10/site-packages/airflow/example_dags/example_params_ui_tutorial.py for tasks to queue
[2024-01-27T02:22:16.750+0000] {logging_mixin.py:150} INFO - [2024-01-27T02:22:16.750+0000] {dagbag.py:541} INFO - Filling up the DagBag from /usr/local/python/3.10.13/lib/python3.10/site-packages/airflow/example_dags/example_params_ui_tutorial.py
[2024-01-27T02:22:16.771+0000] {processor.py:836} INFO - DAG(s) dict_keys(['example_params_ui_tutorial']) retrieved from /usr/local/python/3.10.13/lib/python3.10/site-packages/airflow/example_dags/example_params_ui_tutorial.py
[2024-01-27T02:22:16.799+0000] {logging_mixin.py:150} INFO - [2024-01-27T02:22:16.798+0000] {dag.py:2742} INFO - Sync 1 DAGs
[2024-01-27T02:22:16.815+0000] {logging_mixin.py:150} INFO - [2024-01-27T02:22:16.814+0000] {dag.py:3504} INFO - Setting next_dagrun for example_params_ui_tutorial to None, run_after=None
[2024-01-27T02:22:16.856+0000] {processor.py:179} INFO - Processing /usr/local/python/3.10.13/lib/python3.10/site-packages/airflow/example_dags/example_params_ui_tutorial.py took 0.110 seconds
[2024-01-27T02:23:06.380+0000] {processor.py:157} INFO - Started process (PID=8966) to work on /usr/local/python/3.10.13/lib/python3.10/site-packages/airflow/example_dags/example_params_ui_tutorial.py
[2024-01-27T02:23:06.380+0000] {processor.py:826} INFO - Processing file /usr/local/python/3.10.13/lib/python3.10/site-packages/airflow/example_dags/example_params_ui_tutorial.py for tasks to queue
[2024-01-27T02:23:06.381+0000] {logging_mixin.py:150} INFO - [2024-01-27T02:23:06.381+0000] {dagbag.py:541} INFO - Filling up the DagBag from /usr/local/python/3.10.13/lib/python3.10/site-packages/airflow/example_dags/example_params_ui_tutorial.py
[2024-01-27T02:23:06.400+0000] {processor.py:836} INFO - DAG(s) dict_keys(['example_params_ui_tutorial']) retrieved from /usr/local/python/3.10.13/lib/python3.10/site-packages/airflow/example_dags/example_params_ui_tutorial.py
[2024-01-27T02:23:06.429+0000] {logging_mixin.py:150} INFO - [2024-01-27T02:23:06.428+0000] {dag.py:2742} INFO - Sync 1 DAGs
[2024-01-27T02:23:06.444+0000] {logging_mixin.py:150} INFO - [2024-01-27T02:23:06.444+0000] {dag.py:3504} INFO - Setting next_dagrun for example_params_ui_tutorial to None, run_after=None
[2024-01-27T02:23:06.482+0000] {processor.py:179} INFO - Processing /usr/local/python/3.10.13/lib/python3.10/site-packages/airflow/example_dags/example_params_ui_tutorial.py took 0.105 seconds
[2024-01-27T02:23:56.925+0000] {processor.py:157} INFO - Started process (PID=9476) to work on /usr/local/python/3.10.13/lib/python3.10/site-packages/airflow/example_dags/example_params_ui_tutorial.py
[2024-01-27T02:23:56.926+0000] {processor.py:826} INFO - Processing file /usr/local/python/3.10.13/lib/python3.10/site-packages/airflow/example_dags/example_params_ui_tutorial.py for tasks to queue
[2024-01-27T02:23:56.927+0000] {logging_mixin.py:150} INFO - [2024-01-27T02:23:56.926+0000] {dagbag.py:541} INFO - Filling up the DagBag from /usr/local/python/3.10.13/lib/python3.10/site-packages/airflow/example_dags/example_params_ui_tutorial.py
[2024-01-27T02:23:56.946+0000] {processor.py:836} INFO - DAG(s) dict_keys(['example_params_ui_tutorial']) retrieved from /usr/local/python/3.10.13/lib/python3.10/site-packages/airflow/example_dags/example_params_ui_tutorial.py
[2024-01-27T02:23:56.975+0000] {logging_mixin.py:150} INFO - [2024-01-27T02:23:56.975+0000] {dag.py:2742} INFO - Sync 1 DAGs
[2024-01-27T02:23:56.990+0000] {logging_mixin.py:150} INFO - [2024-01-27T02:23:56.990+0000] {dag.py:3504} INFO - Setting next_dagrun for example_params_ui_tutorial to None, run_after=None
[2024-01-27T02:23:57.030+0000] {processor.py:179} INFO - Processing /usr/local/python/3.10.13/lib/python3.10/site-packages/airflow/example_dags/example_params_ui_tutorial.py took 0.108 seconds
