[2024-01-27T02:19:53.943+0000] {processor.py:157} INFO - Started process (PID=7044) to work on /usr/local/python/3.10.13/lib/python3.10/site-packages/airflow/example_dags/tutorial_taskflow_api_virtualenv.py
[2024-01-27T02:19:53.943+0000] {processor.py:826} INFO - Processing file /usr/local/python/3.10.13/lib/python3.10/site-packages/airflow/example_dags/tutorial_taskflow_api_virtualenv.py for tasks to queue
[2024-01-27T02:19:53.944+0000] {logging_mixin.py:150} INFO - [2024-01-27T02:19:53.944+0000] {dagbag.py:541} INFO - Filling up the DagBag from /usr/local/python/3.10.13/lib/python3.10/site-packages/airflow/example_dags/tutorial_taskflow_api_virtualenv.py
[2024-01-27T02:19:54.086+0000] {processor.py:836} INFO - DAG(s) dict_keys(['tutorial_taskflow_api_virtualenv']) retrieved from /usr/local/python/3.10.13/lib/python3.10/site-packages/airflow/example_dags/tutorial_taskflow_api_virtualenv.py
[2024-01-27T02:19:54.233+0000] {logging_mixin.py:150} INFO - [2024-01-27T02:19:54.233+0000] {manager.py:504} INFO - Created Permission View: can read on DAG:tutorial_taskflow_api_virtualenv
[2024-01-27T02:19:54.263+0000] {logging_mixin.py:150} INFO - [2024-01-27T02:19:54.263+0000] {manager.py:504} INFO - Created Permission View: can delete on DAG:tutorial_taskflow_api_virtualenv
[2024-01-27T02:19:54.291+0000] {logging_mixin.py:150} INFO - [2024-01-27T02:19:54.291+0000] {manager.py:504} INFO - Created Permission View: can edit on DAG:tutorial_taskflow_api_virtualenv
[2024-01-27T02:19:54.305+0000] {logging_mixin.py:150} INFO - [2024-01-27T02:19:54.305+0000] {dag.py:2742} INFO - Sync 1 DAGs
[2024-01-27T02:19:54.316+0000] {logging_mixin.py:150} INFO - [2024-01-27T02:19:54.316+0000] {dag.py:2763} INFO - Creating ORM DAG for tutorial_taskflow_api_virtualenv
[2024-01-27T02:19:54.323+0000] {logging_mixin.py:150} INFO - [2024-01-27T02:19:54.323+0000] {dag.py:3504} INFO - Setting next_dagrun for tutorial_taskflow_api_virtualenv to None, run_after=None
[2024-01-27T02:19:54.365+0000] {processor.py:179} INFO - Processing /usr/local/python/3.10.13/lib/python3.10/site-packages/airflow/example_dags/tutorial_taskflow_api_virtualenv.py took 0.424 seconds
[2024-01-27T02:20:50.085+0000] {processor.py:157} INFO - Started process (PID=7485) to work on /usr/local/python/3.10.13/lib/python3.10/site-packages/airflow/example_dags/tutorial_taskflow_api_virtualenv.py
[2024-01-27T02:20:50.085+0000] {processor.py:826} INFO - Processing file /usr/local/python/3.10.13/lib/python3.10/site-packages/airflow/example_dags/tutorial_taskflow_api_virtualenv.py for tasks to queue
[2024-01-27T02:20:50.086+0000] {logging_mixin.py:150} INFO - [2024-01-27T02:20:50.086+0000] {dagbag.py:541} INFO - Filling up the DagBag from /usr/local/python/3.10.13/lib/python3.10/site-packages/airflow/example_dags/tutorial_taskflow_api_virtualenv.py
[2024-01-27T02:20:50.092+0000] {processor.py:836} INFO - DAG(s) dict_keys(['tutorial_taskflow_api_virtualenv']) retrieved from /usr/local/python/3.10.13/lib/python3.10/site-packages/airflow/example_dags/tutorial_taskflow_api_virtualenv.py
[2024-01-27T02:20:50.106+0000] {logging_mixin.py:150} INFO - [2024-01-27T02:20:50.106+0000] {dag.py:2742} INFO - Sync 1 DAGs
[2024-01-27T02:20:50.121+0000] {logging_mixin.py:150} INFO - [2024-01-27T02:20:50.121+0000] {dag.py:3504} INFO - Setting next_dagrun for tutorial_taskflow_api_virtualenv to None, run_after=None
[2024-01-27T02:20:50.159+0000] {processor.py:179} INFO - Processing /usr/local/python/3.10.13/lib/python3.10/site-packages/airflow/example_dags/tutorial_taskflow_api_virtualenv.py took 0.077 seconds
[2024-01-27T02:21:41.979+0000] {processor.py:157} INFO - Started process (PID=8278) to work on /usr/local/python/3.10.13/lib/python3.10/site-packages/airflow/example_dags/tutorial_taskflow_api_virtualenv.py
[2024-01-27T02:21:41.980+0000] {processor.py:826} INFO - Processing file /usr/local/python/3.10.13/lib/python3.10/site-packages/airflow/example_dags/tutorial_taskflow_api_virtualenv.py for tasks to queue
[2024-01-27T02:21:41.981+0000] {logging_mixin.py:150} INFO - [2024-01-27T02:21:41.980+0000] {dagbag.py:541} INFO - Filling up the DagBag from /usr/local/python/3.10.13/lib/python3.10/site-packages/airflow/example_dags/tutorial_taskflow_api_virtualenv.py
[2024-01-27T02:21:41.986+0000] {processor.py:836} INFO - DAG(s) dict_keys(['tutorial_taskflow_api_virtualenv']) retrieved from /usr/local/python/3.10.13/lib/python3.10/site-packages/airflow/example_dags/tutorial_taskflow_api_virtualenv.py
[2024-01-27T02:21:41.998+0000] {logging_mixin.py:150} INFO - [2024-01-27T02:21:41.998+0000] {dag.py:2742} INFO - Sync 1 DAGs
[2024-01-27T02:21:42.013+0000] {logging_mixin.py:150} INFO - [2024-01-27T02:21:42.013+0000] {dag.py:3504} INFO - Setting next_dagrun for tutorial_taskflow_api_virtualenv to None, run_after=None
[2024-01-27T02:21:42.052+0000] {processor.py:179} INFO - Processing /usr/local/python/3.10.13/lib/python3.10/site-packages/airflow/example_dags/tutorial_taskflow_api_virtualenv.py took 0.075 seconds
[2024-01-27T02:22:29.282+0000] {processor.py:157} INFO - Started process (PID=8644) to work on /usr/local/python/3.10.13/lib/python3.10/site-packages/airflow/example_dags/tutorial_taskflow_api_virtualenv.py
[2024-01-27T02:22:29.283+0000] {processor.py:826} INFO - Processing file /usr/local/python/3.10.13/lib/python3.10/site-packages/airflow/example_dags/tutorial_taskflow_api_virtualenv.py for tasks to queue
[2024-01-27T02:22:29.284+0000] {logging_mixin.py:150} INFO - [2024-01-27T02:22:29.284+0000] {dagbag.py:541} INFO - Filling up the DagBag from /usr/local/python/3.10.13/lib/python3.10/site-packages/airflow/example_dags/tutorial_taskflow_api_virtualenv.py
[2024-01-27T02:22:29.289+0000] {processor.py:836} INFO - DAG(s) dict_keys(['tutorial_taskflow_api_virtualenv']) retrieved from /usr/local/python/3.10.13/lib/python3.10/site-packages/airflow/example_dags/tutorial_taskflow_api_virtualenv.py
[2024-01-27T02:22:29.302+0000] {logging_mixin.py:150} INFO - [2024-01-27T02:22:29.301+0000] {dag.py:2742} INFO - Sync 1 DAGs
[2024-01-27T02:22:29.317+0000] {logging_mixin.py:150} INFO - [2024-01-27T02:22:29.317+0000] {dag.py:3504} INFO - Setting next_dagrun for tutorial_taskflow_api_virtualenv to None, run_after=None
[2024-01-27T02:22:29.354+0000] {processor.py:179} INFO - Processing /usr/local/python/3.10.13/lib/python3.10/site-packages/airflow/example_dags/tutorial_taskflow_api_virtualenv.py took 0.073 seconds
[2024-01-27T02:23:19.159+0000] {processor.py:157} INFO - Started process (PID=9102) to work on /usr/local/python/3.10.13/lib/python3.10/site-packages/airflow/example_dags/tutorial_taskflow_api_virtualenv.py
[2024-01-27T02:23:19.159+0000] {processor.py:826} INFO - Processing file /usr/local/python/3.10.13/lib/python3.10/site-packages/airflow/example_dags/tutorial_taskflow_api_virtualenv.py for tasks to queue
[2024-01-27T02:23:19.160+0000] {logging_mixin.py:150} INFO - [2024-01-27T02:23:19.160+0000] {dagbag.py:541} INFO - Filling up the DagBag from /usr/local/python/3.10.13/lib/python3.10/site-packages/airflow/example_dags/tutorial_taskflow_api_virtualenv.py
[2024-01-27T02:23:19.166+0000] {processor.py:836} INFO - DAG(s) dict_keys(['tutorial_taskflow_api_virtualenv']) retrieved from /usr/local/python/3.10.13/lib/python3.10/site-packages/airflow/example_dags/tutorial_taskflow_api_virtualenv.py
[2024-01-27T02:23:19.186+0000] {logging_mixin.py:150} INFO - [2024-01-27T02:23:19.186+0000] {dag.py:2742} INFO - Sync 1 DAGs
[2024-01-27T02:23:19.215+0000] {logging_mixin.py:150} INFO - [2024-01-27T02:23:19.215+0000] {dag.py:3504} INFO - Setting next_dagrun for tutorial_taskflow_api_virtualenv to None, run_after=None
[2024-01-27T02:23:19.266+0000] {processor.py:179} INFO - Processing /usr/local/python/3.10.13/lib/python3.10/site-packages/airflow/example_dags/tutorial_taskflow_api_virtualenv.py took 0.110 seconds
