[2024-01-27T20:50:56.246+0000] {taskinstance.py:1103} INFO - Dependencies all met for dep_context=non-requeueable deps ti=<TaskInstance: ETL_1.extract_task manual__2024-01-27T20:50:52.794659+00:00 [queued]>
[2024-01-27T20:50:56.324+0000] {taskinstance.py:1103} INFO - Dependencies all met for dep_context=requeueable deps ti=<TaskInstance: ETL_1.extract_task manual__2024-01-27T20:50:52.794659+00:00 [queued]>
[2024-01-27T20:50:56.325+0000] {taskinstance.py:1308} INFO - Starting attempt 1 of 1
[2024-01-27T20:50:56.397+0000] {taskinstance.py:1327} INFO - Executing <Task(BashOperator): extract_task> on 2024-01-27 20:50:52.794659+00:00
[2024-01-27T20:50:56.401+0000] {standard_task_runner.py:57} INFO - Started process 9988 to run task
[2024-01-27T20:50:56.403+0000] {standard_task_runner.py:84} INFO - Running: ['airflow', 'tasks', 'run', 'ETL_1', 'extract_task', 'manual__2024-01-27T20:50:52.794659+00:00', '--job-id', '21', '--raw', '--subdir', 'DAGS_FOLDER/ETL_1.py', '--cfg-path', '/tmp/tmp65dgmp6n']
[2024-01-27T20:50:56.404+0000] {standard_task_runner.py:85} INFO - Job 21: Subtask extract_task
[2024-01-27T20:50:56.457+0000] {task_command.py:410} INFO - Running <TaskInstance: ETL_1.extract_task manual__2024-01-27T20:50:52.794659+00:00 [running]> on host codespaces-ca3784
[2024-01-27T20:50:56.552+0000] {taskinstance.py:1545} INFO - Exporting env vars: AIRFLOW_CTX_DAG_OWNER='airflow' AIRFLOW_CTX_DAG_ID='ETL_1' AIRFLOW_CTX_TASK_ID='extract_task' AIRFLOW_CTX_EXECUTION_DATE='2024-01-27T20:50:52.794659+00:00' AIRFLOW_CTX_TRY_NUMBER='1' AIRFLOW_CTX_DAG_RUN_ID='manual__2024-01-27T20:50:52.794659+00:00'
[2024-01-27T20:50:56.553+0000] {subprocess.py:63} INFO - Tmp dir root location: /tmp
[2024-01-27T20:50:56.553+0000] {subprocess.py:75} INFO - Running command: ['/usr/bin/bash', '-c', 'wget -c https://data.nasdaq.com/api/v3/datasets/WIKI/FB.json -O /workspaces/hands-on-introduction-data-engineering-4395021/lab/FB_nsdq.json']
[2024-01-27T20:50:56.571+0000] {subprocess.py:86} INFO - Output:
[2024-01-27T20:50:56.572+0000] {subprocess.py:93} INFO - --2024-01-27 20:50:56--  https://data.nasdaq.com/api/v3/datasets/WIKI/FB.json
[2024-01-27T20:50:56.582+0000] {subprocess.py:93} INFO - Resolving data.nasdaq.com (data.nasdaq.com)... 45.60.150.18
[2024-01-27T20:50:56.590+0000] {subprocess.py:93} INFO - Connecting to data.nasdaq.com (data.nasdaq.com)|45.60.150.18|:443... connected.
[2024-01-27T20:50:57.443+0000] {subprocess.py:93} INFO - HTTP request sent, awaiting response... 200 OK
[2024-01-27T20:50:57.444+0000] {subprocess.py:93} INFO - Length: unspecified [application/json]
[2024-01-27T20:50:57.444+0000] {subprocess.py:93} INFO - Saving to: ‘/workspaces/hands-on-introduction-data-engineering-4395021/lab/FB_nsdq.json’
[2024-01-27T20:50:57.444+0000] {subprocess.py:93} INFO - 
[2024-01-27T20:50:57.510+0000] {subprocess.py:93} INFO -      0K .......... .......... .......... .......... ..........  747K
[2024-01-27T20:50:57.576+0000] {subprocess.py:93} INFO -     50K .......... .......... .......... .......... ..........  754K
[2024-01-27T20:50:57.577+0000] {subprocess.py:93} INFO -    100K .......... .......... .......... .........             68.7M=0.1s
[2024-01-27T20:50:57.577+0000] {subprocess.py:93} INFO - 
[2024-01-27T20:50:57.577+0000] {subprocess.py:93} INFO - 2024-01-27 20:50:57 (1.02 MB/s) - ‘/workspaces/hands-on-introduction-data-engineering-4395021/lab/FB_nsdq.json’ saved [142404]
[2024-01-27T20:50:57.577+0000] {subprocess.py:93} INFO - 
[2024-01-27T20:50:57.578+0000] {subprocess.py:97} INFO - Command exited with return code 0
[2024-01-27T20:50:57.615+0000] {taskinstance.py:1345} INFO - Marking task as SUCCESS. dag_id=ETL_1, task_id=extract_task, execution_date=20240127T205052, start_date=20240127T205056, end_date=20240127T205057
[2024-01-27T20:50:57.664+0000] {local_task_job_runner.py:225} INFO - Task exited with return code 0
[2024-01-27T20:50:57.679+0000] {taskinstance.py:2653} INFO - 1 downstream tasks scheduled from follow-on schedule check
