[2024-01-27T04:09:53.437+0000] {taskinstance.py:1103} INFO - Dependencies all met for dep_context=non-requeueable deps ti=<TaskInstance: extract_dag.extract_task manual__2024-01-27T04:09:50.727657+00:00 [queued]>
[2024-01-27T04:09:53.443+0000] {taskinstance.py:1103} INFO - Dependencies all met for dep_context=requeueable deps ti=<TaskInstance: extract_dag.extract_task manual__2024-01-27T04:09:50.727657+00:00 [queued]>
[2024-01-27T04:09:53.444+0000] {taskinstance.py:1308} INFO - Starting attempt 1 of 1
[2024-01-27T04:09:53.480+0000] {taskinstance.py:1327} INFO - Executing <Task(BashOperator): extract_task> on 2024-01-27 04:09:50.727657+00:00
[2024-01-27T04:09:53.482+0000] {standard_task_runner.py:57} INFO - Started process 4301 to run task
[2024-01-27T04:09:53.485+0000] {standard_task_runner.py:84} INFO - Running: ['airflow', 'tasks', 'run', 'extract_dag', 'extract_task', 'manual__2024-01-27T04:09:50.727657+00:00', '--job-id', '11', '--raw', '--subdir', 'DAGS_FOLDER/extract_nsdq.py', '--cfg-path', '/tmp/tmpkqa2w_r2']
[2024-01-27T04:09:53.485+0000] {standard_task_runner.py:85} INFO - Job 11: Subtask extract_task
[2024-01-27T04:09:53.610+0000] {task_command.py:410} INFO - Running <TaskInstance: extract_dag.extract_task manual__2024-01-27T04:09:50.727657+00:00 [running]> on host codespaces-ca3784
[2024-01-27T04:09:53.809+0000] {taskinstance.py:1545} INFO - Exporting env vars: AIRFLOW_CTX_DAG_OWNER='airflow' AIRFLOW_CTX_DAG_ID='extract_dag' AIRFLOW_CTX_TASK_ID='extract_task' AIRFLOW_CTX_EXECUTION_DATE='2024-01-27T04:09:50.727657+00:00' AIRFLOW_CTX_TRY_NUMBER='1' AIRFLOW_CTX_DAG_RUN_ID='manual__2024-01-27T04:09:50.727657+00:00'
[2024-01-27T04:09:53.810+0000] {subprocess.py:63} INFO - Tmp dir root location: /tmp
[2024-01-27T04:09:53.811+0000] {subprocess.py:75} INFO - Running command: ['/usr/bin/bash', '-c', 'wget -c https://data.nasdaq.com/api/v3/datasets/WIKI/FB.json -O /workspaces/hands-on-introduction-data-engineering-4395021/lab/FB_nsdq.json']
[2024-01-27T04:09:53.817+0000] {subprocess.py:86} INFO - Output:
[2024-01-27T04:09:53.821+0000] {subprocess.py:93} INFO - --2024-01-27 04:09:53--  https://data.nasdaq.com/api/v3/datasets/WIKI/FB.json
[2024-01-27T04:09:53.825+0000] {subprocess.py:93} INFO - Resolving data.nasdaq.com (data.nasdaq.com)... 45.60.150.18
[2024-01-27T04:09:53.833+0000] {subprocess.py:93} INFO - Connecting to data.nasdaq.com (data.nasdaq.com)|45.60.150.18|:443... connected.
[2024-01-27T04:09:54.057+0000] {subprocess.py:93} INFO - HTTP request sent, awaiting response... 429 Too Many Requests
[2024-01-27T04:09:54.058+0000] {subprocess.py:93} INFO - 2024-01-27 04:09:54 ERROR 429: Too Many Requests.
[2024-01-27T04:09:54.058+0000] {subprocess.py:93} INFO - 
[2024-01-27T04:09:54.058+0000] {subprocess.py:97} INFO - Command exited with return code 8
[2024-01-27T04:09:54.064+0000] {taskinstance.py:1824} ERROR - Task failed with exception
Traceback (most recent call last):
  File "/usr/local/python/3.10.13/lib/python3.10/site-packages/airflow/operators/bash.py", line 210, in execute
    raise AirflowException(
airflow.exceptions.AirflowException: Bash command failed. The command returned a non-zero exit code 8.
[2024-01-27T04:09:54.066+0000] {taskinstance.py:1345} INFO - Marking task as FAILED. dag_id=extract_dag, task_id=extract_task, execution_date=20240127T040950, start_date=20240127T040953, end_date=20240127T040954
[2024-01-27T04:09:54.098+0000] {standard_task_runner.py:104} ERROR - Failed to execute job 11 for task extract_task (Bash command failed. The command returned a non-zero exit code 8.; 4301)
[2024-01-27T04:09:54.106+0000] {local_task_job_runner.py:225} INFO - Task exited with return code 1
[2024-01-27T04:09:54.116+0000] {taskinstance.py:2653} INFO - 0 downstream tasks scheduled from follow-on schedule check
