[2024-01-27T06:25:02.986+0000] {taskinstance.py:1103} INFO - Dependencies all met for dep_context=non-requeueable deps ti=<TaskInstance: ETL_1.extract_task manual__2024-01-27T06:24:59.641533+00:00 [queued]>
[2024-01-27T06:25:02.991+0000] {taskinstance.py:1103} INFO - Dependencies all met for dep_context=requeueable deps ti=<TaskInstance: ETL_1.extract_task manual__2024-01-27T06:24:59.641533+00:00 [queued]>
[2024-01-27T06:25:02.991+0000] {taskinstance.py:1308} INFO - Starting attempt 1 of 1
[2024-01-27T06:25:03.035+0000] {taskinstance.py:1327} INFO - Executing <Task(BashOperator): extract_task> on 2024-01-27 06:24:59.641533+00:00
[2024-01-27T06:25:03.039+0000] {standard_task_runner.py:57} INFO - Started process 24481 to run task
[2024-01-27T06:25:03.042+0000] {standard_task_runner.py:84} INFO - Running: ['airflow', 'tasks', 'run', 'ETL_1', 'extract_task', 'manual__2024-01-27T06:24:59.641533+00:00', '--job-id', '14', '--raw', '--subdir', 'DAGS_FOLDER/ETL_1.py', '--cfg-path', '/tmp/tmp0g8cn_zf']
[2024-01-27T06:25:03.042+0000] {standard_task_runner.py:85} INFO - Job 14: Subtask extract_task
[2024-01-27T06:25:03.099+0000] {task_command.py:410} INFO - Running <TaskInstance: ETL_1.extract_task manual__2024-01-27T06:24:59.641533+00:00 [running]> on host codespaces-ca3784
[2024-01-27T06:25:03.189+0000] {taskinstance.py:1545} INFO - Exporting env vars: AIRFLOW_CTX_DAG_OWNER='airflow' AIRFLOW_CTX_DAG_ID='ETL_1' AIRFLOW_CTX_TASK_ID='extract_task' AIRFLOW_CTX_EXECUTION_DATE='2024-01-27T06:24:59.641533+00:00' AIRFLOW_CTX_TRY_NUMBER='1' AIRFLOW_CTX_DAG_RUN_ID='manual__2024-01-27T06:24:59.641533+00:00'
[2024-01-27T06:25:03.190+0000] {subprocess.py:63} INFO - Tmp dir root location: /tmp
[2024-01-27T06:25:03.190+0000] {subprocess.py:75} INFO - Running command: ['/usr/bin/bash', '-c', 'wget -c https://data.nasdaq.com/api/v3/datasets/WIKI/FB.json -O /workspaces/hands-on-introduction-data-engineering-4395021/lab/FB_nsdq.json']
[2024-01-27T06:25:03.205+0000] {subprocess.py:86} INFO - Output:
[2024-01-27T06:25:03.279+0000] {subprocess.py:93} INFO - --2024-01-27 06:25:03--  https://data.nasdaq.com/api/v3/datasets/WIKI/FB.json
[2024-01-27T06:25:03.357+0000] {subprocess.py:93} INFO - Resolving data.nasdaq.com (data.nasdaq.com)... 45.60.150.18
[2024-01-27T06:25:03.366+0000] {subprocess.py:93} INFO - Connecting to data.nasdaq.com (data.nasdaq.com)|45.60.150.18|:443... connected.
[2024-01-27T06:25:03.614+0000] {subprocess.py:93} INFO - HTTP request sent, awaiting response... 429 Too Many Requests
[2024-01-27T06:25:03.614+0000] {subprocess.py:93} INFO - 2024-01-27 06:25:03 ERROR 429: Too Many Requests.
[2024-01-27T06:25:03.614+0000] {subprocess.py:93} INFO - 
[2024-01-27T06:25:03.615+0000] {subprocess.py:97} INFO - Command exited with return code 8
[2024-01-27T06:25:03.621+0000] {taskinstance.py:1824} ERROR - Task failed with exception
Traceback (most recent call last):
  File "/usr/local/python/3.10.13/lib/python3.10/site-packages/airflow/operators/bash.py", line 210, in execute
    raise AirflowException(
airflow.exceptions.AirflowException: Bash command failed. The command returned a non-zero exit code 8.
[2024-01-27T06:25:03.625+0000] {taskinstance.py:1345} INFO - Marking task as FAILED. dag_id=ETL_1, task_id=extract_task, execution_date=20240127T062459, start_date=20240127T062502, end_date=20240127T062503
[2024-01-27T06:25:03.659+0000] {standard_task_runner.py:104} ERROR - Failed to execute job 14 for task extract_task (Bash command failed. The command returned a non-zero exit code 8.; 24481)
[2024-01-27T06:25:03.697+0000] {local_task_job_runner.py:225} INFO - Task exited with return code 1
[2024-01-27T06:25:03.710+0000] {taskinstance.py:2653} INFO - 0 downstream tasks scheduled from follow-on schedule check
