[2024-01-27T20:57:33.487+0000] {taskinstance.py:1103} INFO - Dependencies all met for dep_context=non-requeueable deps ti=<TaskInstance: ETL_1.extract_task manual__2024-01-27T20:57:29.940521+00:00 [queued]>
[2024-01-27T20:57:33.493+0000] {taskinstance.py:1103} INFO - Dependencies all met for dep_context=requeueable deps ti=<TaskInstance: ETL_1.extract_task manual__2024-01-27T20:57:29.940521+00:00 [queued]>
[2024-01-27T20:57:33.493+0000] {taskinstance.py:1308} INFO - Starting attempt 1 of 1
[2024-01-27T20:57:33.527+0000] {taskinstance.py:1327} INFO - Executing <Task(BashOperator): extract_task> on 2024-01-27 20:57:29.940521+00:00
[2024-01-27T20:57:33.531+0000] {standard_task_runner.py:57} INFO - Started process 12642 to run task
[2024-01-27T20:57:33.534+0000] {standard_task_runner.py:84} INFO - Running: ['airflow', 'tasks', 'run', 'ETL_1', 'extract_task', 'manual__2024-01-27T20:57:29.940521+00:00', '--job-id', '24', '--raw', '--subdir', 'DAGS_FOLDER/ETL_1.py', '--cfg-path', '/tmp/tmpah9c5pwy']
[2024-01-27T20:57:33.534+0000] {standard_task_runner.py:85} INFO - Job 24: Subtask extract_task
[2024-01-27T20:57:33.588+0000] {task_command.py:410} INFO - Running <TaskInstance: ETL_1.extract_task manual__2024-01-27T20:57:29.940521+00:00 [running]> on host codespaces-ca3784
[2024-01-27T20:57:33.693+0000] {taskinstance.py:1545} INFO - Exporting env vars: AIRFLOW_CTX_DAG_OWNER='airflow' AIRFLOW_CTX_DAG_ID='ETL_1' AIRFLOW_CTX_TASK_ID='extract_task' AIRFLOW_CTX_EXECUTION_DATE='2024-01-27T20:57:29.940521+00:00' AIRFLOW_CTX_TRY_NUMBER='1' AIRFLOW_CTX_DAG_RUN_ID='manual__2024-01-27T20:57:29.940521+00:00'
[2024-01-27T20:57:33.694+0000] {subprocess.py:63} INFO - Tmp dir root location: /tmp
[2024-01-27T20:57:33.694+0000] {subprocess.py:75} INFO - Running command: ['/usr/bin/bash', '-c', 'wget -c https://data.nasdaq.com/api/v3/datasets/WIKI/FB.json -O /workspaces/hands-on-introduction-data-engineering-4395021/lab/FB_nsdq.json']
[2024-01-27T20:57:33.704+0000] {subprocess.py:86} INFO - Output:
[2024-01-27T20:57:33.708+0000] {subprocess.py:93} INFO - --2024-01-27 20:57:33--  https://data.nasdaq.com/api/v3/datasets/WIKI/FB.json
[2024-01-27T20:57:33.721+0000] {subprocess.py:93} INFO - Resolving data.nasdaq.com (data.nasdaq.com)... 45.60.150.18
[2024-01-27T20:57:33.729+0000] {subprocess.py:93} INFO - Connecting to data.nasdaq.com (data.nasdaq.com)|45.60.150.18|:443... connected.
[2024-01-27T20:57:34.291+0000] {subprocess.py:93} INFO - HTTP request sent, awaiting response... 200 OK
[2024-01-27T20:57:34.291+0000] {subprocess.py:93} INFO - Length: unspecified [application/json]
[2024-01-27T20:57:34.291+0000] {subprocess.py:93} INFO - Saving to: ‘/workspaces/hands-on-introduction-data-engineering-4395021/lab/FB_nsdq.json’
[2024-01-27T20:57:34.291+0000] {subprocess.py:93} INFO - 
[2024-01-27T20:57:34.357+0000] {subprocess.py:93} INFO -      0K .......... .......... .......... .......... ..........  752K
[2024-01-27T20:57:34.424+0000] {subprocess.py:93} INFO -     50K .......... .......... .......... .......... ..........  747K
[2024-01-27T20:57:34.432+0000] {subprocess.py:93} INFO -    100K .......... .......... .......... .........             4.85M=0.1s
[2024-01-27T20:57:34.432+0000] {subprocess.py:93} INFO - 
[2024-01-27T20:57:34.433+0000] {subprocess.py:93} INFO - 2024-01-27 20:57:34 (984 KB/s) - ‘/workspaces/hands-on-introduction-data-engineering-4395021/lab/FB_nsdq.json’ saved [142404]
[2024-01-27T20:57:34.433+0000] {subprocess.py:93} INFO - 
[2024-01-27T20:57:34.433+0000] {subprocess.py:97} INFO - Command exited with return code 0
[2024-01-27T20:57:34.471+0000] {taskinstance.py:1345} INFO - Marking task as SUCCESS. dag_id=ETL_1, task_id=extract_task, execution_date=20240127T205729, start_date=20240127T205733, end_date=20240127T205734
[2024-01-27T20:57:34.548+0000] {local_task_job_runner.py:225} INFO - Task exited with return code 0
[2024-01-27T20:57:34.564+0000] {taskinstance.py:2653} INFO - 1 downstream tasks scheduled from follow-on schedule check
