[2024-01-27T22:28:03.821+0000] {taskinstance.py:1103} INFO - Dependencies all met for dep_context=non-requeueable deps ti=<TaskInstance: ETL_1.extract_task manual__2024-01-27T22:28:00.690513+00:00 [queued]>
[2024-01-27T22:28:03.827+0000] {taskinstance.py:1103} INFO - Dependencies all met for dep_context=requeueable deps ti=<TaskInstance: ETL_1.extract_task manual__2024-01-27T22:28:00.690513+00:00 [queued]>
[2024-01-27T22:28:03.827+0000] {taskinstance.py:1308} INFO - Starting attempt 1 of 1
[2024-01-27T22:28:03.863+0000] {taskinstance.py:1327} INFO - Executing <Task(BashOperator): extract_task> on 2024-01-27 22:28:00.690513+00:00
[2024-01-27T22:28:03.867+0000] {standard_task_runner.py:57} INFO - Started process 47110 to run task
[2024-01-27T22:28:03.870+0000] {standard_task_runner.py:84} INFO - Running: ['airflow', 'tasks', 'run', 'ETL_1', 'extract_task', 'manual__2024-01-27T22:28:00.690513+00:00', '--job-id', '44', '--raw', '--subdir', 'DAGS_FOLDER/ETL_1.py', '--cfg-path', '/tmp/tmpyuaqd4l0']
[2024-01-27T22:28:03.870+0000] {standard_task_runner.py:85} INFO - Job 44: Subtask extract_task
[2024-01-27T22:28:03.917+0000] {task_command.py:410} INFO - Running <TaskInstance: ETL_1.extract_task manual__2024-01-27T22:28:00.690513+00:00 [running]> on host codespaces-ca3784
[2024-01-27T22:28:04.007+0000] {taskinstance.py:1545} INFO - Exporting env vars: AIRFLOW_CTX_DAG_OWNER='airflow' AIRFLOW_CTX_DAG_ID='ETL_1' AIRFLOW_CTX_TASK_ID='extract_task' AIRFLOW_CTX_EXECUTION_DATE='2024-01-27T22:28:00.690513+00:00' AIRFLOW_CTX_TRY_NUMBER='1' AIRFLOW_CTX_DAG_RUN_ID='manual__2024-01-27T22:28:00.690513+00:00'
[2024-01-27T22:28:04.008+0000] {subprocess.py:63} INFO - Tmp dir root location: /tmp
[2024-01-27T22:28:04.008+0000] {subprocess.py:75} INFO - Running command: ['/usr/bin/bash', '-c', 'wget -c https://data.nasdaq.com/api/v3/datasets/WIKI/FB.json -O /workspaces/hands-on-introduction-data-engineering-4395021/lab/FB_nsdq.json']
[2024-01-27T22:28:04.017+0000] {subprocess.py:86} INFO - Output:
[2024-01-27T22:28:04.021+0000] {subprocess.py:93} INFO - --2024-01-27 22:28:04--  https://data.nasdaq.com/api/v3/datasets/WIKI/FB.json
[2024-01-27T22:28:04.025+0000] {subprocess.py:93} INFO - Resolving data.nasdaq.com (data.nasdaq.com)... 45.60.150.18
[2024-01-27T22:28:04.033+0000] {subprocess.py:93} INFO - Connecting to data.nasdaq.com (data.nasdaq.com)|45.60.150.18|:443... connected.
[2024-01-27T22:28:04.577+0000] {subprocess.py:93} INFO - HTTP request sent, awaiting response... 200 OK
[2024-01-27T22:28:04.577+0000] {subprocess.py:93} INFO - Length: unspecified [application/json]
[2024-01-27T22:28:04.578+0000] {subprocess.py:93} INFO - Saving to: ‘/workspaces/hands-on-introduction-data-engineering-4395021/lab/FB_nsdq.json’
[2024-01-27T22:28:04.578+0000] {subprocess.py:93} INFO - 
[2024-01-27T22:28:04.642+0000] {subprocess.py:93} INFO -      0K .......... .......... .......... .......... ..........  775K
[2024-01-27T22:28:04.706+0000] {subprocess.py:93} INFO -     50K .......... .......... .......... .......... ..........  777K
[2024-01-27T22:28:04.715+0000] {subprocess.py:93} INFO -    100K .......... .......... .......... .........             4.33M=0.1s
[2024-01-27T22:28:04.715+0000] {subprocess.py:93} INFO - 
[2024-01-27T22:28:04.715+0000] {subprocess.py:93} INFO - 2024-01-27 22:28:04 (1010 KB/s) - ‘/workspaces/hands-on-introduction-data-engineering-4395021/lab/FB_nsdq.json’ saved [142404]
[2024-01-27T22:28:04.715+0000] {subprocess.py:93} INFO - 
[2024-01-27T22:28:04.716+0000] {subprocess.py:97} INFO - Command exited with return code 0
[2024-01-27T22:28:04.755+0000] {taskinstance.py:1345} INFO - Marking task as SUCCESS. dag_id=ETL_1, task_id=extract_task, execution_date=20240127T222800, start_date=20240127T222803, end_date=20240127T222804
[2024-01-27T22:28:04.803+0000] {local_task_job_runner.py:225} INFO - Task exited with return code 0
[2024-01-27T22:28:04.820+0000] {taskinstance.py:2653} INFO - 1 downstream tasks scheduled from follow-on schedule check
