[2024-01-27T02:19:36.439+0000] {processor.py:157} INFO - Started process (PID=6838) to work on /usr/local/python/3.10.13/lib/python3.10/site-packages/airflow/example_dags/plugins/event_listener.py
[2024-01-27T02:19:36.440+0000] {processor.py:826} INFO - Processing file /usr/local/python/3.10.13/lib/python3.10/site-packages/airflow/example_dags/plugins/event_listener.py for tasks to queue
[2024-01-27T02:19:36.440+0000] {logging_mixin.py:150} INFO - [2024-01-27T02:19:36.440+0000] {dagbag.py:541} INFO - Filling up the DagBag from /usr/local/python/3.10.13/lib/python3.10/site-packages/airflow/example_dags/plugins/event_listener.py
[2024-01-27T02:19:36.442+0000] {processor.py:838} WARNING - No viable dags retrieved from /usr/local/python/3.10.13/lib/python3.10/site-packages/airflow/example_dags/plugins/event_listener.py
[2024-01-27T02:19:36.449+0000] {processor.py:179} INFO - Processing /usr/local/python/3.10.13/lib/python3.10/site-packages/airflow/example_dags/plugins/event_listener.py took 0.012 seconds
[2024-01-27T02:20:34.320+0000] {processor.py:157} INFO - Started process (PID=7340) to work on /usr/local/python/3.10.13/lib/python3.10/site-packages/airflow/example_dags/plugins/event_listener.py
[2024-01-27T02:20:34.321+0000] {processor.py:826} INFO - Processing file /usr/local/python/3.10.13/lib/python3.10/site-packages/airflow/example_dags/plugins/event_listener.py for tasks to queue
[2024-01-27T02:20:34.322+0000] {logging_mixin.py:150} INFO - [2024-01-27T02:20:34.322+0000] {dagbag.py:541} INFO - Filling up the DagBag from /usr/local/python/3.10.13/lib/python3.10/site-packages/airflow/example_dags/plugins/event_listener.py
[2024-01-27T02:20:34.324+0000] {processor.py:838} WARNING - No viable dags retrieved from /usr/local/python/3.10.13/lib/python3.10/site-packages/airflow/example_dags/plugins/event_listener.py
[2024-01-27T02:20:34.331+0000] {processor.py:179} INFO - Processing /usr/local/python/3.10.13/lib/python3.10/site-packages/airflow/example_dags/plugins/event_listener.py took 0.013 seconds
[2024-01-27T02:21:26.966+0000] {processor.py:157} INFO - Started process (PID=8157) to work on /usr/local/python/3.10.13/lib/python3.10/site-packages/airflow/example_dags/plugins/event_listener.py
[2024-01-27T02:21:26.967+0000] {processor.py:826} INFO - Processing file /usr/local/python/3.10.13/lib/python3.10/site-packages/airflow/example_dags/plugins/event_listener.py for tasks to queue
[2024-01-27T02:21:26.968+0000] {logging_mixin.py:150} INFO - [2024-01-27T02:21:26.968+0000] {dagbag.py:541} INFO - Filling up the DagBag from /usr/local/python/3.10.13/lib/python3.10/site-packages/airflow/example_dags/plugins/event_listener.py
[2024-01-27T02:21:26.970+0000] {processor.py:838} WARNING - No viable dags retrieved from /usr/local/python/3.10.13/lib/python3.10/site-packages/airflow/example_dags/plugins/event_listener.py
[2024-01-27T02:21:26.977+0000] {processor.py:179} INFO - Processing /usr/local/python/3.10.13/lib/python3.10/site-packages/airflow/example_dags/plugins/event_listener.py took 0.013 seconds
[2024-01-27T02:22:07.792+0000] {processor.py:157} INFO - Started process (PID=8484) to work on /usr/local/python/3.10.13/lib/python3.10/site-packages/airflow/example_dags/plugins/event_listener.py
[2024-01-27T02:22:07.793+0000] {processor.py:826} INFO - Processing file /usr/local/python/3.10.13/lib/python3.10/site-packages/airflow/example_dags/plugins/event_listener.py for tasks to queue
[2024-01-27T02:22:07.794+0000] {logging_mixin.py:150} INFO - [2024-01-27T02:22:07.794+0000] {dagbag.py:541} INFO - Filling up the DagBag from /usr/local/python/3.10.13/lib/python3.10/site-packages/airflow/example_dags/plugins/event_listener.py
[2024-01-27T02:22:07.797+0000] {processor.py:838} WARNING - No viable dags retrieved from /usr/local/python/3.10.13/lib/python3.10/site-packages/airflow/example_dags/plugins/event_listener.py
[2024-01-27T02:22:07.808+0000] {processor.py:179} INFO - Processing /usr/local/python/3.10.13/lib/python3.10/site-packages/airflow/example_dags/plugins/event_listener.py took 0.020 seconds
[2024-01-27T02:22:41.910+0000] {processor.py:157} INFO - Started process (PID=8732) to work on /usr/local/python/3.10.13/lib/python3.10/site-packages/airflow/example_dags/plugins/event_listener.py
[2024-01-27T02:22:41.911+0000] {processor.py:826} INFO - Processing file /usr/local/python/3.10.13/lib/python3.10/site-packages/airflow/example_dags/plugins/event_listener.py for tasks to queue
[2024-01-27T02:22:41.911+0000] {logging_mixin.py:150} INFO - [2024-01-27T02:22:41.911+0000] {dagbag.py:541} INFO - Filling up the DagBag from /usr/local/python/3.10.13/lib/python3.10/site-packages/airflow/example_dags/plugins/event_listener.py
[2024-01-27T02:22:41.913+0000] {processor.py:838} WARNING - No viable dags retrieved from /usr/local/python/3.10.13/lib/python3.10/site-packages/airflow/example_dags/plugins/event_listener.py
[2024-01-27T02:22:41.920+0000] {processor.py:179} INFO - Processing /usr/local/python/3.10.13/lib/python3.10/site-packages/airflow/example_dags/plugins/event_listener.py took 0.012 seconds
[2024-01-27T02:23:15.748+0000] {processor.py:157} INFO - Started process (PID=9082) to work on /usr/local/python/3.10.13/lib/python3.10/site-packages/airflow/example_dags/plugins/event_listener.py
[2024-01-27T02:23:15.749+0000] {processor.py:826} INFO - Processing file /usr/local/python/3.10.13/lib/python3.10/site-packages/airflow/example_dags/plugins/event_listener.py for tasks to queue
[2024-01-27T02:23:15.750+0000] {logging_mixin.py:150} INFO - [2024-01-27T02:23:15.749+0000] {dagbag.py:541} INFO - Filling up the DagBag from /usr/local/python/3.10.13/lib/python3.10/site-packages/airflow/example_dags/plugins/event_listener.py
[2024-01-27T02:23:15.751+0000] {processor.py:838} WARNING - No viable dags retrieved from /usr/local/python/3.10.13/lib/python3.10/site-packages/airflow/example_dags/plugins/event_listener.py
[2024-01-27T02:23:15.759+0000] {processor.py:179} INFO - Processing /usr/local/python/3.10.13/lib/python3.10/site-packages/airflow/example_dags/plugins/event_listener.py took 0.013 seconds
[2024-01-27T02:23:49.436+0000] {processor.py:157} INFO - Started process (PID=9381) to work on /usr/local/python/3.10.13/lib/python3.10/site-packages/airflow/example_dags/plugins/event_listener.py
[2024-01-27T02:23:49.436+0000] {processor.py:826} INFO - Processing file /usr/local/python/3.10.13/lib/python3.10/site-packages/airflow/example_dags/plugins/event_listener.py for tasks to queue
[2024-01-27T02:23:49.437+0000] {logging_mixin.py:150} INFO - [2024-01-27T02:23:49.437+0000] {dagbag.py:541} INFO - Filling up the DagBag from /usr/local/python/3.10.13/lib/python3.10/site-packages/airflow/example_dags/plugins/event_listener.py
[2024-01-27T02:23:49.439+0000] {processor.py:838} WARNING - No viable dags retrieved from /usr/local/python/3.10.13/lib/python3.10/site-packages/airflow/example_dags/plugins/event_listener.py
[2024-01-27T02:23:49.446+0000] {processor.py:179} INFO - Processing /usr/local/python/3.10.13/lib/python3.10/site-packages/airflow/example_dags/plugins/event_listener.py took 0.013 seconds
