[2024-01-27T02:19:32.659+0000] {processor.py:157} INFO - Started process (PID=6793) to work on /usr/local/python/3.10.13/lib/python3.10/site-packages/airflow/example_dags/plugins/listener_plugin.py
[2024-01-27T02:19:32.660+0000] {processor.py:826} INFO - Processing file /usr/local/python/3.10.13/lib/python3.10/site-packages/airflow/example_dags/plugins/listener_plugin.py for tasks to queue
[2024-01-27T02:19:32.661+0000] {logging_mixin.py:150} INFO - [2024-01-27T02:19:32.661+0000] {dagbag.py:541} INFO - Filling up the DagBag from /usr/local/python/3.10.13/lib/python3.10/site-packages/airflow/example_dags/plugins/listener_plugin.py
[2024-01-27T02:19:32.664+0000] {processor.py:838} WARNING - No viable dags retrieved from /usr/local/python/3.10.13/lib/python3.10/site-packages/airflow/example_dags/plugins/listener_plugin.py
[2024-01-27T02:19:32.675+0000] {processor.py:179} INFO - Processing /usr/local/python/3.10.13/lib/python3.10/site-packages/airflow/example_dags/plugins/listener_plugin.py took 0.024 seconds
[2024-01-27T02:20:32.428+0000] {processor.py:157} INFO - Started process (PID=7333) to work on /usr/local/python/3.10.13/lib/python3.10/site-packages/airflow/example_dags/plugins/listener_plugin.py
[2024-01-27T02:20:32.428+0000] {processor.py:826} INFO - Processing file /usr/local/python/3.10.13/lib/python3.10/site-packages/airflow/example_dags/plugins/listener_plugin.py for tasks to queue
[2024-01-27T02:20:32.429+0000] {logging_mixin.py:150} INFO - [2024-01-27T02:20:32.429+0000] {dagbag.py:541} INFO - Filling up the DagBag from /usr/local/python/3.10.13/lib/python3.10/site-packages/airflow/example_dags/plugins/listener_plugin.py
[2024-01-27T02:20:32.432+0000] {processor.py:838} WARNING - No viable dags retrieved from /usr/local/python/3.10.13/lib/python3.10/site-packages/airflow/example_dags/plugins/listener_plugin.py
[2024-01-27T02:20:32.442+0000] {processor.py:179} INFO - Processing /usr/local/python/3.10.13/lib/python3.10/site-packages/airflow/example_dags/plugins/listener_plugin.py took 0.016 seconds
[2024-01-27T02:21:24.989+0000] {processor.py:157} INFO - Started process (PID=8148) to work on /usr/local/python/3.10.13/lib/python3.10/site-packages/airflow/example_dags/plugins/listener_plugin.py
[2024-01-27T02:21:24.989+0000] {processor.py:826} INFO - Processing file /usr/local/python/3.10.13/lib/python3.10/site-packages/airflow/example_dags/plugins/listener_plugin.py for tasks to queue
[2024-01-27T02:21:24.990+0000] {logging_mixin.py:150} INFO - [2024-01-27T02:21:24.990+0000] {dagbag.py:541} INFO - Filling up the DagBag from /usr/local/python/3.10.13/lib/python3.10/site-packages/airflow/example_dags/plugins/listener_plugin.py
[2024-01-27T02:21:24.992+0000] {processor.py:838} WARNING - No viable dags retrieved from /usr/local/python/3.10.13/lib/python3.10/site-packages/airflow/example_dags/plugins/listener_plugin.py
[2024-01-27T02:21:24.999+0000] {processor.py:179} INFO - Processing /usr/local/python/3.10.13/lib/python3.10/site-packages/airflow/example_dags/plugins/listener_plugin.py took 0.013 seconds
[2024-01-27T02:22:05.482+0000] {processor.py:157} INFO - Started process (PID=8470) to work on /usr/local/python/3.10.13/lib/python3.10/site-packages/airflow/example_dags/plugins/listener_plugin.py
[2024-01-27T02:22:05.483+0000] {processor.py:826} INFO - Processing file /usr/local/python/3.10.13/lib/python3.10/site-packages/airflow/example_dags/plugins/listener_plugin.py for tasks to queue
[2024-01-27T02:22:05.484+0000] {logging_mixin.py:150} INFO - [2024-01-27T02:22:05.484+0000] {dagbag.py:541} INFO - Filling up the DagBag from /usr/local/python/3.10.13/lib/python3.10/site-packages/airflow/example_dags/plugins/listener_plugin.py
[2024-01-27T02:22:05.486+0000] {processor.py:838} WARNING - No viable dags retrieved from /usr/local/python/3.10.13/lib/python3.10/site-packages/airflow/example_dags/plugins/listener_plugin.py
[2024-01-27T02:22:05.493+0000] {processor.py:179} INFO - Processing /usr/local/python/3.10.13/lib/python3.10/site-packages/airflow/example_dags/plugins/listener_plugin.py took 0.012 seconds
[2024-01-27T02:22:39.433+0000] {processor.py:157} INFO - Started process (PID=8717) to work on /usr/local/python/3.10.13/lib/python3.10/site-packages/airflow/example_dags/plugins/listener_plugin.py
[2024-01-27T02:22:39.433+0000] {processor.py:826} INFO - Processing file /usr/local/python/3.10.13/lib/python3.10/site-packages/airflow/example_dags/plugins/listener_plugin.py for tasks to queue
[2024-01-27T02:22:39.434+0000] {logging_mixin.py:150} INFO - [2024-01-27T02:22:39.434+0000] {dagbag.py:541} INFO - Filling up the DagBag from /usr/local/python/3.10.13/lib/python3.10/site-packages/airflow/example_dags/plugins/listener_plugin.py
[2024-01-27T02:22:39.436+0000] {processor.py:838} WARNING - No viable dags retrieved from /usr/local/python/3.10.13/lib/python3.10/site-packages/airflow/example_dags/plugins/listener_plugin.py
[2024-01-27T02:22:39.512+0000] {processor.py:179} INFO - Processing /usr/local/python/3.10.13/lib/python3.10/site-packages/airflow/example_dags/plugins/listener_plugin.py took 0.081 seconds
[2024-01-27T02:23:13.226+0000] {processor.py:157} INFO - Started process (PID=9055) to work on /usr/local/python/3.10.13/lib/python3.10/site-packages/airflow/example_dags/plugins/listener_plugin.py
[2024-01-27T02:23:13.227+0000] {processor.py:826} INFO - Processing file /usr/local/python/3.10.13/lib/python3.10/site-packages/airflow/example_dags/plugins/listener_plugin.py for tasks to queue
[2024-01-27T02:23:13.228+0000] {logging_mixin.py:150} INFO - [2024-01-27T02:23:13.228+0000] {dagbag.py:541} INFO - Filling up the DagBag from /usr/local/python/3.10.13/lib/python3.10/site-packages/airflow/example_dags/plugins/listener_plugin.py
[2024-01-27T02:23:13.230+0000] {processor.py:838} WARNING - No viable dags retrieved from /usr/local/python/3.10.13/lib/python3.10/site-packages/airflow/example_dags/plugins/listener_plugin.py
[2024-01-27T02:23:13.238+0000] {processor.py:179} INFO - Processing /usr/local/python/3.10.13/lib/python3.10/site-packages/airflow/example_dags/plugins/listener_plugin.py took 0.015 seconds
[2024-01-27T02:23:47.860+0000] {processor.py:157} INFO - Started process (PID=9363) to work on /usr/local/python/3.10.13/lib/python3.10/site-packages/airflow/example_dags/plugins/listener_plugin.py
[2024-01-27T02:23:47.861+0000] {processor.py:826} INFO - Processing file /usr/local/python/3.10.13/lib/python3.10/site-packages/airflow/example_dags/plugins/listener_plugin.py for tasks to queue
[2024-01-27T02:23:47.861+0000] {logging_mixin.py:150} INFO - [2024-01-27T02:23:47.861+0000] {dagbag.py:541} INFO - Filling up the DagBag from /usr/local/python/3.10.13/lib/python3.10/site-packages/airflow/example_dags/plugins/listener_plugin.py
[2024-01-27T02:23:47.863+0000] {processor.py:838} WARNING - No viable dags retrieved from /usr/local/python/3.10.13/lib/python3.10/site-packages/airflow/example_dags/plugins/listener_plugin.py
[2024-01-27T02:23:47.870+0000] {processor.py:179} INFO - Processing /usr/local/python/3.10.13/lib/python3.10/site-packages/airflow/example_dags/plugins/listener_plugin.py took 0.012 seconds
